--------------- Rebuild Started: 08/26/2020 14:53:22 Project: ads1299_spi_adapt.c, Configuration: ARM GCC 5.4-2016-q2-update Debug ---------------
arm-none-eabi-gcc.exe -mcpu=cortex-m0plus -mthumb -I. -IGenerated_Source\PSoC6 -IGenerated_Source\PSoC6\pdl\cmsis/include/ -IGenerated_Source\PSoC6\pdl\devices/psoc6/include/ -IGenerated_Source\PSoC6\pdl\devices/psoc6/include/ip/ -IGenerated_Source\PSoC6\pdl\drivers/peripheral/ -IGenerated_Source\PSoC6\pdl\drivers/peripheral/device/ -IGenerated_Source\PSoC6\pdl\drivers/peripheral/efuse/ -IGenerated_Source\PSoC6\pdl\drivers/peripheral/flash/ -IGenerated_Source\PSoC6\pdl\drivers/peripheral/gpio/ -IGenerated_Source\PSoC6\pdl\drivers/peripheral/ipc/ -IGenerated_Source\PSoC6\pdl\drivers/peripheral/lvd/ -IGenerated_Source\PSoC6\pdl\drivers/peripheral/profile/ -IGenerated_Source\PSoC6\pdl\drivers/peripheral/prot/ -IGenerated_Source\PSoC6\pdl\drivers/peripheral/scb/ -IGenerated_Source\PSoC6\pdl\drivers/peripheral/sysanalog/ -IGenerated_Source\PSoC6\pdl\drivers/peripheral/sysclk/ -IGenerated_Source\PSoC6\pdl\drivers/peripheral/sysint/ -IGenerated_Source\PSoC6\pdl\drivers/peripheral/syslib/ -IGenerated_Source\PSoC6\pdl\drivers/peripheral/syspm/ -IGenerated_Source\PSoC6\pdl\drivers/peripheral/systick/ -IGenerated_Source\PSoC6\pdl\drivers/peripheral/trigmux/ -IGenerated_Source\PSoC6\pdl\drivers/peripheral/wdt/ -IGenerated_Source\PSoC6\pdl\middleware/ -IGenerated_Source\PSoC6\pdl\utilities/ -Wa,-alh=.\CortexM0p\ARM_GCC_541\Debug/ads1299_spi_adapt.lst -g -D DEBUG -D CY_CORE_ID=0 -D CY_PSOC_CREATOR_USED=1 -D CYBLE_416045_02 -Wall -ffunction-sections -ffat-lto-objects -Og -c ads1299_spi_adapt.c -o .\CortexM0p\ARM_GCC_541\Debug\ads1299_spi_adapt.o
ads1299_spi_adapt.c: In function 'spi_read_packet':
ads1299_spi_adapt.c:140:9: warning: implicit declaration of function 'printf' [-Wimplicit-function-declaration]
         printf("data received");
         ^
ads1299_spi_adapt.c:140:9: warning: incompatible implicit declaration of built-in function 'printf'
ads1299_spi_adapt.c:140:9: note: include '<stdio.h>' or provide a declaration of 'printf'
ads1299_spi_adapt.c:133:13: warning: variable 'statusRxBuf' set but not used [-Wunused-but-set-variable]
     uint8_t statusRxBuf[RX_PACKET_SIZE];
             ^
ads1299_spi_adapt.c: In function 'ads1299_send_byte_no_cs':
ads1299_spi_adapt.c:228:5: warning: incompatible implicit declaration of built-in function 'printf'
     printf("%#08x ", errorStatus);   
     ^
ads1299_spi_adapt.c:228:5: note: include '<stdio.h>' or provide a declaration of 'printf'
arm-none-eabi-gcc.exe -mcpu=cortex-m4 -mfloat-abi=softfp -mfpu=fpv4-sp-d16 -mthumb -I. -IGenerated_Source\PSoC6 -IGenerated_Source\PSoC6\pdl\cmsis/include/ -IGenerated_Source\PSoC6\pdl\devices/psoc6/include/ -IGenerated_Source\PSoC6\pdl\devices/psoc6/include/ip/ -IGenerated_Source\PSoC6\pdl\drivers/peripheral/ -IGenerated_Source\PSoC6\pdl\drivers/peripheral/device/ -IGenerated_Source\PSoC6\pdl\drivers/peripheral/efuse/ -IGenerated_Source\PSoC6\pdl\drivers/peripheral/flash/ -IGenerated_Source\PSoC6\pdl\drivers/peripheral/gpio/ -IGenerated_Source\PSoC6\pdl\drivers/peripheral/ipc/ -IGenerated_Source\PSoC6\pdl\drivers/peripheral/lvd/ -IGenerated_Source\PSoC6\pdl\drivers/peripheral/profile/ -IGenerated_Source\PSoC6\pdl\drivers/peripheral/prot/ -IGenerated_Source\PSoC6\pdl\drivers/peripheral/scb/ -IGenerated_Source\PSoC6\pdl\drivers/peripheral/sysanalog/ -IGenerated_Source\PSoC6\pdl\drivers/peripheral/sysclk/ -IGenerated_Source\PSoC6\pdl\drivers/peripheral/sysint/ -IGenerated_Source\PSoC6\pdl\drivers/peripheral/syslib/ -IGenerated_Source\PSoC6\pdl\drivers/peripheral/syspm/ -IGenerated_Source\PSoC6\pdl\drivers/peripheral/systick/ -IGenerated_Source\PSoC6\pdl\drivers/peripheral/trigmux/ -IGenerated_Source\PSoC6\pdl\drivers/peripheral/wdt/ -IGenerated_Source\PSoC6\pdl\middleware/ -IGenerated_Source\PSoC6\pdl\utilities/ -Wa,-alh=.\CortexM4\ARM_GCC_541\Debug/ads1299_spi_adapt.lst -g -D DEBUG -D CY_CORE_ID=0 -D CY_PSOC_CREATOR_USED=1 -D CYBLE_416045_02 -Wall -ffunction-sections -ffat-lto-objects -Og -c ads1299_spi_adapt.c -o .\CortexM4\ARM_GCC_541\Debug\ads1299_spi_adapt.o
ads1299_spi_adapt.c: In function 'spi_read_packet':
ads1299_spi_adapt.c:140:9: warning: implicit declaration of function 'printf' [-Wimplicit-function-declaration]
         printf("data received");
         ^
ads1299_spi_adapt.c:140:9: warning: incompatible implicit declaration of built-in function 'printf'
ads1299_spi_adapt.c:140:9: note: include '<stdio.h>' or provide a declaration of 'printf'
ads1299_spi_adapt.c:133:13: warning: variable 'statusRxBuf' set but not used [-Wunused-but-set-variable]
     uint8_t statusRxBuf[RX_PACKET_SIZE];
             ^
ads1299_spi_adapt.c: In function 'ads1299_send_byte_no_cs':
ads1299_spi_adapt.c:228:5: warning: incompatible implicit declaration of built-in function 'printf'
     printf("%#08x ", errorStatus);   
     ^
ads1299_spi_adapt.c:228:5: note: include '<stdio.h>' or provide a declaration of 'printf'
--------------- Rebuild Succeeded: 08/26/2020 14:53:27 ---------------
