--------------- Build Started: 12/25/2019 00:06:38 Project: EEG_Project_Demo, Configuration: ARM GCC 5.4-2016-q2-update Debug ---------------
The code generation step is up to date.
arm-none-eabi-gcc.exe -mcpu=cortex-m0 -mthumb -I. -IGenerated_Source\PSoC4 -Wa,-alh=.\CortexM0\ARM_GCC_541\Debug/main.lst -g -D DEBUG -D CY_CORE_ID=0 -Wall -ffunction-sections -ffat-lto-objects -Og -c main.c -o .\CortexM0\ARM_GCC_541\Debug\main.o
In file included from ./ads1299.h:50:0,
                 from main.c:16:
./ads1299_spi_adapt.h:32:21: warning: 'spi_is_tx_ready' used but never defined
 static inline uint8 spi_is_tx_ready(volatile uint8_t *spi);
                     ^
./ads1299_spi_adapt.h:33:21: warning: 'spi_is_tx_empty' used but never defined
 static inline uint8 spi_is_tx_empty(volatile uint8_t *spi);
                     ^
arm-none-eabi-gcc.exe -mcpu=cortex-m0 -mthumb -I. -IGenerated_Source\PSoC4 -Wa,-alh=.\CortexM0\ARM_GCC_541\Debug/ads1299.lst -g -D DEBUG -D CY_CORE_ID=0 -Wall -ffunction-sections -ffat-lto-objects -Og -c ads1299.c -o .\CortexM0\ARM_GCC_541\Debug\ads1299.o
In file included from ads1299.h:50:0,
                 from ads1299.c:42:
ads1299_spi_adapt.h:32:21: warning: 'spi_is_tx_ready' used but never defined
 static inline uint8 spi_is_tx_ready(volatile uint8_t *spi);
                     ^
ads1299_spi_adapt.h:33:21: warning: 'spi_is_tx_empty' used but never defined
 static inline uint8 spi_is_tx_empty(volatile uint8_t *spi);
                     ^
ads1299.c: In function 'ads1299_device_init':
ads1299.c:140:1: warning: control reaches end of non-void function [-Wreturn-type]
 }
 ^
ads1299.c: In function 'ads1299_rreg':
ads1299.c:172:1: warning: control reaches end of non-void function [-Wreturn-type]
 }
 ^
ads1299.c: In function 'ads1299_wreg':
ads1299.c:193:1: warning: control reaches end of non-void function [-Wreturn-type]
 }
 ^
arm-none-eabi-gcc.exe -mcpu=cortex-m0 -mthumb -I. -IGenerated_Source\PSoC4 -Wa,-alh=.\CortexM0\ARM_GCC_541\Debug/ads1299_spi_adapt.lst -g -D DEBUG -D CY_CORE_ID=0 -Wall -ffunction-sections -ffat-lto-objects -Og -c ads1299_spi_adapt.c -o .\CortexM0\ARM_GCC_541\Debug\ads1299_spi_adapt.o
arm-none-eabi-ar.exe -rs .\CortexM0\ARM_GCC_541\Debug\EEG_Project_Demo.a .\CortexM0\ARM_GCC_541\Debug\ble.o .\CortexM0\ARM_GCC_541\Debug\ble_gatt.o .\CortexM0\ARM_GCC_541\Debug\ble_eventHandler.o .\CortexM0\ARM_GCC_541\Debug\ble_HAL_INT.o .\CortexM0\ARM_GCC_541\Debug\ble_HAL_PVT.o .\CortexM0\ARM_GCC_541\Debug\ble_custom.o .\CortexM0\ARM_GCC_541\Debug\red.o .\CortexM0\ARM_GCC_541\Debug\red_PM.o .\CortexM0\ARM_GCC_541\Debug\blue.o .\CortexM0\ARM_GCC_541\Debug\blue_PM.o .\CortexM0\ARM_GCC_541\Debug\pwm.o .\CortexM0\ARM_GCC_541\Debug\pwm_PM.o .\CortexM0\ARM_GCC_541\Debug\Clock_1.o .\CortexM0\ARM_GCC_541\Debug\ble_bless_isr.o .\CortexM0\ARM_GCC_541\Debug\cy_em_eeprom.o .\CortexM0\ARM_GCC_541\Debug\CyFlash.o .\CortexM0\ARM_GCC_541\Debug\CyLib.o .\CortexM0\ARM_GCC_541\Debug\cyPm.o .\CortexM0\ARM_GCC_541\Debug\cyutils.o .\CortexM0\ARM_GCC_541\Debug\CyDMA.o .\CortexM0\ARM_GCC_541\Debug\CyLFClk.o .\CortexM0\ARM_GCC_541\Debug\spi.o .\CortexM0\ARM_GCC_541\Debug\spi_PM.o .\CortexM0\ARM_GCC_541\Debug\spi_INT.o .\CortexM0\ARM_GCC_541\Debug\Clock_2.o .\CortexM0\ARM_GCC_541\Debug\Pin_SS.o .\CortexM0\ARM_GCC_541\Debug\Pin_SS_PM.o .\CortexM0\ARM_GCC_541\Debug\Pin_SCLK.o .\CortexM0\ARM_GCC_541\Debug\Pin_SCLK_PM.o .\CortexM0\ARM_GCC_541\Debug\Pin_MOSI.o .\CortexM0\ARM_GCC_541\Debug\Pin_MOSI_PM.o .\CortexM0\ARM_GCC_541\Debug\Pin_MISO.o .\CortexM0\ARM_GCC_541\Debug\Pin_MISO_PM.o .\CortexM0\ARM_GCC_541\Debug\CyBootAsmGnu.o
arm-none-eabi-ar.exe: creating .\CortexM0\ARM_GCC_541\Debug\EEG_Project_Demo.a
arm-none-eabi-gcc.exe -Wl,--start-group -o "C:\Users\dmr85\Documents\PSoC Creator\EEG_Workspace\EEGfirmware\EEG_Project_Demo.cydsn\CortexM0\ARM_GCC_541\Debug\EEG_Project_Demo.elf" .\CortexM0\ARM_GCC_541\Debug\main.o .\CortexM0\ARM_GCC_541\Debug\ads1299.o .\CortexM0\ARM_GCC_541\Debug\ads1299_spi_adapt.o .\CortexM0\ARM_GCC_541\Debug\cyfitter_cfg.o .\CortexM0\ARM_GCC_541\Debug\cymetadata.o .\CortexM0\ARM_GCC_541\Debug\Cm0Start.o .\CortexM0\ARM_GCC_541\Debug\EEG_Project_Demo.a "C:\Program Files (x86)\Cypress\PSoC Creator\4.2\PSoC Creator\psoc\content\CyComponentLibrary\CyComponentLibrary.cylib\BLE_v3_50\Library\gccCyBLEStack_BLE_SOC_PERIPHERAL.a" -mcpu=cortex-m0 -mthumb -L Generated_Source\PSoC4 -Wl,-Map,.\CortexM0\ARM_GCC_541\Debug/EEG_Project_Demo.map -T Generated_Source\PSoC4\cm0gcc.ld -specs=nano.specs -Wl,--gc-sections -g -ffunction-sections -Og -ffat-lto-objects -Wl,--end-group
cyelftool.exe -C "C:\Users\dmr85\Documents\PSoC Creator\EEG_Workspace\EEGfirmware\EEG_Project_Demo.cydsn\CortexM0\ARM_GCC_541\Debug\EEG_Project_Demo.elf" --flash_row_size 256 --flash_size 262144 --flash_offset 0x00000000
No ELF section .cychecksum found, creating one
Application checksum calculated and stored in ELF section .cychecksum
Checksum calculated and stored in ELF section .cymeta
cyelftool.exe -S "C:\Users\dmr85\Documents\PSoC Creator\EEG_Workspace\EEGfirmware\EEG_Project_Demo.cydsn\CortexM0\ARM_GCC_541\Debug\EEG_Project_Demo.elf"
Flash used: 99212 of 262144 bytes (37.8%).
SRAM used: 11640 of 32768 bytes (35.5%). Stack: 2048 bytes. Heap: 128 bytes.
--------------- Build Succeeded: 12/25/2019 00:06:41 ---------------
