ARM GAS  C:\Users\dmr85\AppData\Local\Temp\ccE7g1ni.s 			page 1


   1              		.syntax unified
   2              		.cpu cortex-m4
   3              		.eabi_attribute 27, 1
   4              		.fpu fpv4-sp-d16
   5              		.eabi_attribute 20, 1
   6              		.eabi_attribute 21, 1
   7              		.eabi_attribute 23, 3
   8              		.eabi_attribute 24, 1
   9              		.eabi_attribute 25, 1
  10              		.eabi_attribute 26, 1
  11              		.eabi_attribute 30, 1
  12              		.eabi_attribute 34, 1
  13              		.eabi_attribute 18, 4
  14              		.thumb
  15              		.syntax unified
  16              		.file	"retarget.c"
  17              		.text
  18              	.Ltext0:
  19              		.cfi_sections	.debug_frame
  20              		.syntax unified
  21              		.global _printf_float
  22              		.global _scanf_float
  23              		.thumb
  24              		.syntax unified
  25              		.section	.text._write,"ax",%progbits
  26              		.align	2
  27              		.weak	_write
  28              		.thumb
  29              		.thumb_func
  30              		.type	_write, %function
  31              	_write:
  32              	.LFB522:
  33              		.file 1 "Generated_Source\\PSoC6\\pdl\\utilities\\retarget_io\\retarget.c"
   1:Generated_Source\PSoC6\pdl\utilities\retarget_io/retarget.c **** /***************************************************************************//**
   2:Generated_Source\PSoC6\pdl\utilities\retarget_io/retarget.c **** * \file retarget.c
   3:Generated_Source\PSoC6\pdl\utilities\retarget_io/retarget.c **** * \version 1.20
   4:Generated_Source\PSoC6\pdl\utilities\retarget_io/retarget.c **** *
   5:Generated_Source\PSoC6\pdl\utilities\retarget_io/retarget.c **** * \brief
   6:Generated_Source\PSoC6\pdl\utilities\retarget_io/retarget.c **** * 'Retarget' layer for target-dependent low level function.
   7:Generated_Source\PSoC6\pdl\utilities\retarget_io/retarget.c **** *
   8:Generated_Source\PSoC6\pdl\utilities\retarget_io/retarget.c **** ********************************************************************************
   9:Generated_Source\PSoC6\pdl\utilities\retarget_io/retarget.c **** * \copyright
  10:Generated_Source\PSoC6\pdl\utilities\retarget_io/retarget.c **** * Copyright 2016-2018, Cypress Semiconductor Corporation. All rights reserved.
  11:Generated_Source\PSoC6\pdl\utilities\retarget_io/retarget.c **** * You may use this file only in accordance with the license, terms, conditions,
  12:Generated_Source\PSoC6\pdl\utilities\retarget_io/retarget.c **** * disclaimers, and limitations in the end user license agreement accompanying
  13:Generated_Source\PSoC6\pdl\utilities\retarget_io/retarget.c **** * the software package with which this file was provided.
  14:Generated_Source\PSoC6\pdl\utilities\retarget_io/retarget.c **** *******************************************************************************/
  15:Generated_Source\PSoC6\pdl\utilities\retarget_io/retarget.c **** 
  16:Generated_Source\PSoC6\pdl\utilities\retarget_io/retarget.c **** #include <stdio.h>
  17:Generated_Source\PSoC6\pdl\utilities\retarget_io/retarget.c **** #include "stdio_user.h"
  18:Generated_Source\PSoC6\pdl\utilities\retarget_io/retarget.c **** 
  19:Generated_Source\PSoC6\pdl\utilities\retarget_io/retarget.c **** #if defined(__cplusplus)
  20:Generated_Source\PSoC6\pdl\utilities\retarget_io/retarget.c **** extern "C" {
  21:Generated_Source\PSoC6\pdl\utilities\retarget_io/retarget.c **** #endif
  22:Generated_Source\PSoC6\pdl\utilities\retarget_io/retarget.c **** 
  23:Generated_Source\PSoC6\pdl\utilities\retarget_io/retarget.c **** #ifdef IO_STDOUT_ENABLE
  24:Generated_Source\PSoC6\pdl\utilities\retarget_io/retarget.c **** 
ARM GAS  C:\Users\dmr85\AppData\Local\Temp\ccE7g1ni.s 			page 2


  25:Generated_Source\PSoC6\pdl\utilities\retarget_io/retarget.c **** #if defined(__ARMCC_VERSION) /* ARM-MDK */
  26:Generated_Source\PSoC6\pdl\utilities\retarget_io/retarget.c ****     /***************************************************************************
  27:Generated_Source\PSoC6\pdl\utilities\retarget_io/retarget.c ****     * Function Name: fputc
  28:Generated_Source\PSoC6\pdl\utilities\retarget_io/retarget.c ****     ***************************************************************************/
  29:Generated_Source\PSoC6\pdl\utilities\retarget_io/retarget.c ****     __attribute__((weak)) int fputc(int ch, FILE *f)
  30:Generated_Source\PSoC6\pdl\utilities\retarget_io/retarget.c ****     {
  31:Generated_Source\PSoC6\pdl\utilities\retarget_io/retarget.c ****         (void)f;
  32:Generated_Source\PSoC6\pdl\utilities\retarget_io/retarget.c ****     #if (STDOUT_CR_LF != 0)
  33:Generated_Source\PSoC6\pdl\utilities\retarget_io/retarget.c ****         if ((char)ch == '\n')
  34:Generated_Source\PSoC6\pdl\utilities\retarget_io/retarget.c ****         {
  35:Generated_Source\PSoC6\pdl\utilities\retarget_io/retarget.c ****             STDIO_PutChar('\r');
  36:Generated_Source\PSoC6\pdl\utilities\retarget_io/retarget.c ****         }
  37:Generated_Source\PSoC6\pdl\utilities\retarget_io/retarget.c ****     #endif /* STDOUT_CR_LF != 0 */
  38:Generated_Source\PSoC6\pdl\utilities\retarget_io/retarget.c ****         STDIO_PutChar(ch);
  39:Generated_Source\PSoC6\pdl\utilities\retarget_io/retarget.c ****         return (ch);
  40:Generated_Source\PSoC6\pdl\utilities\retarget_io/retarget.c ****     }
  41:Generated_Source\PSoC6\pdl\utilities\retarget_io/retarget.c **** #elif defined (__ICCARM__) /* IAR */
  42:Generated_Source\PSoC6\pdl\utilities\retarget_io/retarget.c ****     #include <yfuns.h>
  43:Generated_Source\PSoC6\pdl\utilities\retarget_io/retarget.c **** 
  44:Generated_Source\PSoC6\pdl\utilities\retarget_io/retarget.c ****     /***************************************************************************
  45:Generated_Source\PSoC6\pdl\utilities\retarget_io/retarget.c ****     * Function Name: __write
  46:Generated_Source\PSoC6\pdl\utilities\retarget_io/retarget.c ****     ***************************************************************************/
  47:Generated_Source\PSoC6\pdl\utilities\retarget_io/retarget.c ****     __weak size_t __write(int handle, const unsigned char * buffer, size_t size)
  48:Generated_Source\PSoC6\pdl\utilities\retarget_io/retarget.c ****     {
  49:Generated_Source\PSoC6\pdl\utilities\retarget_io/retarget.c ****         size_t nChars = 0;
  50:Generated_Source\PSoC6\pdl\utilities\retarget_io/retarget.c ****         /* This template only writes to "standard out", for all other file
  51:Generated_Source\PSoC6\pdl\utilities\retarget_io/retarget.c ****         * handles it returns failure. */
  52:Generated_Source\PSoC6\pdl\utilities\retarget_io/retarget.c ****         if (handle != _LLIO_STDOUT)
  53:Generated_Source\PSoC6\pdl\utilities\retarget_io/retarget.c ****         {
  54:Generated_Source\PSoC6\pdl\utilities\retarget_io/retarget.c ****             return (_LLIO_ERROR);
  55:Generated_Source\PSoC6\pdl\utilities\retarget_io/retarget.c ****         }
  56:Generated_Source\PSoC6\pdl\utilities\retarget_io/retarget.c ****         if (buffer != NULL)
  57:Generated_Source\PSoC6\pdl\utilities\retarget_io/retarget.c ****         {
  58:Generated_Source\PSoC6\pdl\utilities\retarget_io/retarget.c ****             for (/* Empty */; nChars < size; ++nChars)
  59:Generated_Source\PSoC6\pdl\utilities\retarget_io/retarget.c ****             {
  60:Generated_Source\PSoC6\pdl\utilities\retarget_io/retarget.c ****             #if (STDOUT_CR_LF != 0)
  61:Generated_Source\PSoC6\pdl\utilities\retarget_io/retarget.c ****                 if(*buffer == '\n')
  62:Generated_Source\PSoC6\pdl\utilities\retarget_io/retarget.c ****                 {
  63:Generated_Source\PSoC6\pdl\utilities\retarget_io/retarget.c ****                     STDIO_PutChar('\r');
  64:Generated_Source\PSoC6\pdl\utilities\retarget_io/retarget.c ****                 }
  65:Generated_Source\PSoC6\pdl\utilities\retarget_io/retarget.c ****             #endif /* STDOUT_CR_LF != 0 */
  66:Generated_Source\PSoC6\pdl\utilities\retarget_io/retarget.c ****                 STDIO_PutChar(*buffer);
  67:Generated_Source\PSoC6\pdl\utilities\retarget_io/retarget.c ****                 ++buffer;
  68:Generated_Source\PSoC6\pdl\utilities\retarget_io/retarget.c ****             }
  69:Generated_Source\PSoC6\pdl\utilities\retarget_io/retarget.c ****         }
  70:Generated_Source\PSoC6\pdl\utilities\retarget_io/retarget.c ****         return (nChars);
  71:Generated_Source\PSoC6\pdl\utilities\retarget_io/retarget.c ****     }
  72:Generated_Source\PSoC6\pdl\utilities\retarget_io/retarget.c **** #else /* (__GNUC__)  GCC */    
  73:Generated_Source\PSoC6\pdl\utilities\retarget_io/retarget.c ****     /* Add an explicit reference to the floating point printf library to allow
  74:Generated_Source\PSoC6\pdl\utilities\retarget_io/retarget.c ****     the usage of floating point conversion specifier. */
  75:Generated_Source\PSoC6\pdl\utilities\retarget_io/retarget.c ****     __asm (".global _printf_float");
  76:Generated_Source\PSoC6\pdl\utilities\retarget_io/retarget.c ****     /***************************************************************************
  77:Generated_Source\PSoC6\pdl\utilities\retarget_io/retarget.c ****     * Function Name: _write
  78:Generated_Source\PSoC6\pdl\utilities\retarget_io/retarget.c ****     ***************************************************************************/
  79:Generated_Source\PSoC6\pdl\utilities\retarget_io/retarget.c ****     __attribute__((weak)) int _write (int fd, const char *ptr, int len)
  80:Generated_Source\PSoC6\pdl\utilities\retarget_io/retarget.c ****     {
  34              		.loc 1 80 0
ARM GAS  C:\Users\dmr85\AppData\Local\Temp\ccE7g1ni.s 			page 3


  35              		.cfi_startproc
  36              		@ args = 0, pretend = 0, frame = 0
  37              		@ frame_needed = 0, uses_anonymous_args = 0
  38              	.LVL0:
  39 0000 70B5     		push	{r4, r5, r6, lr}
  40              		.cfi_def_cfa_offset 16
  41              		.cfi_offset 4, -16
  42              		.cfi_offset 5, -12
  43              		.cfi_offset 6, -8
  44              		.cfi_offset 14, -4
  45              	.LVL1:
  81:Generated_Source\PSoC6\pdl\utilities\retarget_io/retarget.c ****         int nChars = 0;
  82:Generated_Source\PSoC6\pdl\utilities\retarget_io/retarget.c ****         (void)fd;
  83:Generated_Source\PSoC6\pdl\utilities\retarget_io/retarget.c ****         if (ptr != NULL)
  46              		.loc 1 83 0
  47 0002 39B9     		cbnz	r1, .L5
  81:Generated_Source\PSoC6\pdl\utilities\retarget_io/retarget.c ****         int nChars = 0;
  48              		.loc 1 81 0
  49 0004 0024     		movs	r4, #0
  50 0006 0AE0     		b	.L3
  51              	.LVL2:
  52              	.L4:
  84:Generated_Source\PSoC6\pdl\utilities\retarget_io/retarget.c ****         {
  85:Generated_Source\PSoC6\pdl\utilities\retarget_io/retarget.c ****             for (/* Empty */; nChars < len; ++nChars)
  86:Generated_Source\PSoC6\pdl\utilities\retarget_io/retarget.c ****             {
  87:Generated_Source\PSoC6\pdl\utilities\retarget_io/retarget.c ****             #if (STDOUT_CR_LF != 0)
  88:Generated_Source\PSoC6\pdl\utilities\retarget_io/retarget.c ****                 if(*ptr == '\n')
  89:Generated_Source\PSoC6\pdl\utilities\retarget_io/retarget.c ****                 {
  90:Generated_Source\PSoC6\pdl\utilities\retarget_io/retarget.c ****                     STDIO_PutChar('\r');
  91:Generated_Source\PSoC6\pdl\utilities\retarget_io/retarget.c ****                 }
  92:Generated_Source\PSoC6\pdl\utilities\retarget_io/retarget.c ****             #endif /* STDOUT_CR_LF != 0 */
  93:Generated_Source\PSoC6\pdl\utilities\retarget_io/retarget.c ****                 STDIO_PutChar((uint32_t)*ptr);
  53              		.loc 1 93 0 discriminator 2
  54 0008 15F8010B 		ldrb	r0, [r5], #1	@ zero_extendqisi2
  55              	.LVL3:
  56 000c FFF7FEFF 		bl	STDIO_PutChar
  57              	.LVL4:
  85:Generated_Source\PSoC6\pdl\utilities\retarget_io/retarget.c ****             {
  58              		.loc 1 85 0 discriminator 2
  59 0010 0134     		adds	r4, r4, #1
  60              	.LVL5:
  61 0012 02E0     		b	.L2
  62              	.LVL6:
  63              	.L5:
  64 0014 1646     		mov	r6, r2
  65 0016 0D46     		mov	r5, r1
  66 0018 0024     		movs	r4, #0
  67              	.LVL7:
  68              	.L2:
  85:Generated_Source\PSoC6\pdl\utilities\retarget_io/retarget.c ****             {
  69              		.loc 1 85 0 is_stmt 0 discriminator 1
  70 001a B442     		cmp	r4, r6
  71 001c F4DB     		blt	.L4
  72              	.LVL8:
  73              	.L3:
  94:Generated_Source\PSoC6\pdl\utilities\retarget_io/retarget.c ****                 ++ptr;
  95:Generated_Source\PSoC6\pdl\utilities\retarget_io/retarget.c ****             }
ARM GAS  C:\Users\dmr85\AppData\Local\Temp\ccE7g1ni.s 			page 4


  96:Generated_Source\PSoC6\pdl\utilities\retarget_io/retarget.c ****         }
  97:Generated_Source\PSoC6\pdl\utilities\retarget_io/retarget.c ****         return (nChars);
  98:Generated_Source\PSoC6\pdl\utilities\retarget_io/retarget.c ****     }
  74              		.loc 1 98 0 is_stmt 1
  75 001e 2046     		mov	r0, r4
  76 0020 70BD     		pop	{r4, r5, r6, pc}
  77              		.cfi_endproc
  78              	.LFE522:
  79              		.size	_write, .-_write
  80 0022 00BF     		.section	.text._read,"ax",%progbits
  81              		.align	2
  82              		.weak	_read
  83              		.thumb
  84              		.thumb_func
  85              		.type	_read, %function
  86              	_read:
  87              	.LFB523:
  99:Generated_Source\PSoC6\pdl\utilities\retarget_io/retarget.c **** #endif
 100:Generated_Source\PSoC6\pdl\utilities\retarget_io/retarget.c **** 
 101:Generated_Source\PSoC6\pdl\utilities\retarget_io/retarget.c **** #endif /* IO_STDOUT_ENABLE */
 102:Generated_Source\PSoC6\pdl\utilities\retarget_io/retarget.c **** 
 103:Generated_Source\PSoC6\pdl\utilities\retarget_io/retarget.c **** #if defined(IO_STDIN_ENABLE)
 104:Generated_Source\PSoC6\pdl\utilities\retarget_io/retarget.c **** 
 105:Generated_Source\PSoC6\pdl\utilities\retarget_io/retarget.c **** #if defined(__ARMCC_VERSION) /* ARM-MDK */
 106:Generated_Source\PSoC6\pdl\utilities\retarget_io/retarget.c ****     /***************************************************************************
 107:Generated_Source\PSoC6\pdl\utilities\retarget_io/retarget.c ****     * Function Name: fgetc
 108:Generated_Source\PSoC6\pdl\utilities\retarget_io/retarget.c ****     ***************************************************************************/
 109:Generated_Source\PSoC6\pdl\utilities\retarget_io/retarget.c ****     __attribute__((weak)) int fgetc(FILE *f) 
 110:Generated_Source\PSoC6\pdl\utilities\retarget_io/retarget.c ****     {
 111:Generated_Source\PSoC6\pdl\utilities\retarget_io/retarget.c ****         (void)f;
 112:Generated_Source\PSoC6\pdl\utilities\retarget_io/retarget.c ****         return (STDIO_GetChar());
 113:Generated_Source\PSoC6\pdl\utilities\retarget_io/retarget.c ****     }
 114:Generated_Source\PSoC6\pdl\utilities\retarget_io/retarget.c **** #elif defined (__ICCARM__) /* IAR */
 115:Generated_Source\PSoC6\pdl\utilities\retarget_io/retarget.c ****     __weak size_t __read(int handle, unsigned char * buffer, size_t size)
 116:Generated_Source\PSoC6\pdl\utilities\retarget_io/retarget.c ****     {
 117:Generated_Source\PSoC6\pdl\utilities\retarget_io/retarget.c ****         /* This template only reads from "standard in", for all other file
 118:Generated_Source\PSoC6\pdl\utilities\retarget_io/retarget.c ****         handles it returns failure. */
 119:Generated_Source\PSoC6\pdl\utilities\retarget_io/retarget.c ****         if ((handle != _LLIO_STDIN) || (buffer == NULL))
 120:Generated_Source\PSoC6\pdl\utilities\retarget_io/retarget.c ****         {
 121:Generated_Source\PSoC6\pdl\utilities\retarget_io/retarget.c ****             return (_LLIO_ERROR);
 122:Generated_Source\PSoC6\pdl\utilities\retarget_io/retarget.c ****         }
 123:Generated_Source\PSoC6\pdl\utilities\retarget_io/retarget.c ****         else
 124:Generated_Source\PSoC6\pdl\utilities\retarget_io/retarget.c ****         {
 125:Generated_Source\PSoC6\pdl\utilities\retarget_io/retarget.c ****             *buffer = STDIO_GetChar();
 126:Generated_Source\PSoC6\pdl\utilities\retarget_io/retarget.c ****             return (1);
 127:Generated_Source\PSoC6\pdl\utilities\retarget_io/retarget.c ****         }
 128:Generated_Source\PSoC6\pdl\utilities\retarget_io/retarget.c ****     }
 129:Generated_Source\PSoC6\pdl\utilities\retarget_io/retarget.c **** #else /* (__GNUC__)  GCC */
 130:Generated_Source\PSoC6\pdl\utilities\retarget_io/retarget.c ****     /* Add an explicit reference to the floating point scanf library to allow
 131:Generated_Source\PSoC6\pdl\utilities\retarget_io/retarget.c ****     the usage of floating point conversion specifier. */
 132:Generated_Source\PSoC6\pdl\utilities\retarget_io/retarget.c ****     __asm (".global _scanf_float");
 133:Generated_Source\PSoC6\pdl\utilities\retarget_io/retarget.c ****     __attribute__((weak)) int _read (int fd, char *ptr, int len)
 134:Generated_Source\PSoC6\pdl\utilities\retarget_io/retarget.c ****     {
  88              		.loc 1 134 0
  89              		.cfi_startproc
  90              		@ args = 0, pretend = 0, frame = 0
  91              		@ frame_needed = 0, uses_anonymous_args = 0
ARM GAS  C:\Users\dmr85\AppData\Local\Temp\ccE7g1ni.s 			page 5


  92              	.LVL9:
  93 0000 70B5     		push	{r4, r5, r6, lr}
  94              		.cfi_def_cfa_offset 16
  95              		.cfi_offset 4, -16
  96              		.cfi_offset 5, -12
  97              		.cfi_offset 6, -8
  98              		.cfi_offset 14, -4
  99              	.LVL10:
 135:Generated_Source\PSoC6\pdl\utilities\retarget_io/retarget.c ****         int nChars = 0;
 136:Generated_Source\PSoC6\pdl\utilities\retarget_io/retarget.c ****         (void)fd;
 137:Generated_Source\PSoC6\pdl\utilities\retarget_io/retarget.c ****         if (ptr != NULL)
 100              		.loc 1 137 0
 101 0002 61B9     		cbnz	r1, .L11
 135:Generated_Source\PSoC6\pdl\utilities\retarget_io/retarget.c ****         int nChars = 0;
 102              		.loc 1 135 0
 103 0004 0024     		movs	r4, #0
 104 0006 0FE0     		b	.L9
 105              	.LVL11:
 106              	.L10:
 138:Generated_Source\PSoC6\pdl\utilities\retarget_io/retarget.c ****         {
 139:Generated_Source\PSoC6\pdl\utilities\retarget_io/retarget.c ****             for(/* Empty */;nChars < len;++ptr)
 140:Generated_Source\PSoC6\pdl\utilities\retarget_io/retarget.c ****             {
 141:Generated_Source\PSoC6\pdl\utilities\retarget_io/retarget.c ****                 *ptr = (char)STDIO_GetChar();
 107              		.loc 1 141 0
 108 0008 FFF7FEFF 		bl	STDIO_GetChar
 109              	.LVL12:
 110 000c C0B2     		uxtb	r0, r0
 111 000e 2870     		strb	r0, [r5]
 142:Generated_Source\PSoC6\pdl\utilities\retarget_io/retarget.c ****                 ++nChars;
 112              		.loc 1 142 0
 113 0010 0134     		adds	r4, r4, #1
 114              	.LVL13:
 143:Generated_Source\PSoC6\pdl\utilities\retarget_io/retarget.c ****                 if((*ptr == '\n') || (*ptr == '\r'))
 115              		.loc 1 143 0
 116 0012 0A28     		cmp	r0, #10
 117 0014 08D0     		beq	.L9
 118              		.loc 1 143 0 is_stmt 0 discriminator 1
 119 0016 0D28     		cmp	r0, #13
 120 0018 06D0     		beq	.L9
 139:Generated_Source\PSoC6\pdl\utilities\retarget_io/retarget.c ****             {
 121              		.loc 1 139 0 is_stmt 1
 122 001a 0135     		adds	r5, r5, #1
 123              	.LVL14:
 124 001c 02E0     		b	.L8
 125              	.LVL15:
 126              	.L11:
 127 001e 1646     		mov	r6, r2
 128 0020 0D46     		mov	r5, r1
 129 0022 0024     		movs	r4, #0
 130              	.LVL16:
 131              	.L8:
 139:Generated_Source\PSoC6\pdl\utilities\retarget_io/retarget.c ****             {
 132              		.loc 1 139 0 is_stmt 0 discriminator 1
 133 0024 B442     		cmp	r4, r6
 134 0026 EFDB     		blt	.L10
 135              	.LVL17:
 136              	.L9:
ARM GAS  C:\Users\dmr85\AppData\Local\Temp\ccE7g1ni.s 			page 6


 144:Generated_Source\PSoC6\pdl\utilities\retarget_io/retarget.c ****                 {
 145:Generated_Source\PSoC6\pdl\utilities\retarget_io/retarget.c ****                     break;
 146:Generated_Source\PSoC6\pdl\utilities\retarget_io/retarget.c ****                 }
 147:Generated_Source\PSoC6\pdl\utilities\retarget_io/retarget.c ****             }
 148:Generated_Source\PSoC6\pdl\utilities\retarget_io/retarget.c ****         }
 149:Generated_Source\PSoC6\pdl\utilities\retarget_io/retarget.c ****         return (nChars);
 150:Generated_Source\PSoC6\pdl\utilities\retarget_io/retarget.c ****     }
 137              		.loc 1 150 0 is_stmt 1
 138 0028 2046     		mov	r0, r4
 139 002a 70BD     		pop	{r4, r5, r6, pc}
 140              		.cfi_endproc
 141              	.LFE523:
 142              		.size	_read, .-_read
 143              		.text
 144              	.Letext0:
 145              		.file 2 "c:\\program files (x86)\\cypress\\psoc creator\\4.2\\psoc creator\\import\\gnu\\arm\\5.4.
 146              		.file 3 "c:\\program files (x86)\\cypress\\psoc creator\\4.2\\psoc creator\\import\\gnu\\arm\\5.4.
 147              		.file 4 "Generated_Source\\PSoC6\\pdl\\drivers/peripheral/device/cy_device.h"
 148              		.file 5 "Generated_Source\\PSoC6\\pdl\\drivers/peripheral/scb/cy_scb_spi.h"
 149              		.file 6 "Generated_Source\\PSoC6\\pdl\\drivers/peripheral/scb/cy_scb_uart.h"
 150              		.file 7 "Generated_Source\\PSoC6\\pdl\\cmsis/include/core_cm4.h"
 151              		.file 8 "Generated_Source\\PSoC6/SPI.h"
 152              		.file 9 "Generated_Source\\PSoC6/UART.h"
 153              		.file 10 "./stdio_user.h"
 154              		.section	.debug_info,"",%progbits
 155              	.Ldebug_info0:
 156 0000 CB070000 		.4byte	0x7cb
 157 0004 0400     		.2byte	0x4
 158 0006 00000000 		.4byte	.Ldebug_abbrev0
 159 000a 04       		.byte	0x4
 160 000b 01       		.uleb128 0x1
 161 000c 4B050000 		.4byte	.LASF143
 162 0010 0C       		.byte	0xc
 163 0011 B0080000 		.4byte	.LASF144
 164 0015 B3060000 		.4byte	.LASF145
 165 0019 00000000 		.4byte	.Ldebug_ranges0+0
 166 001d 00000000 		.4byte	0
 167 0021 00000000 		.4byte	.Ldebug_line0
 168 0025 02       		.uleb128 0x2
 169 0026 01       		.byte	0x1
 170 0027 06       		.byte	0x6
 171 0028 7A010000 		.4byte	.LASF0
 172 002c 03       		.uleb128 0x3
 173 002d 94000000 		.4byte	.LASF2
 174 0031 02       		.byte	0x2
 175 0032 1D       		.byte	0x1d
 176 0033 37000000 		.4byte	0x37
 177 0037 02       		.uleb128 0x2
 178 0038 01       		.byte	0x1
 179 0039 08       		.byte	0x8
 180 003a 68060000 		.4byte	.LASF1
 181 003e 03       		.uleb128 0x3
 182 003f D2020000 		.4byte	.LASF3
 183 0043 02       		.byte	0x2
 184 0044 29       		.byte	0x29
 185 0045 49000000 		.4byte	0x49
 186 0049 02       		.uleb128 0x2
ARM GAS  C:\Users\dmr85\AppData\Local\Temp\ccE7g1ni.s 			page 7


 187 004a 02       		.byte	0x2
 188 004b 05       		.byte	0x5
 189 004c 8A060000 		.4byte	.LASF4
 190 0050 03       		.uleb128 0x3
 191 0051 60070000 		.4byte	.LASF5
 192 0055 02       		.byte	0x2
 193 0056 2B       		.byte	0x2b
 194 0057 5B000000 		.4byte	0x5b
 195 005b 02       		.uleb128 0x2
 196 005c 02       		.byte	0x2
 197 005d 07       		.byte	0x7
 198 005e B5070000 		.4byte	.LASF6
 199 0062 03       		.uleb128 0x3
 200 0063 7E070000 		.4byte	.LASF7
 201 0067 02       		.byte	0x2
 202 0068 3F       		.byte	0x3f
 203 0069 6D000000 		.4byte	0x6d
 204 006d 02       		.uleb128 0x2
 205 006e 04       		.byte	0x4
 206 006f 05       		.byte	0x5
 207 0070 20020000 		.4byte	.LASF8
 208 0074 03       		.uleb128 0x3
 209 0075 B7020000 		.4byte	.LASF9
 210 0079 02       		.byte	0x2
 211 007a 41       		.byte	0x41
 212 007b 7F000000 		.4byte	0x7f
 213 007f 02       		.uleb128 0x2
 214 0080 04       		.byte	0x4
 215 0081 07       		.byte	0x7
 216 0082 66030000 		.4byte	.LASF10
 217 0086 02       		.uleb128 0x2
 218 0087 08       		.byte	0x8
 219 0088 05       		.byte	0x5
 220 0089 6C010000 		.4byte	.LASF11
 221 008d 02       		.uleb128 0x2
 222 008e 08       		.byte	0x8
 223 008f 07       		.byte	0x7
 224 0090 E3000000 		.4byte	.LASF12
 225 0094 04       		.uleb128 0x4
 226 0095 04       		.byte	0x4
 227 0096 05       		.byte	0x5
 228 0097 696E7400 		.ascii	"int\000"
 229 009b 02       		.uleb128 0x2
 230 009c 04       		.byte	0x4
 231 009d 07       		.byte	0x7
 232 009e 2A030000 		.4byte	.LASF13
 233 00a2 02       		.uleb128 0x2
 234 00a3 08       		.byte	0x8
 235 00a4 04       		.byte	0x4
 236 00a5 35070000 		.4byte	.LASF14
 237 00a9 05       		.uleb128 0x5
 238 00aa 04       		.byte	0x4
 239 00ab 02       		.uleb128 0x2
 240 00ac 04       		.byte	0x4
 241 00ad 07       		.byte	0x7
 242 00ae B6040000 		.4byte	.LASF15
 243 00b2 06       		.uleb128 0x6
ARM GAS  C:\Users\dmr85\AppData\Local\Temp\ccE7g1ni.s 			page 8


 244 00b3 04       		.byte	0x4
 245 00b4 B8000000 		.4byte	0xb8
 246 00b8 02       		.uleb128 0x2
 247 00b9 01       		.byte	0x1
 248 00ba 08       		.byte	0x8
 249 00bb 41070000 		.4byte	.LASF16
 250 00bf 06       		.uleb128 0x6
 251 00c0 04       		.byte	0x4
 252 00c1 C5000000 		.4byte	0xc5
 253 00c5 07       		.uleb128 0x7
 254 00c6 B8000000 		.4byte	0xb8
 255 00ca 03       		.uleb128 0x3
 256 00cb 51080000 		.4byte	.LASF17
 257 00cf 03       		.byte	0x3
 258 00d0 18       		.byte	0x18
 259 00d1 2C000000 		.4byte	0x2c
 260 00d5 03       		.uleb128 0x3
 261 00d6 64010000 		.4byte	.LASF18
 262 00da 03       		.byte	0x3
 263 00db 20       		.byte	0x20
 264 00dc 3E000000 		.4byte	0x3e
 265 00e0 03       		.uleb128 0x3
 266 00e1 37030000 		.4byte	.LASF19
 267 00e5 03       		.byte	0x3
 268 00e6 24       		.byte	0x24
 269 00e7 50000000 		.4byte	0x50
 270 00eb 03       		.uleb128 0x3
 271 00ec 60060000 		.4byte	.LASF20
 272 00f0 03       		.byte	0x3
 273 00f1 2C       		.byte	0x2c
 274 00f2 62000000 		.4byte	0x62
 275 00f6 03       		.uleb128 0x3
 276 00f7 17070000 		.4byte	.LASF21
 277 00fb 03       		.byte	0x3
 278 00fc 30       		.byte	0x30
 279 00fd 74000000 		.4byte	0x74
 280 0101 08       		.uleb128 0x8
 281 0102 F6000000 		.4byte	0xf6
 282 0106 09       		.uleb128 0x9
 283 0107 B8       		.byte	0xb8
 284 0108 04       		.byte	0x4
 285 0109 34       		.byte	0x34
 286 010a 17050000 		.4byte	0x517
 287 010e 0A       		.uleb128 0xa
 288 010f CA000000 		.4byte	.LASF22
 289 0113 04       		.byte	0x4
 290 0114 37       		.byte	0x37
 291 0115 F6000000 		.4byte	0xf6
 292 0119 00       		.byte	0
 293 011a 0A       		.uleb128 0xa
 294 011b A8060000 		.4byte	.LASF23
 295 011f 04       		.byte	0x4
 296 0120 38       		.byte	0x38
 297 0121 F6000000 		.4byte	0xf6
 298 0125 04       		.byte	0x4
 299 0126 0A       		.uleb128 0xa
 300 0127 37020000 		.4byte	.LASF24
ARM GAS  C:\Users\dmr85\AppData\Local\Temp\ccE7g1ni.s 			page 9


 301 012b 04       		.byte	0x4
 302 012c 39       		.byte	0x39
 303 012d F6000000 		.4byte	0xf6
 304 0131 08       		.byte	0x8
 305 0132 0A       		.uleb128 0xa
 306 0133 52060000 		.4byte	.LASF25
 307 0137 04       		.byte	0x4
 308 0138 3A       		.byte	0x3a
 309 0139 F6000000 		.4byte	0xf6
 310 013d 0C       		.byte	0xc
 311 013e 0A       		.uleb128 0xa
 312 013f C0010000 		.4byte	.LASF26
 313 0143 04       		.byte	0x4
 314 0144 3B       		.byte	0x3b
 315 0145 F6000000 		.4byte	0xf6
 316 0149 10       		.byte	0x10
 317 014a 0A       		.uleb128 0xa
 318 014b 16020000 		.4byte	.LASF27
 319 014f 04       		.byte	0x4
 320 0150 3C       		.byte	0x3c
 321 0151 F6000000 		.4byte	0xf6
 322 0155 14       		.byte	0x14
 323 0156 0A       		.uleb128 0xa
 324 0157 AF030000 		.4byte	.LASF28
 325 015b 04       		.byte	0x4
 326 015c 3D       		.byte	0x3d
 327 015d F6000000 		.4byte	0xf6
 328 0161 18       		.byte	0x18
 329 0162 0A       		.uleb128 0xa
 330 0163 7D000000 		.4byte	.LASF29
 331 0167 04       		.byte	0x4
 332 0168 3E       		.byte	0x3e
 333 0169 F6000000 		.4byte	0xf6
 334 016d 1C       		.byte	0x1c
 335 016e 0A       		.uleb128 0xa
 336 016f F6080000 		.4byte	.LASF30
 337 0173 04       		.byte	0x4
 338 0174 3F       		.byte	0x3f
 339 0175 F6000000 		.4byte	0xf6
 340 0179 20       		.byte	0x20
 341 017a 0A       		.uleb128 0xa
 342 017b 33050000 		.4byte	.LASF31
 343 017f 04       		.byte	0x4
 344 0180 40       		.byte	0x40
 345 0181 F6000000 		.4byte	0xf6
 346 0185 24       		.byte	0x24
 347 0186 0A       		.uleb128 0xa
 348 0187 88040000 		.4byte	.LASF32
 349 018b 04       		.byte	0x4
 350 018c 43       		.byte	0x43
 351 018d CA000000 		.4byte	0xca
 352 0191 28       		.byte	0x28
 353 0192 0A       		.uleb128 0xa
 354 0193 63000000 		.4byte	.LASF33
 355 0197 04       		.byte	0x4
 356 0198 44       		.byte	0x44
 357 0199 CA000000 		.4byte	0xca
ARM GAS  C:\Users\dmr85\AppData\Local\Temp\ccE7g1ni.s 			page 10


 358 019d 29       		.byte	0x29
 359 019e 0A       		.uleb128 0xa
 360 019f EC080000 		.4byte	.LASF34
 361 01a3 04       		.byte	0x4
 362 01a4 45       		.byte	0x45
 363 01a5 CA000000 		.4byte	0xca
 364 01a9 2A       		.byte	0x2a
 365 01aa 0A       		.uleb128 0xa
 366 01ab 25050000 		.4byte	.LASF35
 367 01af 04       		.byte	0x4
 368 01b0 46       		.byte	0x46
 369 01b1 CA000000 		.4byte	0xca
 370 01b5 2B       		.byte	0x2b
 371 01b6 0A       		.uleb128 0xa
 372 01b7 FF030000 		.4byte	.LASF36
 373 01bb 04       		.byte	0x4
 374 01bc 47       		.byte	0x47
 375 01bd CA000000 		.4byte	0xca
 376 01c1 2C       		.byte	0x2c
 377 01c2 0A       		.uleb128 0xa
 378 01c3 88070000 		.4byte	.LASF37
 379 01c7 04       		.byte	0x4
 380 01c8 48       		.byte	0x48
 381 01c9 CA000000 		.4byte	0xca
 382 01cd 2D       		.byte	0x2d
 383 01ce 0A       		.uleb128 0xa
 384 01cf C9010000 		.4byte	.LASF38
 385 01d3 04       		.byte	0x4
 386 01d4 49       		.byte	0x49
 387 01d5 CA000000 		.4byte	0xca
 388 01d9 2E       		.byte	0x2e
 389 01da 0A       		.uleb128 0xa
 390 01db 95040000 		.4byte	.LASF39
 391 01df 04       		.byte	0x4
 392 01e0 4A       		.byte	0x4a
 393 01e1 CA000000 		.4byte	0xca
 394 01e5 2F       		.byte	0x2f
 395 01e6 0A       		.uleb128 0xa
 396 01e7 46070000 		.4byte	.LASF40
 397 01eb 04       		.byte	0x4
 398 01ec 4B       		.byte	0x4b
 399 01ed CA000000 		.4byte	0xca
 400 01f1 30       		.byte	0x30
 401 01f2 0A       		.uleb128 0xa
 402 01f3 A4030000 		.4byte	.LASF41
 403 01f7 04       		.byte	0x4
 404 01f8 4E       		.byte	0x4e
 405 01f9 CA000000 		.4byte	0xca
 406 01fd 31       		.byte	0x31
 407 01fe 0A       		.uleb128 0xa
 408 01ff 86000000 		.4byte	.LASF42
 409 0203 04       		.byte	0x4
 410 0204 4F       		.byte	0x4f
 411 0205 CA000000 		.4byte	0xca
 412 0209 32       		.byte	0x32
 413 020a 0A       		.uleb128 0xa
 414 020b 1E030000 		.4byte	.LASF43
ARM GAS  C:\Users\dmr85\AppData\Local\Temp\ccE7g1ni.s 			page 11


 415 020f 04       		.byte	0x4
 416 0210 50       		.byte	0x50
 417 0211 CA000000 		.4byte	0xca
 418 0215 33       		.byte	0x33
 419 0216 0A       		.uleb128 0xa
 420 0217 CA040000 		.4byte	.LASF44
 421 021b 04       		.byte	0x4
 422 021c 51       		.byte	0x51
 423 021d CA000000 		.4byte	0xca
 424 0221 34       		.byte	0x34
 425 0222 0A       		.uleb128 0xa
 426 0223 DF070000 		.4byte	.LASF45
 427 0227 04       		.byte	0x4
 428 0228 52       		.byte	0x52
 429 0229 D5000000 		.4byte	0xd5
 430 022d 36       		.byte	0x36
 431 022e 0A       		.uleb128 0xa
 432 022f 51020000 		.4byte	.LASF46
 433 0233 04       		.byte	0x4
 434 0234 53       		.byte	0x53
 435 0235 D5000000 		.4byte	0xd5
 436 0239 38       		.byte	0x38
 437 023a 0A       		.uleb128 0xa
 438 023b 2C080000 		.4byte	.LASF47
 439 023f 04       		.byte	0x4
 440 0240 54       		.byte	0x54
 441 0241 D5000000 		.4byte	0xd5
 442 0245 3A       		.byte	0x3a
 443 0246 0A       		.uleb128 0xa
 444 0247 07020000 		.4byte	.LASF48
 445 024b 04       		.byte	0x4
 446 024c 55       		.byte	0x55
 447 024d CA000000 		.4byte	0xca
 448 0251 3C       		.byte	0x3c
 449 0252 0A       		.uleb128 0xa
 450 0253 78020000 		.4byte	.LASF49
 451 0257 04       		.byte	0x4
 452 0258 56       		.byte	0x56
 453 0259 CA000000 		.4byte	0xca
 454 025d 3D       		.byte	0x3d
 455 025e 0A       		.uleb128 0xa
 456 025f F9060000 		.4byte	.LASF50
 457 0263 04       		.byte	0x4
 458 0264 57       		.byte	0x57
 459 0265 CA000000 		.4byte	0xca
 460 0269 3E       		.byte	0x3e
 461 026a 0A       		.uleb128 0xa
 462 026b 71000000 		.4byte	.LASF51
 463 026f 04       		.byte	0x4
 464 0270 58       		.byte	0x58
 465 0271 CA000000 		.4byte	0xca
 466 0275 3F       		.byte	0x3f
 467 0276 0A       		.uleb128 0xa
 468 0277 3E050000 		.4byte	.LASF52
 469 027b 04       		.byte	0x4
 470 027c 59       		.byte	0x59
 471 027d CA000000 		.4byte	0xca
ARM GAS  C:\Users\dmr85\AppData\Local\Temp\ccE7g1ni.s 			page 12


 472 0281 40       		.byte	0x40
 473 0282 0A       		.uleb128 0xa
 474 0283 C2020000 		.4byte	.LASF53
 475 0287 04       		.byte	0x4
 476 0288 5A       		.byte	0x5a
 477 0289 CA000000 		.4byte	0xca
 478 028d 41       		.byte	0x41
 479 028e 0A       		.uleb128 0xa
 480 028f 3A040000 		.4byte	.LASF54
 481 0293 04       		.byte	0x4
 482 0294 5B       		.byte	0x5b
 483 0295 CA000000 		.4byte	0xca
 484 0299 42       		.byte	0x42
 485 029a 0A       		.uleb128 0xa
 486 029b 11050000 		.4byte	.LASF55
 487 029f 04       		.byte	0x4
 488 02a0 5C       		.byte	0x5c
 489 02a1 CA000000 		.4byte	0xca
 490 02a5 43       		.byte	0x43
 491 02a6 0A       		.uleb128 0xa
 492 02a7 40020000 		.4byte	.LASF56
 493 02ab 04       		.byte	0x4
 494 02ac 5D       		.byte	0x5d
 495 02ad CA000000 		.4byte	0xca
 496 02b1 44       		.byte	0x44
 497 02b2 0A       		.uleb128 0xa
 498 02b3 00000000 		.4byte	.LASF57
 499 02b7 04       		.byte	0x4
 500 02b8 5E       		.byte	0x5e
 501 02b9 F6000000 		.4byte	0xf6
 502 02bd 48       		.byte	0x48
 503 02be 0A       		.uleb128 0xa
 504 02bf 29020000 		.4byte	.LASF58
 505 02c3 04       		.byte	0x4
 506 02c4 5F       		.byte	0x5f
 507 02c5 F6000000 		.4byte	0xf6
 508 02c9 4C       		.byte	0x4c
 509 02ca 0A       		.uleb128 0xa
 510 02cb 2C090000 		.4byte	.LASF59
 511 02cf 04       		.byte	0x4
 512 02d0 60       		.byte	0x60
 513 02d1 CA000000 		.4byte	0xca
 514 02d5 50       		.byte	0x50
 515 02d6 0A       		.uleb128 0xa
 516 02d7 3E010000 		.4byte	.LASF60
 517 02db 04       		.byte	0x4
 518 02dc 61       		.byte	0x61
 519 02dd CA000000 		.4byte	0xca
 520 02e1 51       		.byte	0x51
 521 02e2 0A       		.uleb128 0xa
 522 02e3 41080000 		.4byte	.LASF61
 523 02e7 04       		.byte	0x4
 524 02e8 62       		.byte	0x62
 525 02e9 CA000000 		.4byte	0xca
 526 02ed 52       		.byte	0x52
 527 02ee 0A       		.uleb128 0xa
 528 02ef 95070000 		.4byte	.LASF62
ARM GAS  C:\Users\dmr85\AppData\Local\Temp\ccE7g1ni.s 			page 13


 529 02f3 04       		.byte	0x4
 530 02f4 63       		.byte	0x63
 531 02f5 CA000000 		.4byte	0xca
 532 02f9 53       		.byte	0x53
 533 02fa 0A       		.uleb128 0xa
 534 02fb 07070000 		.4byte	.LASF63
 535 02ff 04       		.byte	0x4
 536 0300 64       		.byte	0x64
 537 0301 CA000000 		.4byte	0xca
 538 0305 54       		.byte	0x54
 539 0306 0A       		.uleb128 0xa
 540 0307 50010000 		.4byte	.LASF64
 541 030b 04       		.byte	0x4
 542 030c 65       		.byte	0x65
 543 030d CA000000 		.4byte	0xca
 544 0311 55       		.byte	0x55
 545 0312 0A       		.uleb128 0xa
 546 0313 52030000 		.4byte	.LASF65
 547 0317 04       		.byte	0x4
 548 0318 66       		.byte	0x66
 549 0319 CA000000 		.4byte	0xca
 550 031d 56       		.byte	0x56
 551 031e 0A       		.uleb128 0xa
 552 031f B8030000 		.4byte	.LASF66
 553 0323 04       		.byte	0x4
 554 0324 67       		.byte	0x67
 555 0325 CA000000 		.4byte	0xca
 556 0329 57       		.byte	0x57
 557 032a 0A       		.uleb128 0xa
 558 032b 28000000 		.4byte	.LASF67
 559 032f 04       		.byte	0x4
 560 0330 68       		.byte	0x68
 561 0331 CA000000 		.4byte	0xca
 562 0335 58       		.byte	0x58
 563 0336 0A       		.uleb128 0xa
 564 0337 76060000 		.4byte	.LASF68
 565 033b 04       		.byte	0x4
 566 033c 69       		.byte	0x69
 567 033d CA000000 		.4byte	0xca
 568 0341 59       		.byte	0x59
 569 0342 0A       		.uleb128 0xa
 570 0343 BF040000 		.4byte	.LASF69
 571 0347 04       		.byte	0x4
 572 0348 6E       		.byte	0x6e
 573 0349 E0000000 		.4byte	0xe0
 574 034d 5A       		.byte	0x5a
 575 034e 0A       		.uleb128 0xa
 576 034f C8070000 		.4byte	.LASF70
 577 0353 04       		.byte	0x4
 578 0354 6F       		.byte	0x6f
 579 0355 E0000000 		.4byte	0xe0
 580 0359 5C       		.byte	0x5c
 581 035a 0A       		.uleb128 0xa
 582 035b D4000000 		.4byte	.LASF71
 583 035f 04       		.byte	0x4
 584 0360 70       		.byte	0x70
 585 0361 CA000000 		.4byte	0xca
ARM GAS  C:\Users\dmr85\AppData\Local\Temp\ccE7g1ni.s 			page 14


 586 0365 5E       		.byte	0x5e
 587 0366 0A       		.uleb128 0xa
 588 0367 2B060000 		.4byte	.LASF72
 589 036b 04       		.byte	0x4
 590 036c 71       		.byte	0x71
 591 036d CA000000 		.4byte	0xca
 592 0371 5F       		.byte	0x5f
 593 0372 0A       		.uleb128 0xa
 594 0373 00050000 		.4byte	.LASF73
 595 0377 04       		.byte	0x4
 596 0378 72       		.byte	0x72
 597 0379 CA000000 		.4byte	0xca
 598 037d 60       		.byte	0x60
 599 037e 0A       		.uleb128 0xa
 600 037f 04060000 		.4byte	.LASF74
 601 0383 04       		.byte	0x4
 602 0384 73       		.byte	0x73
 603 0385 F6000000 		.4byte	0xf6
 604 0389 64       		.byte	0x64
 605 038a 0A       		.uleb128 0xa
 606 038b FA000000 		.4byte	.LASF75
 607 038f 04       		.byte	0x4
 608 0390 76       		.byte	0x76
 609 0391 E0000000 		.4byte	0xe0
 610 0395 68       		.byte	0x68
 611 0396 0A       		.uleb128 0xa
 612 0397 40030000 		.4byte	.LASF76
 613 039b 04       		.byte	0x4
 614 039c 77       		.byte	0x77
 615 039d E0000000 		.4byte	0xe0
 616 03a1 6A       		.byte	0x6a
 617 03a2 0A       		.uleb128 0xa
 618 03a3 CC030000 		.4byte	.LASF77
 619 03a7 04       		.byte	0x4
 620 03a8 78       		.byte	0x78
 621 03a9 E0000000 		.4byte	0xe0
 622 03ad 6C       		.byte	0x6c
 623 03ae 0A       		.uleb128 0xa
 624 03af F2030000 		.4byte	.LASF78
 625 03b3 04       		.byte	0x4
 626 03b4 79       		.byte	0x79
 627 03b5 E0000000 		.4byte	0xe0
 628 03b9 6E       		.byte	0x6e
 629 03ba 0A       		.uleb128 0xa
 630 03bb 94060000 		.4byte	.LASF79
 631 03bf 04       		.byte	0x4
 632 03c0 7B       		.byte	0x7b
 633 03c1 CA000000 		.4byte	0xca
 634 03c5 70       		.byte	0x70
 635 03c6 0A       		.uleb128 0xa
 636 03c7 9D010000 		.4byte	.LASF80
 637 03cb 04       		.byte	0x4
 638 03cc 7C       		.byte	0x7c
 639 03cd CA000000 		.4byte	0xca
 640 03d1 71       		.byte	0x71
 641 03d2 0A       		.uleb128 0xa
 642 03d3 FE080000 		.4byte	.LASF81
ARM GAS  C:\Users\dmr85\AppData\Local\Temp\ccE7g1ni.s 			page 15


 643 03d7 04       		.byte	0x4
 644 03d8 7D       		.byte	0x7d
 645 03d9 CA000000 		.4byte	0xca
 646 03dd 72       		.byte	0x72
 647 03de 0A       		.uleb128 0xa
 648 03df DB040000 		.4byte	.LASF82
 649 03e3 04       		.byte	0x4
 650 03e4 7E       		.byte	0x7e
 651 03e5 CA000000 		.4byte	0xca
 652 03e9 73       		.byte	0x73
 653 03ea 0A       		.uleb128 0xa
 654 03eb 91020000 		.4byte	.LASF83
 655 03ef 04       		.byte	0x4
 656 03f0 80       		.byte	0x80
 657 03f1 E0000000 		.4byte	0xe0
 658 03f5 74       		.byte	0x74
 659 03f6 0A       		.uleb128 0xa
 660 03f7 6B070000 		.4byte	.LASF84
 661 03fb 04       		.byte	0x4
 662 03fc 81       		.byte	0x81
 663 03fd E0000000 		.4byte	0xe0
 664 0401 76       		.byte	0x76
 665 0402 0A       		.uleb128 0xa
 666 0403 63020000 		.4byte	.LASF85
 667 0407 04       		.byte	0x4
 668 0408 82       		.byte	0x82
 669 0409 E0000000 		.4byte	0xe0
 670 040d 78       		.byte	0x78
 671 040e 0A       		.uleb128 0xa
 672 040f 9E000000 		.4byte	.LASF86
 673 0413 04       		.byte	0x4
 674 0414 83       		.byte	0x83
 675 0415 E0000000 		.4byte	0xe0
 676 0419 7A       		.byte	0x7a
 677 041a 0A       		.uleb128 0xa
 678 041b 6E080000 		.4byte	.LASF87
 679 041f 04       		.byte	0x4
 680 0420 86       		.byte	0x86
 681 0421 CA000000 		.4byte	0xca
 682 0425 7C       		.byte	0x7c
 683 0426 0A       		.uleb128 0xa
 684 0427 EC070000 		.4byte	.LASF88
 685 042b 04       		.byte	0x4
 686 042c 87       		.byte	0x87
 687 042d CA000000 		.4byte	0xca
 688 0431 7D       		.byte	0x7d
 689 0432 0A       		.uleb128 0xa
 690 0433 3C000000 		.4byte	.LASF89
 691 0437 04       		.byte	0x4
 692 0438 88       		.byte	0x88
 693 0439 CA000000 		.4byte	0xca
 694 043d 7E       		.byte	0x7e
 695 043e 0A       		.uleb128 0xa
 696 043f A3020000 		.4byte	.LASF90
 697 0443 04       		.byte	0x4
 698 0444 89       		.byte	0x89
 699 0445 CA000000 		.4byte	0xca
ARM GAS  C:\Users\dmr85\AppData\Local\Temp\ccE7g1ni.s 			page 16


 700 0449 7F       		.byte	0x7f
 701 044a 0A       		.uleb128 0xa
 702 044b 0A030000 		.4byte	.LASF91
 703 044f 04       		.byte	0x4
 704 0450 8A       		.byte	0x8a
 705 0451 CA000000 		.4byte	0xca
 706 0455 80       		.byte	0x80
 707 0456 0A       		.uleb128 0xa
 708 0457 6A040000 		.4byte	.LASF92
 709 045b 04       		.byte	0x4
 710 045c 8D       		.byte	0x8d
 711 045d F6000000 		.4byte	0xf6
 712 0461 84       		.byte	0x84
 713 0462 0A       		.uleb128 0xa
 714 0463 B3000000 		.4byte	.LASF93
 715 0467 04       		.byte	0x4
 716 0468 8E       		.byte	0x8e
 717 0469 F6000000 		.4byte	0xf6
 718 046d 88       		.byte	0x88
 719 046e 0A       		.uleb128 0xa
 720 046f 59080000 		.4byte	.LASF94
 721 0473 04       		.byte	0x4
 722 0474 8F       		.byte	0x8f
 723 0475 F6000000 		.4byte	0xf6
 724 0479 8C       		.byte	0x8c
 725 047a 0A       		.uleb128 0xa
 726 047b A1040000 		.4byte	.LASF95
 727 047f 04       		.byte	0x4
 728 0480 90       		.byte	0x90
 729 0481 F6000000 		.4byte	0xf6
 730 0485 90       		.byte	0x90
 731 0486 0A       		.uleb128 0xa
 732 0487 EB020000 		.4byte	.LASF96
 733 048b 04       		.byte	0x4
 734 048c 91       		.byte	0x91
 735 048d F6000000 		.4byte	0xf6
 736 0491 94       		.byte	0x94
 737 0492 0A       		.uleb128 0xa
 738 0493 54040000 		.4byte	.LASF97
 739 0497 04       		.byte	0x4
 740 0498 92       		.byte	0x92
 741 0499 F6000000 		.4byte	0xf6
 742 049d 98       		.byte	0x98
 743 049e 0A       		.uleb128 0xa
 744 049f 91080000 		.4byte	.LASF98
 745 04a3 04       		.byte	0x4
 746 04a4 93       		.byte	0x93
 747 04a5 F6000000 		.4byte	0xf6
 748 04a9 9C       		.byte	0x9c
 749 04aa 0A       		.uleb128 0xa
 750 04ab 14010000 		.4byte	.LASF99
 751 04af 04       		.byte	0x4
 752 04b0 94       		.byte	0x94
 753 04b1 F6000000 		.4byte	0xf6
 754 04b5 A0       		.byte	0xa0
 755 04b6 0A       		.uleb128 0xa
 756 04b7 D4010000 		.4byte	.LASF100
ARM GAS  C:\Users\dmr85\AppData\Local\Temp\ccE7g1ni.s 			page 17


 757 04bb 04       		.byte	0x4
 758 04bc 95       		.byte	0x95
 759 04bd E0000000 		.4byte	0xe0
 760 04c1 A4       		.byte	0xa4
 761 04c2 0A       		.uleb128 0xa
 762 04c3 20070000 		.4byte	.LASF101
 763 04c7 04       		.byte	0x4
 764 04c8 96       		.byte	0x96
 765 04c9 E0000000 		.4byte	0xe0
 766 04cd A6       		.byte	0xa6
 767 04ce 0A       		.uleb128 0xa
 768 04cf 1F060000 		.4byte	.LASF102
 769 04d3 04       		.byte	0x4
 770 04d4 97       		.byte	0x97
 771 04d5 E0000000 		.4byte	0xe0
 772 04d9 A8       		.byte	0xa8
 773 04da 0A       		.uleb128 0xa
 774 04db 52070000 		.4byte	.LASF103
 775 04df 04       		.byte	0x4
 776 04e0 98       		.byte	0x98
 777 04e1 E0000000 		.4byte	0xe0
 778 04e5 AA       		.byte	0xaa
 779 04e6 0A       		.uleb128 0xa
 780 04e7 DB030000 		.4byte	.LASF104
 781 04eb 04       		.byte	0x4
 782 04ec 99       		.byte	0x99
 783 04ed E0000000 		.4byte	0xe0
 784 04f1 AC       		.byte	0xac
 785 04f2 0A       		.uleb128 0xa
 786 04f3 F2040000 		.4byte	.LASF105
 787 04f7 04       		.byte	0x4
 788 04f8 9A       		.byte	0x9a
 789 04f9 E0000000 		.4byte	0xe0
 790 04fd AE       		.byte	0xae
 791 04fe 0A       		.uleb128 0xa
 792 04ff D1070000 		.4byte	.LASF106
 793 0503 04       		.byte	0x4
 794 0504 9D       		.byte	0x9d
 795 0505 E0000000 		.4byte	0xe0
 796 0509 B0       		.byte	0xb0
 797 050a 0A       		.uleb128 0xa
 798 050b 4F000000 		.4byte	.LASF107
 799 050f 04       		.byte	0x4
 800 0510 9E       		.byte	0x9e
 801 0511 F6000000 		.4byte	0xf6
 802 0515 B4       		.byte	0xb4
 803 0516 00       		.byte	0
 804 0517 03       		.uleb128 0x3
 805 0518 11040000 		.4byte	.LASF108
 806 051c 04       		.byte	0x4
 807 051d 9F       		.byte	0x9f
 808 051e 06010000 		.4byte	0x106
 809 0522 02       		.uleb128 0x2
 810 0523 04       		.byte	0x4
 811 0524 04       		.byte	0x4
 812 0525 FE050000 		.4byte	.LASF109
 813 0529 02       		.uleb128 0x2
ARM GAS  C:\Users\dmr85\AppData\Local\Temp\ccE7g1ni.s 			page 18


 814 052a 08       		.byte	0x8
 815 052b 04       		.byte	0x4
 816 052c 5C020000 		.4byte	.LASF110
 817 0530 02       		.uleb128 0x2
 818 0531 01       		.byte	0x1
 819 0532 02       		.byte	0x2
 820 0533 5A060000 		.4byte	.LASF111
 821 0537 06       		.uleb128 0x6
 822 0538 04       		.byte	0x4
 823 0539 3D050000 		.4byte	0x53d
 824 053d 0B       		.uleb128 0xb
 825 053e 48050000 		.4byte	0x548
 826 0542 0C       		.uleb128 0xc
 827 0543 F6000000 		.4byte	0xf6
 828 0547 00       		.byte	0
 829 0548 0D       		.uleb128 0xd
 830 0549 E9010000 		.4byte	.LASF112
 831 054d 05       		.byte	0x5
 832 054e F201     		.2byte	0x1f2
 833 0550 37050000 		.4byte	0x537
 834 0554 0E       		.uleb128 0xe
 835 0555 86010000 		.4byte	.LASF124
 836 0559 24       		.byte	0x24
 837 055a 05       		.byte	0x5
 838 055b 7402     		.2byte	0x274
 839 055d D7050000 		.4byte	0x5d7
 840 0561 0F       		.uleb128 0xf
 841 0562 25080000 		.4byte	.LASF113
 842 0566 05       		.byte	0x5
 843 0567 7702     		.2byte	0x277
 844 0569 01010000 		.4byte	0x101
 845 056d 00       		.byte	0
 846 056e 0F       		.uleb128 0xf
 847 056f 05080000 		.4byte	.LASF114
 848 0573 05       		.byte	0x5
 849 0574 7902     		.2byte	0x279
 850 0576 A9000000 		.4byte	0xa9
 851 057a 04       		.byte	0x4
 852 057b 0F       		.uleb128 0xf
 853 057c 1E000000 		.4byte	.LASF115
 854 0580 05       		.byte	0x5
 855 0581 7A02     		.2byte	0x27a
 856 0583 F6000000 		.4byte	0xf6
 857 0587 08       		.byte	0x8
 858 0588 0F       		.uleb128 0xf
 859 0589 DC020000 		.4byte	.LASF116
 860 058d 05       		.byte	0x5
 861 058e 7B02     		.2byte	0x27b
 862 0590 01010000 		.4byte	0x101
 863 0594 0C       		.byte	0xc
 864 0595 0F       		.uleb128 0xf
 865 0596 0B040000 		.4byte	.LASF117
 866 059a 05       		.byte	0x5
 867 059b 7D02     		.2byte	0x27d
 868 059d A9000000 		.4byte	0xa9
 869 05a1 10       		.byte	0x10
 870 05a2 0F       		.uleb128 0xf
ARM GAS  C:\Users\dmr85\AppData\Local\Temp\ccE7g1ni.s 			page 19


 871 05a3 00030000 		.4byte	.LASF118
 872 05a7 05       		.byte	0x5
 873 05a8 7E02     		.2byte	0x27e
 874 05aa F6000000 		.4byte	0xf6
 875 05ae 14       		.byte	0x14
 876 05af 0F       		.uleb128 0xf
 877 05b0 3D090000 		.4byte	.LASF119
 878 05b4 05       		.byte	0x5
 879 05b5 7F02     		.2byte	0x27f
 880 05b7 01010000 		.4byte	0x101
 881 05bb 18       		.byte	0x18
 882 05bc 0F       		.uleb128 0xf
 883 05bd E9030000 		.4byte	.LASF120
 884 05c1 05       		.byte	0x5
 885 05c2 8502     		.2byte	0x285
 886 05c4 48050000 		.4byte	0x548
 887 05c8 1C       		.byte	0x1c
 888 05c9 0F       		.uleb128 0xf
 889 05ca FD070000 		.4byte	.LASF121
 890 05ce 05       		.byte	0x5
 891 05cf 8802     		.2byte	0x288
 892 05d1 F6000000 		.4byte	0xf6
 893 05d5 20       		.byte	0x20
 894 05d6 00       		.byte	0
 895 05d7 0D       		.uleb128 0xd
 896 05d8 21040000 		.4byte	.LASF122
 897 05dc 05       		.byte	0x5
 898 05dd 8B02     		.2byte	0x28b
 899 05df 54050000 		.4byte	0x554
 900 05e3 0D       		.uleb128 0xd
 901 05e4 78030000 		.4byte	.LASF123
 902 05e8 06       		.byte	0x6
 903 05e9 D901     		.2byte	0x1d9
 904 05eb 37050000 		.4byte	0x537
 905 05ef 0E       		.uleb128 0xe
 906 05f0 14090000 		.4byte	.LASF125
 907 05f4 38       		.byte	0x38
 908 05f5 06       		.byte	0x6
 909 05f6 7502     		.2byte	0x275
 910 05f8 B3060000 		.4byte	0x6b3
 911 05fc 0F       		.uleb128 0xf
 912 05fd A7080000 		.4byte	.LASF126
 913 0601 06       		.byte	0x6
 914 0602 7802     		.2byte	0x278
 915 0604 01010000 		.4byte	0x101
 916 0608 00       		.byte	0
 917 0609 0F       		.uleb128 0xf
 918 060a 1C050000 		.4byte	.LASF127
 919 060e 06       		.byte	0x6
 920 060f 7902     		.2byte	0x279
 921 0611 01010000 		.4byte	0x101
 922 0615 04       		.byte	0x4
 923 0616 0F       		.uleb128 0xf
 924 0617 0A010000 		.4byte	.LASF128
 925 061b 06       		.byte	0x6
 926 061c 7B02     		.2byte	0x27b
 927 061e A9000000 		.4byte	0xa9
ARM GAS  C:\Users\dmr85\AppData\Local\Temp\ccE7g1ni.s 			page 20


 928 0622 08       		.byte	0x8
 929 0623 0F       		.uleb128 0xf
 930 0624 A7070000 		.4byte	.LASF129
 931 0628 06       		.byte	0x6
 932 0629 7C02     		.2byte	0x27c
 933 062b F6000000 		.4byte	0xf6
 934 062f 0C       		.byte	0xc
 935 0630 0F       		.uleb128 0xf
 936 0631 46040000 		.4byte	.LASF130
 937 0635 06       		.byte	0x6
 938 0636 7D02     		.2byte	0x27d
 939 0638 01010000 		.4byte	0x101
 940 063c 10       		.byte	0x10
 941 063d 0F       		.uleb128 0xf
 942 063e 83080000 		.4byte	.LASF131
 943 0642 06       		.byte	0x6
 944 0643 7E02     		.2byte	0x27e
 945 0645 01010000 		.4byte	0x101
 946 0649 14       		.byte	0x14
 947 064a 0F       		.uleb128 0xf
 948 064b 05080000 		.4byte	.LASF114
 949 064f 06       		.byte	0x6
 950 0650 8002     		.2byte	0x280
 951 0652 A9000000 		.4byte	0xa9
 952 0656 18       		.byte	0x18
 953 0657 0F       		.uleb128 0xf
 954 0658 1E000000 		.4byte	.LASF115
 955 065c 06       		.byte	0x6
 956 065d 8102     		.2byte	0x281
 957 065f F6000000 		.4byte	0xf6
 958 0663 1C       		.byte	0x1c
 959 0664 0F       		.uleb128 0xf
 960 0665 DC020000 		.4byte	.LASF116
 961 0669 06       		.byte	0x6
 962 066a 8202     		.2byte	0x282
 963 066c 01010000 		.4byte	0x101
 964 0670 20       		.byte	0x20
 965 0671 0F       		.uleb128 0xf
 966 0672 0B040000 		.4byte	.LASF117
 967 0676 06       		.byte	0x6
 968 0677 8402     		.2byte	0x284
 969 0679 A9000000 		.4byte	0xa9
 970 067d 24       		.byte	0x24
 971 067e 0F       		.uleb128 0xf
 972 067f 00030000 		.4byte	.LASF118
 973 0683 06       		.byte	0x6
 974 0684 8502     		.2byte	0x285
 975 0686 F6000000 		.4byte	0xf6
 976 068a 28       		.byte	0x28
 977 068b 0F       		.uleb128 0xf
 978 068c 41060000 		.4byte	.LASF132
 979 0690 06       		.byte	0x6
 980 0691 8602     		.2byte	0x286
 981 0693 01010000 		.4byte	0x101
 982 0697 2C       		.byte	0x2c
 983 0698 0F       		.uleb128 0xf
 984 0699 E9030000 		.4byte	.LASF120
ARM GAS  C:\Users\dmr85\AppData\Local\Temp\ccE7g1ni.s 			page 21


 985 069d 06       		.byte	0x6
 986 069e 8B02     		.2byte	0x28b
 987 06a0 E3050000 		.4byte	0x5e3
 988 06a4 30       		.byte	0x30
 989 06a5 0F       		.uleb128 0xf
 990 06a6 FD070000 		.4byte	.LASF121
 991 06aa 06       		.byte	0x6
 992 06ab 8E02     		.2byte	0x28e
 993 06ad F6000000 		.4byte	0xf6
 994 06b1 34       		.byte	0x34
 995 06b2 00       		.byte	0
 996 06b3 0D       		.uleb128 0xd
 997 06b4 0B080000 		.4byte	.LASF133
 998 06b8 06       		.byte	0x6
 999 06b9 9102     		.2byte	0x291
 1000 06bb EF050000 		.4byte	0x5ef
 1001 06bf 10       		.uleb128 0x10
 1002 06c0 81040000 		.4byte	.LASF134
 1003 06c4 01       		.byte	0x1
 1004 06c5 4F       		.byte	0x4f
 1005 06c6 94000000 		.4byte	0x94
 1006 06ca 00000000 		.4byte	.LFB522
 1007 06ce 22000000 		.4byte	.LFE522-.LFB522
 1008 06d2 01       		.uleb128 0x1
 1009 06d3 9C       		.byte	0x9c
 1010 06d4 1D070000 		.4byte	0x71d
 1011 06d8 11       		.uleb128 0x11
 1012 06d9 666400   		.ascii	"fd\000"
 1013 06dc 01       		.byte	0x1
 1014 06dd 4F       		.byte	0x4f
 1015 06de 94000000 		.4byte	0x94
 1016 06e2 00000000 		.4byte	.LLST0
 1017 06e6 11       		.uleb128 0x11
 1018 06e7 70747200 		.ascii	"ptr\000"
 1019 06eb 01       		.byte	0x1
 1020 06ec 4F       		.byte	0x4f
 1021 06ed BF000000 		.4byte	0xbf
 1022 06f1 3A000000 		.4byte	.LLST1
 1023 06f5 11       		.uleb128 0x11
 1024 06f6 6C656E00 		.ascii	"len\000"
 1025 06fa 01       		.byte	0x1
 1026 06fb 4F       		.byte	0x4f
 1027 06fc 94000000 		.4byte	0x94
 1028 0700 86000000 		.4byte	.LLST2
 1029 0704 12       		.uleb128 0x12
 1030 0705 37010000 		.4byte	.LASF136
 1031 0709 01       		.byte	0x1
 1032 070a 51       		.byte	0x51
 1033 070b 94000000 		.4byte	0x94
 1034 070f C8000000 		.4byte	.LLST3
 1035 0713 13       		.uleb128 0x13
 1036 0714 10000000 		.4byte	.LVL4
 1037 0718 B8070000 		.4byte	0x7b8
 1038 071c 00       		.byte	0
 1039 071d 10       		.uleb128 0x10
 1040 071e E5020000 		.4byte	.LASF135
 1041 0722 01       		.byte	0x1
ARM GAS  C:\Users\dmr85\AppData\Local\Temp\ccE7g1ni.s 			page 22


 1042 0723 85       		.byte	0x85
 1043 0724 94000000 		.4byte	0x94
 1044 0728 00000000 		.4byte	.LFB523
 1045 072c 2C000000 		.4byte	.LFE523-.LFB523
 1046 0730 01       		.uleb128 0x1
 1047 0731 9C       		.byte	0x9c
 1048 0732 7B070000 		.4byte	0x77b
 1049 0736 11       		.uleb128 0x11
 1050 0737 666400   		.ascii	"fd\000"
 1051 073a 01       		.byte	0x1
 1052 073b 85       		.byte	0x85
 1053 073c 94000000 		.4byte	0x94
 1054 0740 FE000000 		.4byte	.LLST4
 1055 0744 11       		.uleb128 0x11
 1056 0745 70747200 		.ascii	"ptr\000"
 1057 0749 01       		.byte	0x1
 1058 074a 85       		.byte	0x85
 1059 074b B2000000 		.4byte	0xb2
 1060 074f 38010000 		.4byte	.LLST5
 1061 0753 11       		.uleb128 0x11
 1062 0754 6C656E00 		.ascii	"len\000"
 1063 0758 01       		.byte	0x1
 1064 0759 85       		.byte	0x85
 1065 075a 94000000 		.4byte	0x94
 1066 075e 6C010000 		.4byte	.LLST6
 1067 0762 12       		.uleb128 0x12
 1068 0763 37010000 		.4byte	.LASF136
 1069 0767 01       		.byte	0x1
 1070 0768 87       		.byte	0x87
 1071 0769 94000000 		.4byte	0x94
 1072 076d AE010000 		.4byte	.LLST7
 1073 0771 13       		.uleb128 0x13
 1074 0772 0C000000 		.4byte	.LVL12
 1075 0776 C3070000 		.4byte	0x7c3
 1076 077a 00       		.byte	0
 1077 077b 14       		.uleb128 0x14
 1078 077c 2A010000 		.4byte	.LASF137
 1079 0780 07       		.byte	0x7
 1080 0781 F907     		.2byte	0x7f9
 1081 0783 87070000 		.4byte	0x787
 1082 0787 08       		.uleb128 0x8
 1083 0788 EB000000 		.4byte	0xeb
 1084 078c 15       		.uleb128 0x15
 1085 078d 15060000 		.4byte	.LASF138
 1086 0791 04       		.byte	0x4
 1087 0792 A7       		.byte	0xa7
 1088 0793 97070000 		.4byte	0x797
 1089 0797 06       		.uleb128 0x6
 1090 0798 04       		.byte	0x4
 1091 0799 9D070000 		.4byte	0x79d
 1092 079d 07       		.uleb128 0x7
 1093 079e 17050000 		.4byte	0x517
 1094 07a2 15       		.uleb128 0x15
 1095 07a3 12000000 		.4byte	.LASF139
 1096 07a7 08       		.byte	0x8
 1097 07a8 5E       		.byte	0x5e
 1098 07a9 D7050000 		.4byte	0x5d7
ARM GAS  C:\Users\dmr85\AppData\Local\Temp\ccE7g1ni.s 			page 23


 1099 07ad 15       		.uleb128 0x15
 1100 07ae 97030000 		.4byte	.LASF140
 1101 07b2 09       		.byte	0x9
 1102 07b3 87       		.byte	0x87
 1103 07b4 B3060000 		.4byte	0x6b3
 1104 07b8 16       		.uleb128 0x16
 1105 07b9 83020000 		.4byte	.LASF141
 1106 07bd 83020000 		.4byte	.LASF141
 1107 07c1 0A       		.byte	0xa
 1108 07c2 B9       		.byte	0xb9
 1109 07c3 16       		.uleb128 0x16
 1110 07c4 B2010000 		.4byte	.LASF142
 1111 07c8 B2010000 		.4byte	.LASF142
 1112 07cc 0A       		.byte	0xa
 1113 07cd BD       		.byte	0xbd
 1114 07ce 00       		.byte	0
 1115              		.section	.debug_abbrev,"",%progbits
 1116              	.Ldebug_abbrev0:
 1117 0000 01       		.uleb128 0x1
 1118 0001 11       		.uleb128 0x11
 1119 0002 01       		.byte	0x1
 1120 0003 25       		.uleb128 0x25
 1121 0004 0E       		.uleb128 0xe
 1122 0005 13       		.uleb128 0x13
 1123 0006 0B       		.uleb128 0xb
 1124 0007 03       		.uleb128 0x3
 1125 0008 0E       		.uleb128 0xe
 1126 0009 1B       		.uleb128 0x1b
 1127 000a 0E       		.uleb128 0xe
 1128 000b 55       		.uleb128 0x55
 1129 000c 17       		.uleb128 0x17
 1130 000d 11       		.uleb128 0x11
 1131 000e 01       		.uleb128 0x1
 1132 000f 10       		.uleb128 0x10
 1133 0010 17       		.uleb128 0x17
 1134 0011 00       		.byte	0
 1135 0012 00       		.byte	0
 1136 0013 02       		.uleb128 0x2
 1137 0014 24       		.uleb128 0x24
 1138 0015 00       		.byte	0
 1139 0016 0B       		.uleb128 0xb
 1140 0017 0B       		.uleb128 0xb
 1141 0018 3E       		.uleb128 0x3e
 1142 0019 0B       		.uleb128 0xb
 1143 001a 03       		.uleb128 0x3
 1144 001b 0E       		.uleb128 0xe
 1145 001c 00       		.byte	0
 1146 001d 00       		.byte	0
 1147 001e 03       		.uleb128 0x3
 1148 001f 16       		.uleb128 0x16
 1149 0020 00       		.byte	0
 1150 0021 03       		.uleb128 0x3
 1151 0022 0E       		.uleb128 0xe
 1152 0023 3A       		.uleb128 0x3a
 1153 0024 0B       		.uleb128 0xb
 1154 0025 3B       		.uleb128 0x3b
 1155 0026 0B       		.uleb128 0xb
ARM GAS  C:\Users\dmr85\AppData\Local\Temp\ccE7g1ni.s 			page 24


 1156 0027 49       		.uleb128 0x49
 1157 0028 13       		.uleb128 0x13
 1158 0029 00       		.byte	0
 1159 002a 00       		.byte	0
 1160 002b 04       		.uleb128 0x4
 1161 002c 24       		.uleb128 0x24
 1162 002d 00       		.byte	0
 1163 002e 0B       		.uleb128 0xb
 1164 002f 0B       		.uleb128 0xb
 1165 0030 3E       		.uleb128 0x3e
 1166 0031 0B       		.uleb128 0xb
 1167 0032 03       		.uleb128 0x3
 1168 0033 08       		.uleb128 0x8
 1169 0034 00       		.byte	0
 1170 0035 00       		.byte	0
 1171 0036 05       		.uleb128 0x5
 1172 0037 0F       		.uleb128 0xf
 1173 0038 00       		.byte	0
 1174 0039 0B       		.uleb128 0xb
 1175 003a 0B       		.uleb128 0xb
 1176 003b 00       		.byte	0
 1177 003c 00       		.byte	0
 1178 003d 06       		.uleb128 0x6
 1179 003e 0F       		.uleb128 0xf
 1180 003f 00       		.byte	0
 1181 0040 0B       		.uleb128 0xb
 1182 0041 0B       		.uleb128 0xb
 1183 0042 49       		.uleb128 0x49
 1184 0043 13       		.uleb128 0x13
 1185 0044 00       		.byte	0
 1186 0045 00       		.byte	0
 1187 0046 07       		.uleb128 0x7
 1188 0047 26       		.uleb128 0x26
 1189 0048 00       		.byte	0
 1190 0049 49       		.uleb128 0x49
 1191 004a 13       		.uleb128 0x13
 1192 004b 00       		.byte	0
 1193 004c 00       		.byte	0
 1194 004d 08       		.uleb128 0x8
 1195 004e 35       		.uleb128 0x35
 1196 004f 00       		.byte	0
 1197 0050 49       		.uleb128 0x49
 1198 0051 13       		.uleb128 0x13
 1199 0052 00       		.byte	0
 1200 0053 00       		.byte	0
 1201 0054 09       		.uleb128 0x9
 1202 0055 13       		.uleb128 0x13
 1203 0056 01       		.byte	0x1
 1204 0057 0B       		.uleb128 0xb
 1205 0058 0B       		.uleb128 0xb
 1206 0059 3A       		.uleb128 0x3a
 1207 005a 0B       		.uleb128 0xb
 1208 005b 3B       		.uleb128 0x3b
 1209 005c 0B       		.uleb128 0xb
 1210 005d 01       		.uleb128 0x1
 1211 005e 13       		.uleb128 0x13
 1212 005f 00       		.byte	0
ARM GAS  C:\Users\dmr85\AppData\Local\Temp\ccE7g1ni.s 			page 25


 1213 0060 00       		.byte	0
 1214 0061 0A       		.uleb128 0xa
 1215 0062 0D       		.uleb128 0xd
 1216 0063 00       		.byte	0
 1217 0064 03       		.uleb128 0x3
 1218 0065 0E       		.uleb128 0xe
 1219 0066 3A       		.uleb128 0x3a
 1220 0067 0B       		.uleb128 0xb
 1221 0068 3B       		.uleb128 0x3b
 1222 0069 0B       		.uleb128 0xb
 1223 006a 49       		.uleb128 0x49
 1224 006b 13       		.uleb128 0x13
 1225 006c 38       		.uleb128 0x38
 1226 006d 0B       		.uleb128 0xb
 1227 006e 00       		.byte	0
 1228 006f 00       		.byte	0
 1229 0070 0B       		.uleb128 0xb
 1230 0071 15       		.uleb128 0x15
 1231 0072 01       		.byte	0x1
 1232 0073 27       		.uleb128 0x27
 1233 0074 19       		.uleb128 0x19
 1234 0075 01       		.uleb128 0x1
 1235 0076 13       		.uleb128 0x13
 1236 0077 00       		.byte	0
 1237 0078 00       		.byte	0
 1238 0079 0C       		.uleb128 0xc
 1239 007a 05       		.uleb128 0x5
 1240 007b 00       		.byte	0
 1241 007c 49       		.uleb128 0x49
 1242 007d 13       		.uleb128 0x13
 1243 007e 00       		.byte	0
 1244 007f 00       		.byte	0
 1245 0080 0D       		.uleb128 0xd
 1246 0081 16       		.uleb128 0x16
 1247 0082 00       		.byte	0
 1248 0083 03       		.uleb128 0x3
 1249 0084 0E       		.uleb128 0xe
 1250 0085 3A       		.uleb128 0x3a
 1251 0086 0B       		.uleb128 0xb
 1252 0087 3B       		.uleb128 0x3b
 1253 0088 05       		.uleb128 0x5
 1254 0089 49       		.uleb128 0x49
 1255 008a 13       		.uleb128 0x13
 1256 008b 00       		.byte	0
 1257 008c 00       		.byte	0
 1258 008d 0E       		.uleb128 0xe
 1259 008e 13       		.uleb128 0x13
 1260 008f 01       		.byte	0x1
 1261 0090 03       		.uleb128 0x3
 1262 0091 0E       		.uleb128 0xe
 1263 0092 0B       		.uleb128 0xb
 1264 0093 0B       		.uleb128 0xb
 1265 0094 3A       		.uleb128 0x3a
 1266 0095 0B       		.uleb128 0xb
 1267 0096 3B       		.uleb128 0x3b
 1268 0097 05       		.uleb128 0x5
 1269 0098 01       		.uleb128 0x1
ARM GAS  C:\Users\dmr85\AppData\Local\Temp\ccE7g1ni.s 			page 26


 1270 0099 13       		.uleb128 0x13
 1271 009a 00       		.byte	0
 1272 009b 00       		.byte	0
 1273 009c 0F       		.uleb128 0xf
 1274 009d 0D       		.uleb128 0xd
 1275 009e 00       		.byte	0
 1276 009f 03       		.uleb128 0x3
 1277 00a0 0E       		.uleb128 0xe
 1278 00a1 3A       		.uleb128 0x3a
 1279 00a2 0B       		.uleb128 0xb
 1280 00a3 3B       		.uleb128 0x3b
 1281 00a4 05       		.uleb128 0x5
 1282 00a5 49       		.uleb128 0x49
 1283 00a6 13       		.uleb128 0x13
 1284 00a7 38       		.uleb128 0x38
 1285 00a8 0B       		.uleb128 0xb
 1286 00a9 00       		.byte	0
 1287 00aa 00       		.byte	0
 1288 00ab 10       		.uleb128 0x10
 1289 00ac 2E       		.uleb128 0x2e
 1290 00ad 01       		.byte	0x1
 1291 00ae 3F       		.uleb128 0x3f
 1292 00af 19       		.uleb128 0x19
 1293 00b0 03       		.uleb128 0x3
 1294 00b1 0E       		.uleb128 0xe
 1295 00b2 3A       		.uleb128 0x3a
 1296 00b3 0B       		.uleb128 0xb
 1297 00b4 3B       		.uleb128 0x3b
 1298 00b5 0B       		.uleb128 0xb
 1299 00b6 27       		.uleb128 0x27
 1300 00b7 19       		.uleb128 0x19
 1301 00b8 49       		.uleb128 0x49
 1302 00b9 13       		.uleb128 0x13
 1303 00ba 11       		.uleb128 0x11
 1304 00bb 01       		.uleb128 0x1
 1305 00bc 12       		.uleb128 0x12
 1306 00bd 06       		.uleb128 0x6
 1307 00be 40       		.uleb128 0x40
 1308 00bf 18       		.uleb128 0x18
 1309 00c0 9742     		.uleb128 0x2117
 1310 00c2 19       		.uleb128 0x19
 1311 00c3 01       		.uleb128 0x1
 1312 00c4 13       		.uleb128 0x13
 1313 00c5 00       		.byte	0
 1314 00c6 00       		.byte	0
 1315 00c7 11       		.uleb128 0x11
 1316 00c8 05       		.uleb128 0x5
 1317 00c9 00       		.byte	0
 1318 00ca 03       		.uleb128 0x3
 1319 00cb 08       		.uleb128 0x8
 1320 00cc 3A       		.uleb128 0x3a
 1321 00cd 0B       		.uleb128 0xb
 1322 00ce 3B       		.uleb128 0x3b
 1323 00cf 0B       		.uleb128 0xb
 1324 00d0 49       		.uleb128 0x49
 1325 00d1 13       		.uleb128 0x13
 1326 00d2 02       		.uleb128 0x2
ARM GAS  C:\Users\dmr85\AppData\Local\Temp\ccE7g1ni.s 			page 27


 1327 00d3 17       		.uleb128 0x17
 1328 00d4 00       		.byte	0
 1329 00d5 00       		.byte	0
 1330 00d6 12       		.uleb128 0x12
 1331 00d7 34       		.uleb128 0x34
 1332 00d8 00       		.byte	0
 1333 00d9 03       		.uleb128 0x3
 1334 00da 0E       		.uleb128 0xe
 1335 00db 3A       		.uleb128 0x3a
 1336 00dc 0B       		.uleb128 0xb
 1337 00dd 3B       		.uleb128 0x3b
 1338 00de 0B       		.uleb128 0xb
 1339 00df 49       		.uleb128 0x49
 1340 00e0 13       		.uleb128 0x13
 1341 00e1 02       		.uleb128 0x2
 1342 00e2 17       		.uleb128 0x17
 1343 00e3 00       		.byte	0
 1344 00e4 00       		.byte	0
 1345 00e5 13       		.uleb128 0x13
 1346 00e6 898201   		.uleb128 0x4109
 1347 00e9 00       		.byte	0
 1348 00ea 11       		.uleb128 0x11
 1349 00eb 01       		.uleb128 0x1
 1350 00ec 31       		.uleb128 0x31
 1351 00ed 13       		.uleb128 0x13
 1352 00ee 00       		.byte	0
 1353 00ef 00       		.byte	0
 1354 00f0 14       		.uleb128 0x14
 1355 00f1 34       		.uleb128 0x34
 1356 00f2 00       		.byte	0
 1357 00f3 03       		.uleb128 0x3
 1358 00f4 0E       		.uleb128 0xe
 1359 00f5 3A       		.uleb128 0x3a
 1360 00f6 0B       		.uleb128 0xb
 1361 00f7 3B       		.uleb128 0x3b
 1362 00f8 05       		.uleb128 0x5
 1363 00f9 49       		.uleb128 0x49
 1364 00fa 13       		.uleb128 0x13
 1365 00fb 3F       		.uleb128 0x3f
 1366 00fc 19       		.uleb128 0x19
 1367 00fd 3C       		.uleb128 0x3c
 1368 00fe 19       		.uleb128 0x19
 1369 00ff 00       		.byte	0
 1370 0100 00       		.byte	0
 1371 0101 15       		.uleb128 0x15
 1372 0102 34       		.uleb128 0x34
 1373 0103 00       		.byte	0
 1374 0104 03       		.uleb128 0x3
 1375 0105 0E       		.uleb128 0xe
 1376 0106 3A       		.uleb128 0x3a
 1377 0107 0B       		.uleb128 0xb
 1378 0108 3B       		.uleb128 0x3b
 1379 0109 0B       		.uleb128 0xb
 1380 010a 49       		.uleb128 0x49
 1381 010b 13       		.uleb128 0x13
 1382 010c 3F       		.uleb128 0x3f
 1383 010d 19       		.uleb128 0x19
ARM GAS  C:\Users\dmr85\AppData\Local\Temp\ccE7g1ni.s 			page 28


 1384 010e 3C       		.uleb128 0x3c
 1385 010f 19       		.uleb128 0x19
 1386 0110 00       		.byte	0
 1387 0111 00       		.byte	0
 1388 0112 16       		.uleb128 0x16
 1389 0113 2E       		.uleb128 0x2e
 1390 0114 00       		.byte	0
 1391 0115 3F       		.uleb128 0x3f
 1392 0116 19       		.uleb128 0x19
 1393 0117 3C       		.uleb128 0x3c
 1394 0118 19       		.uleb128 0x19
 1395 0119 6E       		.uleb128 0x6e
 1396 011a 0E       		.uleb128 0xe
 1397 011b 03       		.uleb128 0x3
 1398 011c 0E       		.uleb128 0xe
 1399 011d 3A       		.uleb128 0x3a
 1400 011e 0B       		.uleb128 0xb
 1401 011f 3B       		.uleb128 0x3b
 1402 0120 0B       		.uleb128 0xb
 1403 0121 00       		.byte	0
 1404 0122 00       		.byte	0
 1405 0123 00       		.byte	0
 1406              		.section	.debug_loc,"",%progbits
 1407              	.Ldebug_loc0:
 1408              	.LLST0:
 1409 0000 00000000 		.4byte	.LVL0
 1410 0004 08000000 		.4byte	.LVL2
 1411 0008 0100     		.2byte	0x1
 1412 000a 50       		.byte	0x50
 1413 000b 08000000 		.4byte	.LVL2
 1414 000f 14000000 		.4byte	.LVL6
 1415 0013 0400     		.2byte	0x4
 1416 0015 F3       		.byte	0xf3
 1417 0016 01       		.uleb128 0x1
 1418 0017 50       		.byte	0x50
 1419 0018 9F       		.byte	0x9f
 1420 0019 14000000 		.4byte	.LVL6
 1421 001d 1A000000 		.4byte	.LVL7
 1422 0021 0100     		.2byte	0x1
 1423 0023 50       		.byte	0x50
 1424 0024 1A000000 		.4byte	.LVL7
 1425 0028 22000000 		.4byte	.LFE522
 1426 002c 0400     		.2byte	0x4
 1427 002e F3       		.byte	0xf3
 1428 002f 01       		.uleb128 0x1
 1429 0030 50       		.byte	0x50
 1430 0031 9F       		.byte	0x9f
 1431 0032 00000000 		.4byte	0
 1432 0036 00000000 		.4byte	0
 1433              	.LLST1:
 1434 003a 00000000 		.4byte	.LVL0
 1435 003e 08000000 		.4byte	.LVL2
 1436 0042 0100     		.2byte	0x1
 1437 0044 51       		.byte	0x51
 1438 0045 08000000 		.4byte	.LVL2
 1439 0049 0C000000 		.4byte	.LVL3
 1440 004d 0100     		.2byte	0x1
ARM GAS  C:\Users\dmr85\AppData\Local\Temp\ccE7g1ni.s 			page 29


 1441 004f 55       		.byte	0x55
 1442 0050 0C000000 		.4byte	.LVL3
 1443 0054 10000000 		.4byte	.LVL4
 1444 0058 0300     		.2byte	0x3
 1445 005a 75       		.byte	0x75
 1446 005b 7F       		.sleb128 -1
 1447 005c 9F       		.byte	0x9f
 1448 005d 10000000 		.4byte	.LVL4
 1449 0061 14000000 		.4byte	.LVL6
 1450 0065 0100     		.2byte	0x1
 1451 0067 55       		.byte	0x55
 1452 0068 14000000 		.4byte	.LVL6
 1453 006c 1A000000 		.4byte	.LVL7
 1454 0070 0100     		.2byte	0x1
 1455 0072 51       		.byte	0x51
 1456 0073 1A000000 		.4byte	.LVL7
 1457 0077 1E000000 		.4byte	.LVL8
 1458 007b 0100     		.2byte	0x1
 1459 007d 55       		.byte	0x55
 1460 007e 00000000 		.4byte	0
 1461 0082 00000000 		.4byte	0
 1462              	.LLST2:
 1463 0086 00000000 		.4byte	.LVL0
 1464 008a 08000000 		.4byte	.LVL2
 1465 008e 0100     		.2byte	0x1
 1466 0090 52       		.byte	0x52
 1467 0091 08000000 		.4byte	.LVL2
 1468 0095 14000000 		.4byte	.LVL6
 1469 0099 0100     		.2byte	0x1
 1470 009b 56       		.byte	0x56
 1471 009c 14000000 		.4byte	.LVL6
 1472 00a0 1A000000 		.4byte	.LVL7
 1473 00a4 0100     		.2byte	0x1
 1474 00a6 52       		.byte	0x52
 1475 00a7 1A000000 		.4byte	.LVL7
 1476 00ab 1E000000 		.4byte	.LVL8
 1477 00af 0100     		.2byte	0x1
 1478 00b1 56       		.byte	0x56
 1479 00b2 1E000000 		.4byte	.LVL8
 1480 00b6 22000000 		.4byte	.LFE522
 1481 00ba 0400     		.2byte	0x4
 1482 00bc F3       		.byte	0xf3
 1483 00bd 01       		.uleb128 0x1
 1484 00be 52       		.byte	0x52
 1485 00bf 9F       		.byte	0x9f
 1486 00c0 00000000 		.4byte	0
 1487 00c4 00000000 		.4byte	0
 1488              	.LLST3:
 1489 00c8 02000000 		.4byte	.LVL1
 1490 00cc 08000000 		.4byte	.LVL2
 1491 00d0 0200     		.2byte	0x2
 1492 00d2 30       		.byte	0x30
 1493 00d3 9F       		.byte	0x9f
 1494 00d4 08000000 		.4byte	.LVL2
 1495 00d8 14000000 		.4byte	.LVL6
 1496 00dc 0100     		.2byte	0x1
 1497 00de 54       		.byte	0x54
ARM GAS  C:\Users\dmr85\AppData\Local\Temp\ccE7g1ni.s 			page 30


 1498 00df 14000000 		.4byte	.LVL6
 1499 00e3 1A000000 		.4byte	.LVL7
 1500 00e7 0200     		.2byte	0x2
 1501 00e9 30       		.byte	0x30
 1502 00ea 9F       		.byte	0x9f
 1503 00eb 1A000000 		.4byte	.LVL7
 1504 00ef 22000000 		.4byte	.LFE522
 1505 00f3 0100     		.2byte	0x1
 1506 00f5 54       		.byte	0x54
 1507 00f6 00000000 		.4byte	0
 1508 00fa 00000000 		.4byte	0
 1509              	.LLST4:
 1510 00fe 00000000 		.4byte	.LVL9
 1511 0102 08000000 		.4byte	.LVL11
 1512 0106 0100     		.2byte	0x1
 1513 0108 50       		.byte	0x50
 1514 0109 08000000 		.4byte	.LVL11
 1515 010d 1E000000 		.4byte	.LVL15
 1516 0111 0400     		.2byte	0x4
 1517 0113 F3       		.byte	0xf3
 1518 0114 01       		.uleb128 0x1
 1519 0115 50       		.byte	0x50
 1520 0116 9F       		.byte	0x9f
 1521 0117 1E000000 		.4byte	.LVL15
 1522 011b 24000000 		.4byte	.LVL16
 1523 011f 0100     		.2byte	0x1
 1524 0121 50       		.byte	0x50
 1525 0122 24000000 		.4byte	.LVL16
 1526 0126 2C000000 		.4byte	.LFE523
 1527 012a 0400     		.2byte	0x4
 1528 012c F3       		.byte	0xf3
 1529 012d 01       		.uleb128 0x1
 1530 012e 50       		.byte	0x50
 1531 012f 9F       		.byte	0x9f
 1532 0130 00000000 		.4byte	0
 1533 0134 00000000 		.4byte	0
 1534              	.LLST5:
 1535 0138 00000000 		.4byte	.LVL9
 1536 013c 08000000 		.4byte	.LVL11
 1537 0140 0100     		.2byte	0x1
 1538 0142 51       		.byte	0x51
 1539 0143 08000000 		.4byte	.LVL11
 1540 0147 1E000000 		.4byte	.LVL15
 1541 014b 0100     		.2byte	0x1
 1542 014d 55       		.byte	0x55
 1543 014e 1E000000 		.4byte	.LVL15
 1544 0152 24000000 		.4byte	.LVL16
 1545 0156 0100     		.2byte	0x1
 1546 0158 51       		.byte	0x51
 1547 0159 24000000 		.4byte	.LVL16
 1548 015d 28000000 		.4byte	.LVL17
 1549 0161 0100     		.2byte	0x1
 1550 0163 55       		.byte	0x55
 1551 0164 00000000 		.4byte	0
 1552 0168 00000000 		.4byte	0
 1553              	.LLST6:
 1554 016c 00000000 		.4byte	.LVL9
ARM GAS  C:\Users\dmr85\AppData\Local\Temp\ccE7g1ni.s 			page 31


 1555 0170 08000000 		.4byte	.LVL11
 1556 0174 0100     		.2byte	0x1
 1557 0176 52       		.byte	0x52
 1558 0177 08000000 		.4byte	.LVL11
 1559 017b 1E000000 		.4byte	.LVL15
 1560 017f 0100     		.2byte	0x1
 1561 0181 56       		.byte	0x56
 1562 0182 1E000000 		.4byte	.LVL15
 1563 0186 24000000 		.4byte	.LVL16
 1564 018a 0100     		.2byte	0x1
 1565 018c 52       		.byte	0x52
 1566 018d 24000000 		.4byte	.LVL16
 1567 0191 28000000 		.4byte	.LVL17
 1568 0195 0100     		.2byte	0x1
 1569 0197 56       		.byte	0x56
 1570 0198 28000000 		.4byte	.LVL17
 1571 019c 2C000000 		.4byte	.LFE523
 1572 01a0 0400     		.2byte	0x4
 1573 01a2 F3       		.byte	0xf3
 1574 01a3 01       		.uleb128 0x1
 1575 01a4 52       		.byte	0x52
 1576 01a5 9F       		.byte	0x9f
 1577 01a6 00000000 		.4byte	0
 1578 01aa 00000000 		.4byte	0
 1579              	.LLST7:
 1580 01ae 02000000 		.4byte	.LVL10
 1581 01b2 08000000 		.4byte	.LVL11
 1582 01b6 0200     		.2byte	0x2
 1583 01b8 30       		.byte	0x30
 1584 01b9 9F       		.byte	0x9f
 1585 01ba 08000000 		.4byte	.LVL11
 1586 01be 1E000000 		.4byte	.LVL15
 1587 01c2 0100     		.2byte	0x1
 1588 01c4 54       		.byte	0x54
 1589 01c5 1E000000 		.4byte	.LVL15
 1590 01c9 24000000 		.4byte	.LVL16
 1591 01cd 0200     		.2byte	0x2
 1592 01cf 30       		.byte	0x30
 1593 01d0 9F       		.byte	0x9f
 1594 01d1 24000000 		.4byte	.LVL16
 1595 01d5 2C000000 		.4byte	.LFE523
 1596 01d9 0100     		.2byte	0x1
 1597 01db 54       		.byte	0x54
 1598 01dc 00000000 		.4byte	0
 1599 01e0 00000000 		.4byte	0
 1600              		.section	.debug_aranges,"",%progbits
 1601 0000 24000000 		.4byte	0x24
 1602 0004 0200     		.2byte	0x2
 1603 0006 00000000 		.4byte	.Ldebug_info0
 1604 000a 04       		.byte	0x4
 1605 000b 00       		.byte	0
 1606 000c 0000     		.2byte	0
 1607 000e 0000     		.2byte	0
 1608 0010 00000000 		.4byte	.LFB522
 1609 0014 22000000 		.4byte	.LFE522-.LFB522
 1610 0018 00000000 		.4byte	.LFB523
 1611 001c 2C000000 		.4byte	.LFE523-.LFB523
ARM GAS  C:\Users\dmr85\AppData\Local\Temp\ccE7g1ni.s 			page 32


 1612 0020 00000000 		.4byte	0
 1613 0024 00000000 		.4byte	0
 1614              		.section	.debug_ranges,"",%progbits
 1615              	.Ldebug_ranges0:
 1616 0000 00000000 		.4byte	.LFB522
 1617 0004 22000000 		.4byte	.LFE522
 1618 0008 00000000 		.4byte	.LFB523
 1619 000c 2C000000 		.4byte	.LFE523
 1620 0010 00000000 		.4byte	0
 1621 0014 00000000 		.4byte	0
 1622              		.section	.debug_line,"",%progbits
 1623              	.Ldebug_line0:
 1624 0000 B0020000 		.section	.debug_str,"MS",%progbits,1
 1624      02005902 
 1624      00000201 
 1624      FB0E0D00 
 1624      01010101 
 1625              	.LASF57:
 1626 0000 70726F74 		.ascii	"protBusMasterMask\000"
 1626      4275734D 
 1626      61737465 
 1626      724D6173 
 1626      6B00
 1627              	.LASF139:
 1628 0012 5350495F 		.ascii	"SPI_context\000"
 1628      636F6E74 
 1628      65787400 
 1629              	.LASF115:
 1630 001e 72784275 		.ascii	"rxBufSize\000"
 1630      6653697A 
 1630      6500
 1631              	.LASF67:
 1632 0028 666C6173 		.ascii	"flashCtlMainWs3Freq\000"
 1632      6843746C 
 1632      4D61696E 
 1632      57733346 
 1632      72657100 
 1633              	.LASF89:
 1634 003c 6770696F 		.ascii	"gpioPrtCfgInOffset\000"
 1634      50727443 
 1634      6667496E 
 1634      4F666673 
 1634      657400
 1635              	.LASF107:
 1636 004f 6970634C 		.ascii	"ipcLockStatusOffset\000"
 1636      6F636B53 
 1636      74617475 
 1636      734F6666 
 1636      73657400 
 1637              	.LASF33:
 1638 0063 63727970 		.ascii	"cryptoVersion\000"
 1638      746F5665 
 1638      7273696F 
 1638      6E00
 1639              	.LASF51:
 1640 0071 70657269 		.ascii	"periClockNr\000"
 1640      436C6F63 
ARM GAS  C:\Users\dmr85\AppData\Local\Temp\ccE7g1ni.s 			page 33


 1640      6B4E7200 
 1641              	.LASF29:
 1642 007d 70617373 		.ascii	"passBase\000"
 1642      42617365 
 1642      00
 1643              	.LASF42:
 1644 0086 63707573 		.ascii	"cpussIpcIrqNr\000"
 1644      73497063 
 1644      4972714E 
 1644      7200
 1645              	.LASF2:
 1646 0094 5F5F7569 		.ascii	"__uint8_t\000"
 1646      6E74385F 
 1646      7400
 1647              	.LASF86:
 1648 009e 70657269 		.ascii	"periDiv24_5CtlOffset\000"
 1648      44697632 
 1648      345F3543 
 1648      746C4F66 
 1648      66736574 
 1649              	.LASF93:
 1650 00b3 63707573 		.ascii	"cpussCm4ClockCtlOffset\000"
 1650      73436D34 
 1650      436C6F63 
 1650      6B43746C 
 1650      4F666673 
 1651              	.LASF22:
 1652 00ca 63707573 		.ascii	"cpussBase\000"
 1652      73426173 
 1652      6500
 1653              	.LASF71:
 1654 00d4 64774368 		.ascii	"dwChCtlPrioPos\000"
 1654      43746C50 
 1654      72696F50 
 1654      6F7300
 1655              	.LASF12:
 1656 00e3 6C6F6E67 		.ascii	"long long unsigned int\000"
 1656      206C6F6E 
 1656      6720756E 
 1656      7369676E 
 1656      65642069 
 1657              	.LASF75:
 1658 00fa 70657269 		.ascii	"periTrCmdOffset\000"
 1658      5472436D 
 1658      644F6666 
 1658      73657400 
 1659              	.LASF128:
 1660 010a 72785269 		.ascii	"rxRingBuf\000"
 1660      6E674275 
 1660      6600
 1661              	.LASF99:
 1662 0114 63707573 		.ascii	"cpussSysTickCtlOffset\000"
 1662      73537973 
 1662      5469636B 
 1662      43746C4F 
 1662      66667365 
 1663              	.LASF137:
ARM GAS  C:\Users\dmr85\AppData\Local\Temp\ccE7g1ni.s 			page 34


 1664 012a 49544D5F 		.ascii	"ITM_RxBuffer\000"
 1664      52784275 
 1664      66666572 
 1664      00
 1665              	.LASF136:
 1666 0137 6E436861 		.ascii	"nChars\000"
 1666      727300
 1667              	.LASF60:
 1668 013e 666C6173 		.ascii	"flashPipeRequired\000"
 1668      68506970 
 1668      65526571 
 1668      75697265 
 1668      6400
 1669              	.LASF64:
 1670 0150 666C6173 		.ascii	"flashCtlMainWs0Freq\000"
 1670      6843746C 
 1670      4D61696E 
 1670      57733046 
 1670      72657100 
 1671              	.LASF18:
 1672 0164 696E7431 		.ascii	"int16_t\000"
 1672      365F7400 
 1673              	.LASF11:
 1674 016c 6C6F6E67 		.ascii	"long long int\000"
 1674      206C6F6E 
 1674      6720696E 
 1674      7400
 1675              	.LASF0:
 1676 017a 7369676E 		.ascii	"signed char\000"
 1676      65642063 
 1676      68617200 
 1677              	.LASF124:
 1678 0186 63795F73 		.ascii	"cy_stc_scb_spi_context\000"
 1678      74635F73 
 1678      63625F73 
 1678      70695F63 
 1678      6F6E7465 
 1679              	.LASF80:
 1680 019d 70657269 		.ascii	"periDivCmdTypeSelPos\000"
 1680      44697643 
 1680      6D645479 
 1680      70655365 
 1680      6C506F73 
 1681              	.LASF142:
 1682 01b2 53544449 		.ascii	"STDIO_GetChar\000"
 1682      4F5F4765 
 1682      74436861 
 1682      7200
 1683              	.LASF26:
 1684 01c0 70726F74 		.ascii	"protBase\000"
 1684      42617365 
 1684      00
 1685              	.LASF38:
 1686 01c9 69706356 		.ascii	"ipcVersion\000"
 1686      65727369 
 1686      6F6E00
 1687              	.LASF100:
ARM GAS  C:\Users\dmr85\AppData\Local\Temp\ccE7g1ni.s 			page 35


 1688 01d4 63707573 		.ascii	"cpussCm0NmiCtlOffset\000"
 1688      73436D30 
 1688      4E6D6943 
 1688      746C4F66 
 1688      66736574 
 1689              	.LASF112:
 1690 01e9 63795F63 		.ascii	"cy_cb_scb_spi_handle_events_t\000"
 1690      625F7363 
 1690      625F7370 
 1690      695F6861 
 1690      6E646C65 
 1691              	.LASF48:
 1692 0207 73727373 		.ascii	"srssNumClkpath\000"
 1692      4E756D43 
 1692      6C6B7061 
 1692      746800
 1693              	.LASF27:
 1694 0216 6873696F 		.ascii	"hsiomBase\000"
 1694      6D426173 
 1694      6500
 1695              	.LASF8:
 1696 0220 6C6F6E67 		.ascii	"long int\000"
 1696      20696E74 
 1696      00
 1697              	.LASF58:
 1698 0229 63727970 		.ascii	"cryptoMemSize\000"
 1698      746F4D65 
 1698      6D53697A 
 1698      6500
 1699              	.LASF24:
 1700 0237 70657269 		.ascii	"periBase\000"
 1700      42617365 
 1700      00
 1701              	.LASF56:
 1702 0240 73797350 		.ascii	"sysPmSimoPresent\000"
 1702      6D53696D 
 1702      6F507265 
 1702      73656E74 
 1702      00
 1703              	.LASF46:
 1704 0251 63707573 		.ascii	"cpussFmIrq\000"
 1704      73466D49 
 1704      727100
 1705              	.LASF110:
 1706 025c 646F7562 		.ascii	"double\000"
 1706      6C6500
 1707              	.LASF85:
 1708 0263 70657269 		.ascii	"periDiv16_5CtlOffset\000"
 1708      44697631 
 1708      365F3543 
 1708      746C4F66 
 1708      66736574 
 1709              	.LASF49:
 1710 0278 73727373 		.ascii	"srssNumPll\000"
 1710      4E756D50 
 1710      6C6C00
 1711              	.LASF141:
ARM GAS  C:\Users\dmr85\AppData\Local\Temp\ccE7g1ni.s 			page 36


 1712 0283 53544449 		.ascii	"STDIO_PutChar\000"
 1712      4F5F5075 
 1712      74436861 
 1712      7200
 1713              	.LASF83:
 1714 0291 70657269 		.ascii	"periDiv8CtlOffset\000"
 1714      44697638 
 1714      43746C4F 
 1714      66667365 
 1714      7400
 1715              	.LASF90:
 1716 02a3 6770696F 		.ascii	"gpioPrtCfgOutOffset\000"
 1716      50727443 
 1716      66674F75 
 1716      744F6666 
 1716      73657400 
 1717              	.LASF9:
 1718 02b7 5F5F7569 		.ascii	"__uint32_t\000"
 1718      6E743332 
 1718      5F7400
 1719              	.LASF53:
 1720 02c2 70617373 		.ascii	"passSarChannels\000"
 1720      53617243 
 1720      68616E6E 
 1720      656C7300 
 1721              	.LASF3:
 1722 02d2 5F5F696E 		.ascii	"__int16_t\000"
 1722      7431365F 
 1722      7400
 1723              	.LASF116:
 1724 02dc 72784275 		.ascii	"rxBufIdx\000"
 1724      66496478 
 1724      00
 1725              	.LASF135:
 1726 02e5 5F726561 		.ascii	"_read\000"
 1726      6400
 1727              	.LASF96:
 1728 02eb 63707573 		.ascii	"cpussCm4PwrCtlOffset\000"
 1728      73436D34 
 1728      50777243 
 1728      746C4F66 
 1728      66736574 
 1729              	.LASF118:
 1730 0300 74784275 		.ascii	"txBufSize\000"
 1730      6653697A 
 1730      6500
 1731              	.LASF91:
 1732 030a 6770696F 		.ascii	"gpioPrtCfgSioOffset\000"
 1732      50727443 
 1732      66675369 
 1732      6F4F6666 
 1732      73657400 
 1733              	.LASF43:
 1734 031e 63707573 		.ascii	"cpussDwChNr\000"
 1734      73447743 
 1734      684E7200 
 1735              	.LASF13:
ARM GAS  C:\Users\dmr85\AppData\Local\Temp\ccE7g1ni.s 			page 37


 1736 032a 756E7369 		.ascii	"unsigned int\000"
 1736      676E6564 
 1736      20696E74 
 1736      00
 1737              	.LASF19:
 1738 0337 75696E74 		.ascii	"uint16_t\000"
 1738      31365F74 
 1738      00
 1739              	.LASF76:
 1740 0340 70657269 		.ascii	"periTrCmdGrSelMsk\000"
 1740      5472436D 
 1740      64477253 
 1740      656C4D73 
 1740      6B00
 1741              	.LASF65:
 1742 0352 666C6173 		.ascii	"flashCtlMainWs1Freq\000"
 1742      6843746C 
 1742      4D61696E 
 1742      57733146 
 1742      72657100 
 1743              	.LASF10:
 1744 0366 6C6F6E67 		.ascii	"long unsigned int\000"
 1744      20756E73 
 1744      69676E65 
 1744      6420696E 
 1744      7400
 1745              	.LASF123:
 1746 0378 63795F63 		.ascii	"cy_cb_scb_uart_handle_events_t\000"
 1746      625F7363 
 1746      625F7561 
 1746      72745F68 
 1746      616E646C 
 1747              	.LASF140:
 1748 0397 55415254 		.ascii	"UART_context\000"
 1748      5F636F6E 
 1748      74657874 
 1748      00
 1749              	.LASF41:
 1750 03a4 63707573 		.ascii	"cpussIpcNr\000"
 1750      73497063 
 1750      4E7200
 1751              	.LASF28:
 1752 03af 6770696F 		.ascii	"gpioBase\000"
 1752      42617365 
 1752      00
 1753              	.LASF66:
 1754 03b8 666C6173 		.ascii	"flashCtlMainWs2Freq\000"
 1754      6843746C 
 1754      4D61696E 
 1754      57733246 
 1754      72657100 
 1755              	.LASF77:
 1756 03cc 70657269 		.ascii	"periTrGrOffset\000"
 1756      54724772 
 1756      4F666673 
 1756      657400
 1757              	.LASF104:
ARM GAS  C:\Users\dmr85\AppData\Local\Temp\ccE7g1ni.s 			page 38


 1758 03db 63707573 		.ascii	"cpussRam1Ctl0\000"
 1758      7352616D 
 1758      3143746C 
 1758      3000
 1759              	.LASF120:
 1760 03e9 63624576 		.ascii	"cbEvents\000"
 1760      656E7473 
 1760      00
 1761              	.LASF78:
 1762 03f2 70657269 		.ascii	"periTrGrSize\000"
 1762      54724772 
 1762      53697A65 
 1762      00
 1763              	.LASF36:
 1764 03ff 6770696F 		.ascii	"gpioVersion\000"
 1764      56657273 
 1764      696F6E00 
 1765              	.LASF117:
 1766 040b 74784275 		.ascii	"txBuf\000"
 1766      6600
 1767              	.LASF108:
 1768 0411 63795F73 		.ascii	"cy_stc_device_t\000"
 1768      74635F64 
 1768      65766963 
 1768      655F7400 
 1769              	.LASF122:
 1770 0421 63795F73 		.ascii	"cy_stc_scb_spi_context_t\000"
 1770      74635F73 
 1770      63625F73 
 1770      70695F63 
 1770      6F6E7465 
 1771              	.LASF54:
 1772 043a 65704D6F 		.ascii	"epMonitorNr\000"
 1772      6E69746F 
 1772      724E7200 
 1773              	.LASF130:
 1774 0446 72785269 		.ascii	"rxRingBufHead\000"
 1774      6E674275 
 1774      66486561 
 1774      6400
 1775              	.LASF97:
 1776 0454 63707573 		.ascii	"cpussTrimRamCtlOffset\000"
 1776      73547269 
 1776      6D52616D 
 1776      43746C4F 
 1776      66667365 
 1777              	.LASF92:
 1778 046a 63707573 		.ascii	"cpussCm0ClockCtlOffset\000"
 1778      73436D30 
 1778      436C6F63 
 1778      6B43746C 
 1778      4F666673 
 1779              	.LASF134:
 1780 0481 5F777269 		.ascii	"_write\000"
 1780      746500
 1781              	.LASF32:
 1782 0488 63707573 		.ascii	"cpussVersion\000"
ARM GAS  C:\Users\dmr85\AppData\Local\Temp\ccE7g1ni.s 			page 39


 1782      73566572 
 1782      73696F6E 
 1782      00
 1783              	.LASF39:
 1784 0495 70657269 		.ascii	"periVersion\000"
 1784      56657273 
 1784      696F6E00 
 1785              	.LASF95:
 1786 04a1 63707573 		.ascii	"cpussCm0StatusOffset\000"
 1786      73436D30 
 1786      53746174 
 1786      75734F66 
 1786      66736574 
 1787              	.LASF15:
 1788 04b6 73697A65 		.ascii	"sizetype\000"
 1788      74797065 
 1788      00
 1789              	.LASF69:
 1790 04bf 64774368 		.ascii	"dwChOffset\000"
 1790      4F666673 
 1790      657400
 1791              	.LASF44:
 1792 04ca 63707573 		.ascii	"cpussFlashPaSize\000"
 1792      73466C61 
 1792      73685061 
 1792      53697A65 
 1792      00
 1793              	.LASF82:
 1794 04db 70657269 		.ascii	"periDivCmdPaTypeSelPos\000"
 1794      44697643 
 1794      6D645061 
 1794      54797065 
 1794      53656C50 
 1795              	.LASF105:
 1796 04f2 63707573 		.ascii	"cpussRam2Ctl0\000"
 1796      7352616D 
 1796      3243746C 
 1796      3000
 1797              	.LASF73:
 1798 0500 64775374 		.ascii	"dwStatusChIdxPos\000"
 1798      61747573 
 1798      43684964 
 1798      78506F73 
 1798      00
 1799              	.LASF55:
 1800 0511 75646250 		.ascii	"udbPresent\000"
 1800      72657365 
 1800      6E7400
 1801              	.LASF127:
 1802 051c 72785374 		.ascii	"rxStatus\000"
 1802      61747573 
 1802      00
 1803              	.LASF35:
 1804 0525 666C6173 		.ascii	"flashcVersion\000"
 1804      68635665 
 1804      7273696F 
 1804      6E00
ARM GAS  C:\Users\dmr85\AppData\Local\Temp\ccE7g1ni.s 			page 40


 1805              	.LASF31:
 1806 0533 63727970 		.ascii	"cryptoBase\000"
 1806      746F4261 
 1806      736500
 1807              	.LASF52:
 1808 053e 736D6966 		.ascii	"smifDeviceNr\000"
 1808      44657669 
 1808      63654E72 
 1808      00
 1809              	.LASF143:
 1810 054b 474E5520 		.ascii	"GNU C11 5.4.1 20160609 (release) [ARM/embedded-5-br"
 1810      43313120 
 1810      352E342E 
 1810      31203230 
 1810      31363036 
 1811 057e 616E6368 		.ascii	"anch revision 237715] -mcpu=cortex-m4 -mfloat-abi=s"
 1811      20726576 
 1811      6973696F 
 1811      6E203233 
 1811      37373135 
 1812 05b1 6F667466 		.ascii	"oftfp -mfpu=fpv4-sp-d16 -mthumb -g -Og -ffunction-s"
 1812      70202D6D 
 1812      6670753D 
 1812      66707634 
 1812      2D73702D 
 1813 05e4 65637469 		.ascii	"ections -ffat-lto-objects\000"
 1813      6F6E7320 
 1813      2D666661 
 1813      742D6C74 
 1813      6F2D6F62 
 1814              	.LASF109:
 1815 05fe 666C6F61 		.ascii	"float\000"
 1815      7400
 1816              	.LASF74:
 1817 0604 64775374 		.ascii	"dwStatusChIdxMsk\000"
 1817      61747573 
 1817      43684964 
 1817      784D736B 
 1817      00
 1818              	.LASF138:
 1819 0615 63795F64 		.ascii	"cy_device\000"
 1819      65766963 
 1819      6500
 1820              	.LASF102:
 1821 061f 63707573 		.ascii	"cpussRomCtl\000"
 1821      73526F6D 
 1821      43746C00 
 1822              	.LASF72:
 1823 062b 64774368 		.ascii	"dwChCtlPreemptablePos\000"
 1823      43746C50 
 1823      7265656D 
 1823      70746162 
 1823      6C65506F 
 1824              	.LASF132:
 1825 0641 74784C65 		.ascii	"txLeftToTransmit\000"
 1825      6674546F 
 1825      5472616E 
ARM GAS  C:\Users\dmr85\AppData\Local\Temp\ccE7g1ni.s 			page 41


 1825      736D6974 
 1825      00
 1826              	.LASF25:
 1827 0652 75646242 		.ascii	"udbBase\000"
 1827      61736500 
 1828              	.LASF111:
 1829 065a 5F426F6F 		.ascii	"_Bool\000"
 1829      6C00
 1830              	.LASF20:
 1831 0660 696E7433 		.ascii	"int32_t\000"
 1831      325F7400 
 1832              	.LASF1:
 1833 0668 756E7369 		.ascii	"unsigned char\000"
 1833      676E6564 
 1833      20636861 
 1833      7200
 1834              	.LASF68:
 1835 0676 666C6173 		.ascii	"flashCtlMainWs4Freq\000"
 1835      6843746C 
 1835      4D61696E 
 1835      57733446 
 1835      72657100 
 1836              	.LASF4:
 1837 068a 73686F72 		.ascii	"short int\000"
 1837      7420696E 
 1837      7400
 1838              	.LASF79:
 1839 0694 70657269 		.ascii	"periDivCmdDivSelMsk\000"
 1839      44697643 
 1839      6D644469 
 1839      7653656C 
 1839      4D736B00 
 1840              	.LASF23:
 1841 06a8 666C6173 		.ascii	"flashcBase\000"
 1841      68634261 
 1841      736500
 1842              	.LASF145:
 1843 06b3 433A5C55 		.ascii	"C:\\Users\\dmr85\\Documents\\PSoC Creator\\EEG\\Sle"
 1843      73657273 
 1843      5C646D72 
 1843      38355C44 
 1843      6F63756D 
 1844 06e0 65702051 		.ascii	"ep Quality Monitor.cydsn\000"
 1844      75616C69 
 1844      7479204D 
 1844      6F6E6974 
 1844      6F722E63 
 1845              	.LASF50:
 1846 06f9 73727373 		.ascii	"srssNumHfroot\000"
 1846      4E756D48 
 1846      66726F6F 
 1846      7400
 1847              	.LASF63:
 1848 0707 666C6173 		.ascii	"flashEraseDelay\000"
 1848      68457261 
 1848      73654465 
 1848      6C617900 
ARM GAS  C:\Users\dmr85\AppData\Local\Temp\ccE7g1ni.s 			page 42


 1849              	.LASF21:
 1850 0717 75696E74 		.ascii	"uint32_t\000"
 1850      33325F74 
 1850      00
 1851              	.LASF101:
 1852 0720 63707573 		.ascii	"cpussCm4NmiCtlOffset\000"
 1852      73436D34 
 1852      4E6D6943 
 1852      746C4F66 
 1852      66736574 
 1853              	.LASF14:
 1854 0735 6C6F6E67 		.ascii	"long double\000"
 1854      20646F75 
 1854      626C6500 
 1855              	.LASF16:
 1856 0741 63686172 		.ascii	"char\000"
 1856      00
 1857              	.LASF40:
 1858 0746 70726F74 		.ascii	"protVersion\000"
 1858      56657273 
 1858      696F6E00 
 1859              	.LASF103:
 1860 0752 63707573 		.ascii	"cpussRam0Ctl0\000"
 1860      7352616D 
 1860      3043746C 
 1860      3000
 1861              	.LASF5:
 1862 0760 5F5F7569 		.ascii	"__uint16_t\000"
 1862      6E743136 
 1862      5F7400
 1863              	.LASF84:
 1864 076b 70657269 		.ascii	"periDiv16CtlOffset\000"
 1864      44697631 
 1864      3643746C 
 1864      4F666673 
 1864      657400
 1865              	.LASF7:
 1866 077e 5F5F696E 		.ascii	"__int32_t\000"
 1866      7433325F 
 1866      7400
 1867              	.LASF37:
 1868 0788 6873696F 		.ascii	"hsiomVersion\000"
 1868      6D566572 
 1868      73696F6E 
 1868      00
 1869              	.LASF62:
 1870 0795 666C6173 		.ascii	"flashProgramDelay\000"
 1870      6850726F 
 1870      6772616D 
 1870      44656C61 
 1870      7900
 1871              	.LASF129:
 1872 07a7 72785269 		.ascii	"rxRingBufSize\000"
 1872      6E674275 
 1872      6653697A 
 1872      6500
 1873              	.LASF6:
ARM GAS  C:\Users\dmr85\AppData\Local\Temp\ccE7g1ni.s 			page 43


 1874 07b5 73686F72 		.ascii	"short unsigned int\000"
 1874      7420756E 
 1874      7369676E 
 1874      65642069 
 1874      6E7400
 1875              	.LASF70:
 1876 07c8 64774368 		.ascii	"dwChSize\000"
 1876      53697A65 
 1876      00
 1877              	.LASF106:
 1878 07d1 69706353 		.ascii	"ipcStructSize\000"
 1878      74727563 
 1878      7453697A 
 1878      6500
 1879              	.LASF45:
 1880 07df 63707573 		.ascii	"cpussIpc0Irq\000"
 1880      73497063 
 1880      30497271 
 1880      00
 1881              	.LASF88:
 1882 07ec 6770696F 		.ascii	"gpioPrtCfgOffset\000"
 1882      50727443 
 1882      66674F66 
 1882      66736574 
 1882      00
 1883              	.LASF121:
 1884 07fd 696E6974 		.ascii	"initKey\000"
 1884      4B657900 
 1885              	.LASF114:
 1886 0805 72784275 		.ascii	"rxBuf\000"
 1886      6600
 1887              	.LASF133:
 1888 080b 63795F73 		.ascii	"cy_stc_scb_uart_context_t\000"
 1888      74635F73 
 1888      63625F75 
 1888      6172745F 
 1888      636F6E74 
 1889              	.LASF113:
 1890 0825 73746174 		.ascii	"status\000"
 1890      757300
 1891              	.LASF47:
 1892 082c 63707573 		.ascii	"cpussNotConnectedIrq\000"
 1892      734E6F74 
 1892      436F6E6E 
 1892      65637465 
 1892      64497271 
 1893              	.LASF61:
 1894 0841 666C6173 		.ascii	"flashWriteDelay\000"
 1894      68577269 
 1894      74654465 
 1894      6C617900 
 1895              	.LASF17:
 1896 0851 75696E74 		.ascii	"uint8_t\000"
 1896      385F7400 
 1897              	.LASF94:
 1898 0859 63707573 		.ascii	"cpussCm4StatusOffset\000"
 1898      73436D34 
ARM GAS  C:\Users\dmr85\AppData\Local\Temp\ccE7g1ni.s 			page 44


 1898      53746174 
 1898      75734F66 
 1898      66736574 
 1899              	.LASF87:
 1900 086e 6770696F 		.ascii	"gpioPrtIntrCfgOffset\000"
 1900      50727449 
 1900      6E747243 
 1900      66674F66 
 1900      66736574 
 1901              	.LASF131:
 1902 0883 72785269 		.ascii	"rxRingBufTail\000"
 1902      6E674275 
 1902      66546169 
 1902      6C00
 1903              	.LASF98:
 1904 0891 63707573 		.ascii	"cpussTrimRomCtlOffset\000"
 1904      73547269 
 1904      6D526F6D 
 1904      43746C4F 
 1904      66667365 
 1905              	.LASF126:
 1906 08a7 74785374 		.ascii	"txStatus\000"
 1906      61747573 
 1906      00
 1907              	.LASF144:
 1908 08b0 47656E65 		.ascii	"Generated_Source\\PSoC6\\pdl\\utilities\\retarget_i"
 1908      72617465 
 1908      645F536F 
 1908      75726365 
 1908      5C50536F 
 1909 08df 6F5C7265 		.ascii	"o\\retarget.c\000"
 1909      74617267 
 1909      65742E63 
 1909      00
 1910              	.LASF34:
 1911 08ec 64775665 		.ascii	"dwVersion\000"
 1911      7273696F 
 1911      6E00
 1912              	.LASF30:
 1913 08f6 69706342 		.ascii	"ipcBase\000"
 1913      61736500 
 1914              	.LASF81:
 1915 08fe 70657269 		.ascii	"periDivCmdPaDivSelPos\000"
 1915      44697643 
 1915      6D645061 
 1915      44697653 
 1915      656C506F 
 1916              	.LASF125:
 1917 0914 63795F73 		.ascii	"cy_stc_scb_uart_context\000"
 1917      74635F73 
 1917      63625F75 
 1917      6172745F 
 1917      636F6E74 
 1918              	.LASF59:
 1919 092c 666C6173 		.ascii	"flashRwwRequired\000"
 1919      68527777 
 1919      52657175 
ARM GAS  C:\Users\dmr85\AppData\Local\Temp\ccE7g1ni.s 			page 45


 1919      69726564 
 1919      00
 1920              	.LASF119:
 1921 093d 74784275 		.ascii	"txBufIdx\000"
 1921      66496478 
 1921      00
 1922              		.ident	"GCC: (GNU Tools for ARM Embedded Processors) 5.4.1 20160609 (release) [ARM/embedded-5-bran
