ARM GAS  C:\Users\dmr85\AppData\Local\Temp\ccQyNAON.s 			page 1


   1              		.syntax unified
   2              		.cpu cortex-m0plus
   3              		.fpu softvfp
   4              		.eabi_attribute 20, 1
   5              		.eabi_attribute 21, 1
   6              		.eabi_attribute 23, 3
   7              		.eabi_attribute 24, 1
   8              		.eabi_attribute 25, 1
   9              		.eabi_attribute 26, 1
  10              		.eabi_attribute 30, 1
  11              		.eabi_attribute 34, 0
  12              		.eabi_attribute 18, 4
  13              		.thumb
  14              		.syntax unified
  15              		.file	"main_cm0p.c"
  16              		.text
  17              	.Ltext0:
  18              		.cfi_sections	.debug_frame
  19              		.section	.text.main,"ax",%progbits
  20              		.align	2
  21              		.global	main
  22              		.code	16
  23              		.thumb_func
  24              		.type	main, %function
  25              	main:
  26              	.LFB433:
  27              		.file 1 "main_cm0p.c"
   1:main_cm0p.c   **** #include "project.h"
   2:main_cm0p.c   **** 
   3:main_cm0p.c   **** int main(void)
   4:main_cm0p.c   **** {    
  28              		.loc 1 4 0
  29              		.cfi_startproc
  30              		@ args = 0, pretend = 0, frame = 0
  31              		@ frame_needed = 0, uses_anonymous_args = 0
  32 0000 10B5     		push	{r4, lr}
  33              		.cfi_def_cfa_offset 8
  34              		.cfi_offset 4, -8
  35              		.cfi_offset 14, -4
  36              	.LBB4:
  37              	.LBB5:
  38              		.file 2 "Generated_Source\\PSoC6\\pdl\\cmsis/include/cmsis_gcc.h"
   1:Generated_Source\PSoC6\pdl\cmsis/include/cmsis_gcc.h **** /**************************************************************************//**
   2:Generated_Source\PSoC6\pdl\cmsis/include/cmsis_gcc.h ****  * @file     cmsis_gcc.h
   3:Generated_Source\PSoC6\pdl\cmsis/include/cmsis_gcc.h ****  * @brief    CMSIS compiler GCC header file
   4:Generated_Source\PSoC6\pdl\cmsis/include/cmsis_gcc.h ****  * @version  V5.0.3
   5:Generated_Source\PSoC6\pdl\cmsis/include/cmsis_gcc.h ****  * @date     16. January 2018
   6:Generated_Source\PSoC6\pdl\cmsis/include/cmsis_gcc.h ****  ******************************************************************************/
   7:Generated_Source\PSoC6\pdl\cmsis/include/cmsis_gcc.h **** /*
   8:Generated_Source\PSoC6\pdl\cmsis/include/cmsis_gcc.h ****  * Copyright (c) 2009-2017 ARM Limited. All rights reserved.
   9:Generated_Source\PSoC6\pdl\cmsis/include/cmsis_gcc.h ****  *
  10:Generated_Source\PSoC6\pdl\cmsis/include/cmsis_gcc.h ****  * SPDX-License-Identifier: Apache-2.0
  11:Generated_Source\PSoC6\pdl\cmsis/include/cmsis_gcc.h ****  *
  12:Generated_Source\PSoC6\pdl\cmsis/include/cmsis_gcc.h ****  * Licensed under the Apache License, Version 2.0 (the License); you may
  13:Generated_Source\PSoC6\pdl\cmsis/include/cmsis_gcc.h ****  * not use this file except in compliance with the License.
  14:Generated_Source\PSoC6\pdl\cmsis/include/cmsis_gcc.h ****  * You may obtain a copy of the License at
  15:Generated_Source\PSoC6\pdl\cmsis/include/cmsis_gcc.h ****  *
ARM GAS  C:\Users\dmr85\AppData\Local\Temp\ccQyNAON.s 			page 2


  16:Generated_Source\PSoC6\pdl\cmsis/include/cmsis_gcc.h ****  * www.apache.org/licenses/LICENSE-2.0
  17:Generated_Source\PSoC6\pdl\cmsis/include/cmsis_gcc.h ****  *
  18:Generated_Source\PSoC6\pdl\cmsis/include/cmsis_gcc.h ****  * Unless required by applicable law or agreed to in writing, software
  19:Generated_Source\PSoC6\pdl\cmsis/include/cmsis_gcc.h ****  * distributed under the License is distributed on an AS IS BASIS, WITHOUT
  20:Generated_Source\PSoC6\pdl\cmsis/include/cmsis_gcc.h ****  * WARRANTIES OR CONDITIONS OF ANY KIND, either express or implied.
  21:Generated_Source\PSoC6\pdl\cmsis/include/cmsis_gcc.h ****  * See the License for the specific language governing permissions and
  22:Generated_Source\PSoC6\pdl\cmsis/include/cmsis_gcc.h ****  * limitations under the License.
  23:Generated_Source\PSoC6\pdl\cmsis/include/cmsis_gcc.h ****  */
  24:Generated_Source\PSoC6\pdl\cmsis/include/cmsis_gcc.h **** 
  25:Generated_Source\PSoC6\pdl\cmsis/include/cmsis_gcc.h **** #ifndef __CMSIS_GCC_H
  26:Generated_Source\PSoC6\pdl\cmsis/include/cmsis_gcc.h **** #define __CMSIS_GCC_H
  27:Generated_Source\PSoC6\pdl\cmsis/include/cmsis_gcc.h **** 
  28:Generated_Source\PSoC6\pdl\cmsis/include/cmsis_gcc.h **** /* ignore some GCC warnings */
  29:Generated_Source\PSoC6\pdl\cmsis/include/cmsis_gcc.h **** #pragma GCC diagnostic push
  30:Generated_Source\PSoC6\pdl\cmsis/include/cmsis_gcc.h **** #pragma GCC diagnostic ignored "-Wsign-conversion"
  31:Generated_Source\PSoC6\pdl\cmsis/include/cmsis_gcc.h **** #pragma GCC diagnostic ignored "-Wconversion"
  32:Generated_Source\PSoC6\pdl\cmsis/include/cmsis_gcc.h **** #pragma GCC diagnostic ignored "-Wunused-parameter"
  33:Generated_Source\PSoC6\pdl\cmsis/include/cmsis_gcc.h **** 
  34:Generated_Source\PSoC6\pdl\cmsis/include/cmsis_gcc.h **** /* Fallback for __has_builtin */
  35:Generated_Source\PSoC6\pdl\cmsis/include/cmsis_gcc.h **** #ifndef __has_builtin
  36:Generated_Source\PSoC6\pdl\cmsis/include/cmsis_gcc.h ****   #define __has_builtin(x) (0)
  37:Generated_Source\PSoC6\pdl\cmsis/include/cmsis_gcc.h **** #endif
  38:Generated_Source\PSoC6\pdl\cmsis/include/cmsis_gcc.h **** 
  39:Generated_Source\PSoC6\pdl\cmsis/include/cmsis_gcc.h **** /* CMSIS compiler specific defines */
  40:Generated_Source\PSoC6\pdl\cmsis/include/cmsis_gcc.h **** #ifndef   __ASM
  41:Generated_Source\PSoC6\pdl\cmsis/include/cmsis_gcc.h ****   #define __ASM                                  __asm
  42:Generated_Source\PSoC6\pdl\cmsis/include/cmsis_gcc.h **** #endif
  43:Generated_Source\PSoC6\pdl\cmsis/include/cmsis_gcc.h **** #ifndef   __INLINE
  44:Generated_Source\PSoC6\pdl\cmsis/include/cmsis_gcc.h ****   #define __INLINE                               inline
  45:Generated_Source\PSoC6\pdl\cmsis/include/cmsis_gcc.h **** #endif
  46:Generated_Source\PSoC6\pdl\cmsis/include/cmsis_gcc.h **** #ifndef   __STATIC_INLINE
  47:Generated_Source\PSoC6\pdl\cmsis/include/cmsis_gcc.h ****   #define __STATIC_INLINE                        static inline
  48:Generated_Source\PSoC6\pdl\cmsis/include/cmsis_gcc.h **** #endif
  49:Generated_Source\PSoC6\pdl\cmsis/include/cmsis_gcc.h **** #ifndef   __STATIC_FORCEINLINE                 
  50:Generated_Source\PSoC6\pdl\cmsis/include/cmsis_gcc.h ****   #define __STATIC_FORCEINLINE                   __attribute__((always_inline)) static inline
  51:Generated_Source\PSoC6\pdl\cmsis/include/cmsis_gcc.h **** #endif                                           
  52:Generated_Source\PSoC6\pdl\cmsis/include/cmsis_gcc.h **** #ifndef   __NO_RETURN
  53:Generated_Source\PSoC6\pdl\cmsis/include/cmsis_gcc.h ****   #define __NO_RETURN                            __attribute__((__noreturn__))
  54:Generated_Source\PSoC6\pdl\cmsis/include/cmsis_gcc.h **** #endif
  55:Generated_Source\PSoC6\pdl\cmsis/include/cmsis_gcc.h **** #ifndef   __USED
  56:Generated_Source\PSoC6\pdl\cmsis/include/cmsis_gcc.h ****   #define __USED                                 __attribute__((used))
  57:Generated_Source\PSoC6\pdl\cmsis/include/cmsis_gcc.h **** #endif
  58:Generated_Source\PSoC6\pdl\cmsis/include/cmsis_gcc.h **** #ifndef   __WEAK
  59:Generated_Source\PSoC6\pdl\cmsis/include/cmsis_gcc.h ****   #define __WEAK                                 __attribute__((weak))
  60:Generated_Source\PSoC6\pdl\cmsis/include/cmsis_gcc.h **** #endif
  61:Generated_Source\PSoC6\pdl\cmsis/include/cmsis_gcc.h **** #ifndef   __PACKED
  62:Generated_Source\PSoC6\pdl\cmsis/include/cmsis_gcc.h ****   #define __PACKED                               __attribute__((packed, aligned(1)))
  63:Generated_Source\PSoC6\pdl\cmsis/include/cmsis_gcc.h **** #endif
  64:Generated_Source\PSoC6\pdl\cmsis/include/cmsis_gcc.h **** #ifndef   __PACKED_STRUCT
  65:Generated_Source\PSoC6\pdl\cmsis/include/cmsis_gcc.h ****   #define __PACKED_STRUCT                        struct __attribute__((packed, aligned(1)))
  66:Generated_Source\PSoC6\pdl\cmsis/include/cmsis_gcc.h **** #endif
  67:Generated_Source\PSoC6\pdl\cmsis/include/cmsis_gcc.h **** #ifndef   __PACKED_UNION
  68:Generated_Source\PSoC6\pdl\cmsis/include/cmsis_gcc.h ****   #define __PACKED_UNION                         union __attribute__((packed, aligned(1)))
  69:Generated_Source\PSoC6\pdl\cmsis/include/cmsis_gcc.h **** #endif
  70:Generated_Source\PSoC6\pdl\cmsis/include/cmsis_gcc.h **** #ifndef   __UNALIGNED_UINT32        /* deprecated */
  71:Generated_Source\PSoC6\pdl\cmsis/include/cmsis_gcc.h ****   #pragma GCC diagnostic push
  72:Generated_Source\PSoC6\pdl\cmsis/include/cmsis_gcc.h ****   #pragma GCC diagnostic ignored "-Wpacked"
ARM GAS  C:\Users\dmr85\AppData\Local\Temp\ccQyNAON.s 			page 3


  73:Generated_Source\PSoC6\pdl\cmsis/include/cmsis_gcc.h ****   #pragma GCC diagnostic ignored "-Wattributes"
  74:Generated_Source\PSoC6\pdl\cmsis/include/cmsis_gcc.h ****   struct __attribute__((packed)) T_UINT32 { uint32_t v; };
  75:Generated_Source\PSoC6\pdl\cmsis/include/cmsis_gcc.h ****   #pragma GCC diagnostic pop
  76:Generated_Source\PSoC6\pdl\cmsis/include/cmsis_gcc.h ****   #define __UNALIGNED_UINT32(x)                  (((struct T_UINT32 *)(x))->v)
  77:Generated_Source\PSoC6\pdl\cmsis/include/cmsis_gcc.h **** #endif
  78:Generated_Source\PSoC6\pdl\cmsis/include/cmsis_gcc.h **** #ifndef   __UNALIGNED_UINT16_WRITE
  79:Generated_Source\PSoC6\pdl\cmsis/include/cmsis_gcc.h ****   #pragma GCC diagnostic push
  80:Generated_Source\PSoC6\pdl\cmsis/include/cmsis_gcc.h ****   #pragma GCC diagnostic ignored "-Wpacked"
  81:Generated_Source\PSoC6\pdl\cmsis/include/cmsis_gcc.h ****   #pragma GCC diagnostic ignored "-Wattributes"
  82:Generated_Source\PSoC6\pdl\cmsis/include/cmsis_gcc.h ****   __PACKED_STRUCT T_UINT16_WRITE { uint16_t v; };
  83:Generated_Source\PSoC6\pdl\cmsis/include/cmsis_gcc.h ****   #pragma GCC diagnostic pop
  84:Generated_Source\PSoC6\pdl\cmsis/include/cmsis_gcc.h ****   #define __UNALIGNED_UINT16_WRITE(addr, val)    (void)((((struct T_UINT16_WRITE *)(void *)(addr))-
  85:Generated_Source\PSoC6\pdl\cmsis/include/cmsis_gcc.h **** #endif
  86:Generated_Source\PSoC6\pdl\cmsis/include/cmsis_gcc.h **** #ifndef   __UNALIGNED_UINT16_READ
  87:Generated_Source\PSoC6\pdl\cmsis/include/cmsis_gcc.h ****   #pragma GCC diagnostic push
  88:Generated_Source\PSoC6\pdl\cmsis/include/cmsis_gcc.h ****   #pragma GCC diagnostic ignored "-Wpacked"
  89:Generated_Source\PSoC6\pdl\cmsis/include/cmsis_gcc.h ****   #pragma GCC diagnostic ignored "-Wattributes"
  90:Generated_Source\PSoC6\pdl\cmsis/include/cmsis_gcc.h ****   __PACKED_STRUCT T_UINT16_READ { uint16_t v; };
  91:Generated_Source\PSoC6\pdl\cmsis/include/cmsis_gcc.h ****   #pragma GCC diagnostic pop
  92:Generated_Source\PSoC6\pdl\cmsis/include/cmsis_gcc.h ****   #define __UNALIGNED_UINT16_READ(addr)          (((const struct T_UINT16_READ *)(const void *)(add
  93:Generated_Source\PSoC6\pdl\cmsis/include/cmsis_gcc.h **** #endif
  94:Generated_Source\PSoC6\pdl\cmsis/include/cmsis_gcc.h **** #ifndef   __UNALIGNED_UINT32_WRITE
  95:Generated_Source\PSoC6\pdl\cmsis/include/cmsis_gcc.h ****   #pragma GCC diagnostic push
  96:Generated_Source\PSoC6\pdl\cmsis/include/cmsis_gcc.h ****   #pragma GCC diagnostic ignored "-Wpacked"
  97:Generated_Source\PSoC6\pdl\cmsis/include/cmsis_gcc.h ****   #pragma GCC diagnostic ignored "-Wattributes"
  98:Generated_Source\PSoC6\pdl\cmsis/include/cmsis_gcc.h ****   __PACKED_STRUCT T_UINT32_WRITE { uint32_t v; };
  99:Generated_Source\PSoC6\pdl\cmsis/include/cmsis_gcc.h ****   #pragma GCC diagnostic pop
 100:Generated_Source\PSoC6\pdl\cmsis/include/cmsis_gcc.h ****   #define __UNALIGNED_UINT32_WRITE(addr, val)    (void)((((struct T_UINT32_WRITE *)(void *)(addr))-
 101:Generated_Source\PSoC6\pdl\cmsis/include/cmsis_gcc.h **** #endif
 102:Generated_Source\PSoC6\pdl\cmsis/include/cmsis_gcc.h **** #ifndef   __UNALIGNED_UINT32_READ
 103:Generated_Source\PSoC6\pdl\cmsis/include/cmsis_gcc.h ****   #pragma GCC diagnostic push
 104:Generated_Source\PSoC6\pdl\cmsis/include/cmsis_gcc.h ****   #pragma GCC diagnostic ignored "-Wpacked"
 105:Generated_Source\PSoC6\pdl\cmsis/include/cmsis_gcc.h ****   #pragma GCC diagnostic ignored "-Wattributes"
 106:Generated_Source\PSoC6\pdl\cmsis/include/cmsis_gcc.h ****   __PACKED_STRUCT T_UINT32_READ { uint32_t v; };
 107:Generated_Source\PSoC6\pdl\cmsis/include/cmsis_gcc.h ****   #pragma GCC diagnostic pop
 108:Generated_Source\PSoC6\pdl\cmsis/include/cmsis_gcc.h ****   #define __UNALIGNED_UINT32_READ(addr)          (((const struct T_UINT32_READ *)(const void *)(add
 109:Generated_Source\PSoC6\pdl\cmsis/include/cmsis_gcc.h **** #endif
 110:Generated_Source\PSoC6\pdl\cmsis/include/cmsis_gcc.h **** #ifndef   __ALIGNED
 111:Generated_Source\PSoC6\pdl\cmsis/include/cmsis_gcc.h ****   #define __ALIGNED(x)                           __attribute__((aligned(x)))
 112:Generated_Source\PSoC6\pdl\cmsis/include/cmsis_gcc.h **** #endif
 113:Generated_Source\PSoC6\pdl\cmsis/include/cmsis_gcc.h **** #ifndef   __RESTRICT
 114:Generated_Source\PSoC6\pdl\cmsis/include/cmsis_gcc.h ****   #define __RESTRICT                             __restrict
 115:Generated_Source\PSoC6\pdl\cmsis/include/cmsis_gcc.h **** #endif
 116:Generated_Source\PSoC6\pdl\cmsis/include/cmsis_gcc.h **** 
 117:Generated_Source\PSoC6\pdl\cmsis/include/cmsis_gcc.h **** 
 118:Generated_Source\PSoC6\pdl\cmsis/include/cmsis_gcc.h **** /* ###########################  Core Function Access  ########################### */
 119:Generated_Source\PSoC6\pdl\cmsis/include/cmsis_gcc.h **** /** \ingroup  CMSIS_Core_FunctionInterface
 120:Generated_Source\PSoC6\pdl\cmsis/include/cmsis_gcc.h ****     \defgroup CMSIS_Core_RegAccFunctions CMSIS Core Register Access Functions
 121:Generated_Source\PSoC6\pdl\cmsis/include/cmsis_gcc.h ****   @{
 122:Generated_Source\PSoC6\pdl\cmsis/include/cmsis_gcc.h ****  */
 123:Generated_Source\PSoC6\pdl\cmsis/include/cmsis_gcc.h **** 
 124:Generated_Source\PSoC6\pdl\cmsis/include/cmsis_gcc.h **** /**
 125:Generated_Source\PSoC6\pdl\cmsis/include/cmsis_gcc.h ****   \brief   Enable IRQ Interrupts
 126:Generated_Source\PSoC6\pdl\cmsis/include/cmsis_gcc.h ****   \details Enables IRQ interrupts by clearing the I-bit in the CPSR.
 127:Generated_Source\PSoC6\pdl\cmsis/include/cmsis_gcc.h ****            Can only be executed in Privileged modes.
 128:Generated_Source\PSoC6\pdl\cmsis/include/cmsis_gcc.h ****  */
 129:Generated_Source\PSoC6\pdl\cmsis/include/cmsis_gcc.h **** __STATIC_FORCEINLINE void __enable_irq(void)
ARM GAS  C:\Users\dmr85\AppData\Local\Temp\ccQyNAON.s 			page 4


 130:Generated_Source\PSoC6\pdl\cmsis/include/cmsis_gcc.h **** {
 131:Generated_Source\PSoC6\pdl\cmsis/include/cmsis_gcc.h ****   __ASM volatile ("cpsie i" : : : "memory");
  39              		.loc 2 131 0
  40              		.syntax divided
  41              	@ 131 "Generated_Source\PSoC6\pdl\cmsis/include/cmsis_gcc.h" 1
  42 0002 62B6     		cpsie i
  43              	@ 0 "" 2
  44              		.thumb
  45              		.syntax unified
  46              	.LBE5:
  47              	.LBE4:
   5:main_cm0p.c   ****     __enable_irq(); /* Enable global interrupts. */
   6:main_cm0p.c   ****     /* Enable CM4.  CY_CORTEX_M4_APPL_ADDR must be updated if CM4 memory layout is changed. */
   7:main_cm0p.c   ****     Cy_SysEnableCM4(CY_CORTEX_M4_APPL_ADDR); 
  48              		.loc 1 7 0
  49 0004 0148     		ldr	r0, .L3
  50 0006 FFF7FEFF 		bl	Cy_SysEnableCM4
  51              	.LVL0:
  52              	.L2:
  53 000a FEE7     		b	.L2
  54              	.L4:
  55              		.align	2
  56              	.L3:
  57 000c 00000810 		.word	268959744
  58              		.cfi_endproc
  59              	.LFE433:
  60              		.size	main, .-main
  61              		.text
  62              	.Letext0:
  63              		.file 3 "c:\\program files (x86)\\cypress\\psoc creator\\4.2\\psoc creator\\import\\gnu\\arm\\5.4.
  64              		.file 4 "c:\\program files (x86)\\cypress\\psoc creator\\4.2\\psoc creator\\import\\gnu\\arm\\5.4.
  65              		.file 5 "Generated_Source\\PSoC6\\pdl\\drivers/peripheral/device/cy_device.h"
  66              		.file 6 "Generated_Source\\PSoC6\\pdl\\drivers/peripheral/scb/cy_scb_spi.h"
  67              		.file 7 "Generated_Source\\PSoC6\\pdl\\drivers/peripheral/scb/cy_scb_uart.h"
  68              		.file 8 "Generated_Source\\PSoC6/SPI.h"
  69              		.file 9 "Generated_Source\\PSoC6/UART.h"
  70              		.file 10 "./system_psoc6.h"
  71              		.section	.debug_info,"",%progbits
  72              	.Ldebug_info0:
  73 0000 1A070000 		.4byte	0x71a
  74 0004 0400     		.2byte	0x4
  75 0006 00000000 		.4byte	.Ldebug_abbrev0
  76 000a 04       		.byte	0x4
  77 000b 01       		.uleb128 0x1
  78 000c 7B060000 		.4byte	.LASF135
  79 0010 0C       		.byte	0xc
  80 0011 86000000 		.4byte	.LASF136
  81 0015 9B030000 		.4byte	.LASF137
  82 0019 00000000 		.4byte	.Ldebug_ranges0+0
  83 001d 00000000 		.4byte	0
  84 0021 00000000 		.4byte	.Ldebug_line0
  85 0025 02       		.uleb128 0x2
  86 0026 02       		.byte	0x2
  87 0027 05       		.byte	0x5
  88 0028 21060000 		.4byte	.LASF0
  89 002c 02       		.uleb128 0x2
  90 002d 01       		.byte	0x1
ARM GAS  C:\Users\dmr85\AppData\Local\Temp\ccQyNAON.s 			page 5


  91 002e 08       		.byte	0x8
  92 002f FF050000 		.4byte	.LASF1
  93 0033 02       		.uleb128 0x2
  94 0034 01       		.byte	0x1
  95 0035 06       		.byte	0x6
  96 0036 78010000 		.4byte	.LASF2
  97 003a 03       		.uleb128 0x3
  98 003b A0000000 		.4byte	.LASF3
  99 003f 03       		.byte	0x3
 100 0040 1D       		.byte	0x1d
 101 0041 2C000000 		.4byte	0x2c
 102 0045 03       		.uleb128 0x3
 103 0046 C4020000 		.4byte	.LASF4
 104 004a 03       		.byte	0x3
 105 004b 29       		.byte	0x29
 106 004c 25000000 		.4byte	0x25
 107 0050 03       		.uleb128 0x3
 108 0051 38070000 		.4byte	.LASF5
 109 0055 03       		.byte	0x3
 110 0056 2B       		.byte	0x2b
 111 0057 5B000000 		.4byte	0x5b
 112 005b 02       		.uleb128 0x2
 113 005c 02       		.byte	0x2
 114 005d 07       		.byte	0x7
 115 005e 83070000 		.4byte	.LASF6
 116 0062 02       		.uleb128 0x2
 117 0063 04       		.byte	0x4
 118 0064 05       		.byte	0x5
 119 0065 10020000 		.4byte	.LASF7
 120 0069 03       		.uleb128 0x3
 121 006a A9020000 		.4byte	.LASF8
 122 006e 03       		.byte	0x3
 123 006f 41       		.byte	0x41
 124 0070 74000000 		.4byte	0x74
 125 0074 02       		.uleb128 0x2
 126 0075 04       		.byte	0x4
 127 0076 07       		.byte	0x7
 128 0077 52030000 		.4byte	.LASF9
 129 007b 02       		.uleb128 0x2
 130 007c 08       		.byte	0x8
 131 007d 05       		.byte	0x5
 132 007e 6A010000 		.4byte	.LASF10
 133 0082 02       		.uleb128 0x2
 134 0083 08       		.byte	0x8
 135 0084 07       		.byte	0x7
 136 0085 EF000000 		.4byte	.LASF11
 137 0089 04       		.uleb128 0x4
 138 008a 04       		.byte	0x4
 139 008b 05       		.byte	0x5
 140 008c 696E7400 		.ascii	"int\000"
 141 0090 02       		.uleb128 0x2
 142 0091 04       		.byte	0x4
 143 0092 07       		.byte	0x7
 144 0093 16030000 		.4byte	.LASF12
 145 0097 03       		.uleb128 0x3
 146 0098 1F080000 		.4byte	.LASF13
 147 009c 04       		.byte	0x4
ARM GAS  C:\Users\dmr85\AppData\Local\Temp\ccQyNAON.s 			page 6


 148 009d 18       		.byte	0x18
 149 009e 3A000000 		.4byte	0x3a
 150 00a2 03       		.uleb128 0x3
 151 00a3 62010000 		.4byte	.LASF14
 152 00a7 04       		.byte	0x4
 153 00a8 20       		.byte	0x20
 154 00a9 45000000 		.4byte	0x45
 155 00ad 03       		.uleb128 0x3
 156 00ae 23030000 		.4byte	.LASF15
 157 00b2 04       		.byte	0x4
 158 00b3 24       		.byte	0x24
 159 00b4 50000000 		.4byte	0x50
 160 00b8 03       		.uleb128 0x3
 161 00b9 5D060000 		.4byte	.LASF16
 162 00bd 04       		.byte	0x4
 163 00be 30       		.byte	0x30
 164 00bf 69000000 		.4byte	0x69
 165 00c3 02       		.uleb128 0x2
 166 00c4 04       		.byte	0x4
 167 00c5 07       		.byte	0x7
 168 00c6 FB040000 		.4byte	.LASF17
 169 00ca 05       		.uleb128 0x5
 170 00cb B8000000 		.4byte	0xb8
 171 00cf 02       		.uleb128 0x2
 172 00d0 08       		.byte	0x8
 173 00d1 04       		.byte	0x4
 174 00d2 0D070000 		.4byte	.LASF18
 175 00d6 06       		.uleb128 0x6
 176 00d7 B8       		.byte	0xb8
 177 00d8 05       		.byte	0x5
 178 00d9 34       		.byte	0x34
 179 00da E7040000 		.4byte	0x4e7
 180 00de 07       		.uleb128 0x7
 181 00df D6000000 		.4byte	.LASF19
 182 00e3 05       		.byte	0x5
 183 00e4 37       		.byte	0x37
 184 00e5 B8000000 		.4byte	0xb8
 185 00e9 00       		.byte	0
 186 00ea 07       		.uleb128 0x7
 187 00eb 9E020000 		.4byte	.LASF20
 188 00ef 05       		.byte	0x5
 189 00f0 38       		.byte	0x38
 190 00f1 B8000000 		.4byte	0xb8
 191 00f5 04       		.byte	0x4
 192 00f6 07       		.uleb128 0x7
 193 00f7 27020000 		.4byte	.LASF21
 194 00fb 05       		.byte	0x5
 195 00fc 39       		.byte	0x39
 196 00fd B8000000 		.4byte	0xb8
 197 0101 08       		.byte	0x8
 198 0102 07       		.uleb128 0x7
 199 0103 F1050000 		.4byte	.LASF22
 200 0107 05       		.byte	0x5
 201 0108 3A       		.byte	0x3a
 202 0109 B8000000 		.4byte	0xb8
 203 010d 0C       		.byte	0xc
 204 010e 07       		.uleb128 0x7
ARM GAS  C:\Users\dmr85\AppData\Local\Temp\ccQyNAON.s 			page 7


 205 010f B0010000 		.4byte	.LASF23
 206 0113 05       		.byte	0x5
 207 0114 3B       		.byte	0x3b
 208 0115 B8000000 		.4byte	0xb8
 209 0119 10       		.byte	0x10
 210 011a 07       		.uleb128 0x7
 211 011b 06020000 		.4byte	.LASF24
 212 011f 05       		.byte	0x5
 213 0120 3C       		.byte	0x3c
 214 0121 B8000000 		.4byte	0xb8
 215 0125 14       		.byte	0x14
 216 0126 07       		.uleb128 0x7
 217 0127 F1030000 		.4byte	.LASF25
 218 012b 05       		.byte	0x5
 219 012c 3D       		.byte	0x3d
 220 012d B8000000 		.4byte	0xb8
 221 0131 18       		.byte	0x18
 222 0132 07       		.uleb128 0x7
 223 0133 7D000000 		.4byte	.LASF26
 224 0137 05       		.byte	0x5
 225 0138 3E       		.byte	0x3e
 226 0139 B8000000 		.4byte	0xb8
 227 013d 1C       		.byte	0x1c
 228 013e 07       		.uleb128 0x7
 229 013f 88080000 		.4byte	.LASF27
 230 0143 05       		.byte	0x5
 231 0144 3F       		.byte	0x3f
 232 0145 B8000000 		.4byte	0xb8
 233 0149 20       		.byte	0x20
 234 014a 07       		.uleb128 0x7
 235 014b 78050000 		.4byte	.LASF28
 236 014f 05       		.byte	0x5
 237 0150 40       		.byte	0x40
 238 0151 B8000000 		.4byte	0xb8
 239 0155 24       		.byte	0x24
 240 0156 07       		.uleb128 0x7
 241 0157 CD040000 		.4byte	.LASF29
 242 015b 05       		.byte	0x5
 243 015c 43       		.byte	0x43
 244 015d 97000000 		.4byte	0x97
 245 0161 28       		.byte	0x28
 246 0162 07       		.uleb128 0x7
 247 0163 63000000 		.4byte	.LASF30
 248 0167 05       		.byte	0x5
 249 0168 44       		.byte	0x44
 250 0169 97000000 		.4byte	0x97
 251 016d 29       		.byte	0x29
 252 016e 07       		.uleb128 0x7
 253 016f 7E080000 		.4byte	.LASF31
 254 0173 05       		.byte	0x5
 255 0174 45       		.byte	0x45
 256 0175 97000000 		.4byte	0x97
 257 0179 2A       		.byte	0x2a
 258 017a 07       		.uleb128 0x7
 259 017b 6A050000 		.4byte	.LASF32
 260 017f 05       		.byte	0x5
 261 0180 46       		.byte	0x46
ARM GAS  C:\Users\dmr85\AppData\Local\Temp\ccQyNAON.s 			page 8


 262 0181 97000000 		.4byte	0x97
 263 0185 2B       		.byte	0x2b
 264 0186 07       		.uleb128 0x7
 265 0187 51040000 		.4byte	.LASF33
 266 018b 05       		.byte	0x5
 267 018c 47       		.byte	0x47
 268 018d 97000000 		.4byte	0x97
 269 0191 2C       		.byte	0x2c
 270 0192 07       		.uleb128 0x7
 271 0193 56070000 		.4byte	.LASF34
 272 0197 05       		.byte	0x5
 273 0198 48       		.byte	0x48
 274 0199 97000000 		.4byte	0x97
 275 019d 2D       		.byte	0x2d
 276 019e 07       		.uleb128 0x7
 277 019f B9010000 		.4byte	.LASF35
 278 01a3 05       		.byte	0x5
 279 01a4 49       		.byte	0x49
 280 01a5 97000000 		.4byte	0x97
 281 01a9 2E       		.byte	0x2e
 282 01aa 07       		.uleb128 0x7
 283 01ab DA040000 		.4byte	.LASF36
 284 01af 05       		.byte	0x5
 285 01b0 4A       		.byte	0x4a
 286 01b1 97000000 		.4byte	0x97
 287 01b5 2F       		.byte	0x2f
 288 01b6 07       		.uleb128 0x7
 289 01b7 1E070000 		.4byte	.LASF37
 290 01bb 05       		.byte	0x5
 291 01bc 4B       		.byte	0x4b
 292 01bd 97000000 		.4byte	0x97
 293 01c1 30       		.byte	0x30
 294 01c2 07       		.uleb128 0x7
 295 01c3 90030000 		.4byte	.LASF38
 296 01c7 05       		.byte	0x5
 297 01c8 4E       		.byte	0x4e
 298 01c9 97000000 		.4byte	0x97
 299 01cd 31       		.byte	0x31
 300 01ce 07       		.uleb128 0x7
 301 01cf 92000000 		.4byte	.LASF39
 302 01d3 05       		.byte	0x5
 303 01d4 4F       		.byte	0x4f
 304 01d5 97000000 		.4byte	0x97
 305 01d9 32       		.byte	0x32
 306 01da 07       		.uleb128 0x7
 307 01db 0A030000 		.4byte	.LASF40
 308 01df 05       		.byte	0x5
 309 01e0 50       		.byte	0x50
 310 01e1 97000000 		.4byte	0x97
 311 01e5 33       		.byte	0x33
 312 01e6 07       		.uleb128 0x7
 313 01e7 0F050000 		.4byte	.LASF41
 314 01eb 05       		.byte	0x5
 315 01ec 51       		.byte	0x51
 316 01ed 97000000 		.4byte	0x97
 317 01f1 34       		.byte	0x34
 318 01f2 07       		.uleb128 0x7
ARM GAS  C:\Users\dmr85\AppData\Local\Temp\ccQyNAON.s 			page 9


 319 01f3 AD070000 		.4byte	.LASF42
 320 01f7 05       		.byte	0x5
 321 01f8 52       		.byte	0x52
 322 01f9 A2000000 		.4byte	0xa2
 323 01fd 36       		.byte	0x36
 324 01fe 07       		.uleb128 0x7
 325 01ff 41020000 		.4byte	.LASF43
 326 0203 05       		.byte	0x5
 327 0204 53       		.byte	0x53
 328 0205 A2000000 		.4byte	0xa2
 329 0209 38       		.byte	0x38
 330 020a 07       		.uleb128 0x7
 331 020b FA070000 		.4byte	.LASF44
 332 020f 05       		.byte	0x5
 333 0210 54       		.byte	0x54
 334 0211 A2000000 		.4byte	0xa2
 335 0215 3A       		.byte	0x3a
 336 0216 07       		.uleb128 0x7
 337 0217 F7010000 		.4byte	.LASF45
 338 021b 05       		.byte	0x5
 339 021c 55       		.byte	0x55
 340 021d 97000000 		.4byte	0x97
 341 0221 3C       		.byte	0x3c
 342 0222 07       		.uleb128 0x7
 343 0223 68020000 		.4byte	.LASF46
 344 0227 05       		.byte	0x5
 345 0228 56       		.byte	0x56
 346 0229 97000000 		.4byte	0x97
 347 022d 3D       		.byte	0x3d
 348 022e 07       		.uleb128 0x7
 349 022f 3F060000 		.4byte	.LASF47
 350 0233 05       		.byte	0x5
 351 0234 57       		.byte	0x57
 352 0235 97000000 		.4byte	0x97
 353 0239 3E       		.byte	0x3e
 354 023a 07       		.uleb128 0x7
 355 023b 71000000 		.4byte	.LASF48
 356 023f 05       		.byte	0x5
 357 0240 58       		.byte	0x58
 358 0241 97000000 		.4byte	0x97
 359 0245 3F       		.byte	0x3f
 360 0246 07       		.uleb128 0x7
 361 0247 83050000 		.4byte	.LASF49
 362 024b 05       		.byte	0x5
 363 024c 59       		.byte	0x59
 364 024d 97000000 		.4byte	0x97
 365 0251 40       		.byte	0x40
 366 0252 07       		.uleb128 0x7
 367 0253 B4020000 		.4byte	.LASF50
 368 0257 05       		.byte	0x5
 369 0258 5A       		.byte	0x5a
 370 0259 97000000 		.4byte	0x97
 371 025d 41       		.byte	0x41
 372 025e 07       		.uleb128 0x7
 373 025f 86040000 		.4byte	.LASF51
 374 0263 05       		.byte	0x5
 375 0264 5B       		.byte	0x5b
ARM GAS  C:\Users\dmr85\AppData\Local\Temp\ccQyNAON.s 			page 10


 376 0265 97000000 		.4byte	0x97
 377 0269 42       		.byte	0x42
 378 026a 07       		.uleb128 0x7
 379 026b 56050000 		.4byte	.LASF52
 380 026f 05       		.byte	0x5
 381 0270 5C       		.byte	0x5c
 382 0271 97000000 		.4byte	0x97
 383 0275 43       		.byte	0x43
 384 0276 07       		.uleb128 0x7
 385 0277 30020000 		.4byte	.LASF53
 386 027b 05       		.byte	0x5
 387 027c 5D       		.byte	0x5d
 388 027d 97000000 		.4byte	0x97
 389 0281 44       		.byte	0x44
 390 0282 07       		.uleb128 0x7
 391 0283 00000000 		.4byte	.LASF54
 392 0287 05       		.byte	0x5
 393 0288 5E       		.byte	0x5e
 394 0289 B8000000 		.4byte	0xb8
 395 028d 48       		.byte	0x48
 396 028e 07       		.uleb128 0x7
 397 028f 19020000 		.4byte	.LASF55
 398 0293 05       		.byte	0x5
 399 0294 5F       		.byte	0x5f
 400 0295 B8000000 		.4byte	0xb8
 401 0299 4C       		.byte	0x4c
 402 029a 07       		.uleb128 0x7
 403 029b BE080000 		.4byte	.LASF56
 404 029f 05       		.byte	0x5
 405 02a0 60       		.byte	0x60
 406 02a1 97000000 		.4byte	0x97
 407 02a5 50       		.byte	0x50
 408 02a6 07       		.uleb128 0x7
 409 02a7 3C010000 		.4byte	.LASF57
 410 02ab 05       		.byte	0x5
 411 02ac 61       		.byte	0x61
 412 02ad 97000000 		.4byte	0x97
 413 02b1 51       		.byte	0x51
 414 02b2 07       		.uleb128 0x7
 415 02b3 0F080000 		.4byte	.LASF58
 416 02b7 05       		.byte	0x5
 417 02b8 62       		.byte	0x62
 418 02b9 97000000 		.4byte	0x97
 419 02bd 52       		.byte	0x52
 420 02be 07       		.uleb128 0x7
 421 02bf 63070000 		.4byte	.LASF59
 422 02c3 05       		.byte	0x5
 423 02c4 63       		.byte	0x63
 424 02c5 97000000 		.4byte	0x97
 425 02c9 53       		.byte	0x53
 426 02ca 07       		.uleb128 0x7
 427 02cb 4D060000 		.4byte	.LASF60
 428 02cf 05       		.byte	0x5
 429 02d0 64       		.byte	0x64
 430 02d1 97000000 		.4byte	0x97
 431 02d5 54       		.byte	0x54
 432 02d6 07       		.uleb128 0x7
ARM GAS  C:\Users\dmr85\AppData\Local\Temp\ccQyNAON.s 			page 11


 433 02d7 4E010000 		.4byte	.LASF61
 434 02db 05       		.byte	0x5
 435 02dc 65       		.byte	0x65
 436 02dd 97000000 		.4byte	0x97
 437 02e1 55       		.byte	0x55
 438 02e2 07       		.uleb128 0x7
 439 02e3 3E030000 		.4byte	.LASF62
 440 02e7 05       		.byte	0x5
 441 02e8 66       		.byte	0x66
 442 02e9 97000000 		.4byte	0x97
 443 02ed 56       		.byte	0x56
 444 02ee 07       		.uleb128 0x7
 445 02ef FA030000 		.4byte	.LASF63
 446 02f3 05       		.byte	0x5
 447 02f4 67       		.byte	0x67
 448 02f5 97000000 		.4byte	0x97
 449 02f9 57       		.byte	0x57
 450 02fa 07       		.uleb128 0x7
 451 02fb 28000000 		.4byte	.LASF64
 452 02ff 05       		.byte	0x5
 453 0300 68       		.byte	0x68
 454 0301 97000000 		.4byte	0x97
 455 0305 58       		.byte	0x58
 456 0306 07       		.uleb128 0x7
 457 0307 0D060000 		.4byte	.LASF65
 458 030b 05       		.byte	0x5
 459 030c 69       		.byte	0x69
 460 030d 97000000 		.4byte	0x97
 461 0311 59       		.byte	0x59
 462 0312 07       		.uleb128 0x7
 463 0313 04050000 		.4byte	.LASF66
 464 0317 05       		.byte	0x5
 465 0318 6E       		.byte	0x6e
 466 0319 AD000000 		.4byte	0xad
 467 031d 5A       		.byte	0x5a
 468 031e 07       		.uleb128 0x7
 469 031f 96070000 		.4byte	.LASF67
 470 0323 05       		.byte	0x5
 471 0324 6F       		.byte	0x6f
 472 0325 AD000000 		.4byte	0xad
 473 0329 5C       		.byte	0x5c
 474 032a 07       		.uleb128 0x7
 475 032b E0000000 		.4byte	.LASF68
 476 032f 05       		.byte	0x5
 477 0330 70       		.byte	0x70
 478 0331 97000000 		.4byte	0x97
 479 0335 5E       		.byte	0x5e
 480 0336 07       		.uleb128 0x7
 481 0337 CA050000 		.4byte	.LASF69
 482 033b 05       		.byte	0x5
 483 033c 71       		.byte	0x71
 484 033d 97000000 		.4byte	0x97
 485 0341 5F       		.byte	0x5f
 486 0342 07       		.uleb128 0x7
 487 0343 45050000 		.4byte	.LASF70
 488 0347 05       		.byte	0x5
 489 0348 72       		.byte	0x72
ARM GAS  C:\Users\dmr85\AppData\Local\Temp\ccQyNAON.s 			page 12


 490 0349 97000000 		.4byte	0x97
 491 034d 60       		.byte	0x60
 492 034e 07       		.uleb128 0x7
 493 034f A3050000 		.4byte	.LASF71
 494 0353 05       		.byte	0x5
 495 0354 73       		.byte	0x73
 496 0355 B8000000 		.4byte	0xb8
 497 0359 64       		.byte	0x64
 498 035a 07       		.uleb128 0x7
 499 035b 06010000 		.4byte	.LASF72
 500 035f 05       		.byte	0x5
 501 0360 76       		.byte	0x76
 502 0361 AD000000 		.4byte	0xad
 503 0365 68       		.byte	0x68
 504 0366 07       		.uleb128 0x7
 505 0367 2C030000 		.4byte	.LASF73
 506 036b 05       		.byte	0x5
 507 036c 77       		.byte	0x77
 508 036d AD000000 		.4byte	0xad
 509 0371 6A       		.byte	0x6a
 510 0372 07       		.uleb128 0x7
 511 0373 0E040000 		.4byte	.LASF74
 512 0377 05       		.byte	0x5
 513 0378 78       		.byte	0x78
 514 0379 AD000000 		.4byte	0xad
 515 037d 6C       		.byte	0x6c
 516 037e 07       		.uleb128 0x7
 517 037f 34040000 		.4byte	.LASF75
 518 0383 05       		.byte	0x5
 519 0384 79       		.byte	0x79
 520 0385 AD000000 		.4byte	0xad
 521 0389 6E       		.byte	0x6e
 522 038a 07       		.uleb128 0x7
 523 038b 2B060000 		.4byte	.LASF76
 524 038f 05       		.byte	0x5
 525 0390 7B       		.byte	0x7b
 526 0391 97000000 		.4byte	0x97
 527 0395 70       		.byte	0x70
 528 0396 07       		.uleb128 0x7
 529 0397 9B010000 		.4byte	.LASF77
 530 039b 05       		.byte	0x5
 531 039c 7C       		.byte	0x7c
 532 039d 97000000 		.4byte	0x97
 533 03a1 71       		.byte	0x71
 534 03a2 07       		.uleb128 0x7
 535 03a3 90080000 		.4byte	.LASF78
 536 03a7 05       		.byte	0x5
 537 03a8 7D       		.byte	0x7d
 538 03a9 97000000 		.4byte	0x97
 539 03ad 72       		.byte	0x72
 540 03ae 07       		.uleb128 0x7
 541 03af 20050000 		.4byte	.LASF79
 542 03b3 05       		.byte	0x5
 543 03b4 7E       		.byte	0x7e
 544 03b5 97000000 		.4byte	0x97
 545 03b9 73       		.byte	0x73
 546 03ba 07       		.uleb128 0x7
ARM GAS  C:\Users\dmr85\AppData\Local\Temp\ccQyNAON.s 			page 13


 547 03bb 78020000 		.4byte	.LASF80
 548 03bf 05       		.byte	0x5
 549 03c0 80       		.byte	0x80
 550 03c1 AD000000 		.4byte	0xad
 551 03c5 74       		.byte	0x74
 552 03c6 07       		.uleb128 0x7
 553 03c7 43070000 		.4byte	.LASF81
 554 03cb 05       		.byte	0x5
 555 03cc 81       		.byte	0x81
 556 03cd AD000000 		.4byte	0xad
 557 03d1 76       		.byte	0x76
 558 03d2 07       		.uleb128 0x7
 559 03d3 53020000 		.4byte	.LASF82
 560 03d7 05       		.byte	0x5
 561 03d8 82       		.byte	0x82
 562 03d9 AD000000 		.4byte	0xad
 563 03dd 78       		.byte	0x78
 564 03de 07       		.uleb128 0x7
 565 03df AA000000 		.4byte	.LASF83
 566 03e3 05       		.byte	0x5
 567 03e4 83       		.byte	0x83
 568 03e5 AD000000 		.4byte	0xad
 569 03e9 7A       		.byte	0x7a
 570 03ea 07       		.uleb128 0x7
 571 03eb 3C080000 		.4byte	.LASF84
 572 03ef 05       		.byte	0x5
 573 03f0 86       		.byte	0x86
 574 03f1 97000000 		.4byte	0x97
 575 03f5 7C       		.byte	0x7c
 576 03f6 07       		.uleb128 0x7
 577 03f7 BA070000 		.4byte	.LASF85
 578 03fb 05       		.byte	0x5
 579 03fc 87       		.byte	0x87
 580 03fd 97000000 		.4byte	0x97
 581 0401 7D       		.byte	0x7d
 582 0402 07       		.uleb128 0x7
 583 0403 3C000000 		.4byte	.LASF86
 584 0407 05       		.byte	0x5
 585 0408 88       		.byte	0x88
 586 0409 97000000 		.4byte	0x97
 587 040d 7E       		.byte	0x7e
 588 040e 07       		.uleb128 0x7
 589 040f 8A020000 		.4byte	.LASF87
 590 0413 05       		.byte	0x5
 591 0414 89       		.byte	0x89
 592 0415 97000000 		.4byte	0x97
 593 0419 7F       		.byte	0x7f
 594 041a 07       		.uleb128 0x7
 595 041b F6020000 		.4byte	.LASF88
 596 041f 05       		.byte	0x5
 597 0420 8A       		.byte	0x8a
 598 0421 97000000 		.4byte	0x97
 599 0425 80       		.byte	0x80
 600 0426 07       		.uleb128 0x7
 601 0427 B6040000 		.4byte	.LASF89
 602 042b 05       		.byte	0x5
 603 042c 8D       		.byte	0x8d
ARM GAS  C:\Users\dmr85\AppData\Local\Temp\ccQyNAON.s 			page 14


 604 042d B8000000 		.4byte	0xb8
 605 0431 84       		.byte	0x84
 606 0432 07       		.uleb128 0x7
 607 0433 BF000000 		.4byte	.LASF90
 608 0437 05       		.byte	0x5
 609 0438 8E       		.byte	0x8e
 610 0439 B8000000 		.4byte	0xb8
 611 043d 88       		.byte	0x88
 612 043e 07       		.uleb128 0x7
 613 043f 27080000 		.4byte	.LASF91
 614 0443 05       		.byte	0x5
 615 0444 8F       		.byte	0x8f
 616 0445 B8000000 		.4byte	0xb8
 617 0449 8C       		.byte	0x8c
 618 044a 07       		.uleb128 0x7
 619 044b E6040000 		.4byte	.LASF92
 620 044f 05       		.byte	0x5
 621 0450 90       		.byte	0x90
 622 0451 B8000000 		.4byte	0xb8
 623 0455 90       		.byte	0x90
 624 0456 07       		.uleb128 0x7
 625 0457 D7020000 		.4byte	.LASF93
 626 045b 05       		.byte	0x5
 627 045c 91       		.byte	0x91
 628 045d B8000000 		.4byte	0xb8
 629 0461 94       		.byte	0x94
 630 0462 07       		.uleb128 0x7
 631 0463 A0040000 		.4byte	.LASF94
 632 0467 05       		.byte	0x5
 633 0468 92       		.byte	0x92
 634 0469 B8000000 		.4byte	0xb8
 635 046d 98       		.byte	0x98
 636 046e 07       		.uleb128 0x7
 637 046f 5F080000 		.4byte	.LASF95
 638 0473 05       		.byte	0x5
 639 0474 93       		.byte	0x93
 640 0475 B8000000 		.4byte	0xb8
 641 0479 9C       		.byte	0x9c
 642 047a 07       		.uleb128 0x7
 643 047b 20010000 		.4byte	.LASF96
 644 047f 05       		.byte	0x5
 645 0480 94       		.byte	0x94
 646 0481 B8000000 		.4byte	0xb8
 647 0485 A0       		.byte	0xa0
 648 0486 07       		.uleb128 0x7
 649 0487 C4010000 		.4byte	.LASF97
 650 048b 05       		.byte	0x5
 651 048c 95       		.byte	0x95
 652 048d AD000000 		.4byte	0xad
 653 0491 A4       		.byte	0xa4
 654 0492 07       		.uleb128 0x7
 655 0493 66060000 		.4byte	.LASF98
 656 0497 05       		.byte	0x5
 657 0498 96       		.byte	0x96
 658 0499 AD000000 		.4byte	0xad
 659 049d A6       		.byte	0xa6
 660 049e 07       		.uleb128 0x7
ARM GAS  C:\Users\dmr85\AppData\Local\Temp\ccQyNAON.s 			page 15


 661 049f BE050000 		.4byte	.LASF99
 662 04a3 05       		.byte	0x5
 663 04a4 97       		.byte	0x97
 664 04a5 AD000000 		.4byte	0xad
 665 04a9 A8       		.byte	0xa8
 666 04aa 07       		.uleb128 0x7
 667 04ab 2A070000 		.4byte	.LASF100
 668 04af 05       		.byte	0x5
 669 04b0 98       		.byte	0x98
 670 04b1 AD000000 		.4byte	0xad
 671 04b5 AA       		.byte	0xaa
 672 04b6 07       		.uleb128 0x7
 673 04b7 1D040000 		.4byte	.LASF101
 674 04bb 05       		.byte	0x5
 675 04bc 99       		.byte	0x99
 676 04bd AD000000 		.4byte	0xad
 677 04c1 AC       		.byte	0xac
 678 04c2 07       		.uleb128 0x7
 679 04c3 37050000 		.4byte	.LASF102
 680 04c7 05       		.byte	0x5
 681 04c8 9A       		.byte	0x9a
 682 04c9 AD000000 		.4byte	0xad
 683 04cd AE       		.byte	0xae
 684 04ce 07       		.uleb128 0x7
 685 04cf 9F070000 		.4byte	.LASF103
 686 04d3 05       		.byte	0x5
 687 04d4 9D       		.byte	0x9d
 688 04d5 AD000000 		.4byte	0xad
 689 04d9 B0       		.byte	0xb0
 690 04da 07       		.uleb128 0x7
 691 04db 4F000000 		.4byte	.LASF104
 692 04df 05       		.byte	0x5
 693 04e0 9E       		.byte	0x9e
 694 04e1 B8000000 		.4byte	0xb8
 695 04e5 B4       		.byte	0xb4
 696 04e6 00       		.byte	0
 697 04e7 03       		.uleb128 0x3
 698 04e8 5D040000 		.4byte	.LASF105
 699 04ec 05       		.byte	0x5
 700 04ed 9F       		.byte	0x9f
 701 04ee D6000000 		.4byte	0xd6
 702 04f2 02       		.uleb128 0x2
 703 04f3 01       		.byte	0x1
 704 04f4 08       		.byte	0x8
 705 04f5 19070000 		.4byte	.LASF106
 706 04f9 02       		.uleb128 0x2
 707 04fa 04       		.byte	0x4
 708 04fb 04       		.byte	0x4
 709 04fc 9D050000 		.4byte	.LASF107
 710 0500 02       		.uleb128 0x2
 711 0501 08       		.byte	0x8
 712 0502 04       		.byte	0x4
 713 0503 4C020000 		.4byte	.LASF108
 714 0507 08       		.uleb128 0x8
 715 0508 04       		.byte	0x4
 716 0509 02       		.uleb128 0x2
 717 050a 01       		.byte	0x1
ARM GAS  C:\Users\dmr85\AppData\Local\Temp\ccQyNAON.s 			page 16


 718 050b 02       		.byte	0x2
 719 050c F9050000 		.4byte	.LASF109
 720 0510 09       		.uleb128 0x9
 721 0511 04       		.byte	0x4
 722 0512 16050000 		.4byte	0x516
 723 0516 0A       		.uleb128 0xa
 724 0517 21050000 		.4byte	0x521
 725 051b 0B       		.uleb128 0xb
 726 051c B8000000 		.4byte	0xb8
 727 0520 00       		.byte	0
 728 0521 0C       		.uleb128 0xc
 729 0522 D9010000 		.4byte	.LASF110
 730 0526 06       		.byte	0x6
 731 0527 F201     		.2byte	0x1f2
 732 0529 10050000 		.4byte	0x510
 733 052d 0D       		.uleb128 0xd
 734 052e 84010000 		.4byte	.LASF122
 735 0532 24       		.byte	0x24
 736 0533 06       		.byte	0x6
 737 0534 7402     		.2byte	0x274
 738 0536 B0050000 		.4byte	0x5b0
 739 053a 0E       		.uleb128 0xe
 740 053b F3070000 		.4byte	.LASF111
 741 053f 06       		.byte	0x6
 742 0540 7702     		.2byte	0x277
 743 0542 CA000000 		.4byte	0xca
 744 0546 00       		.byte	0
 745 0547 0E       		.uleb128 0xe
 746 0548 D3070000 		.4byte	.LASF112
 747 054c 06       		.byte	0x6
 748 054d 7902     		.2byte	0x279
 749 054f 07050000 		.4byte	0x507
 750 0553 04       		.byte	0x4
 751 0554 0E       		.uleb128 0xe
 752 0555 1E000000 		.4byte	.LASF113
 753 0559 06       		.byte	0x6
 754 055a 7A02     		.2byte	0x27a
 755 055c B8000000 		.4byte	0xb8
 756 0560 08       		.byte	0x8
 757 0561 0E       		.uleb128 0xe
 758 0562 CE020000 		.4byte	.LASF114
 759 0566 06       		.byte	0x6
 760 0567 7B02     		.2byte	0x27b
 761 0569 CA000000 		.4byte	0xca
 762 056d 0C       		.byte	0xc
 763 056e 0E       		.uleb128 0xe
 764 056f 36010000 		.4byte	.LASF115
 765 0573 06       		.byte	0x6
 766 0574 7D02     		.2byte	0x27d
 767 0576 07050000 		.4byte	0x507
 768 057a 10       		.byte	0x10
 769 057b 0E       		.uleb128 0xe
 770 057c EC020000 		.4byte	.LASF116
 771 0580 06       		.byte	0x6
 772 0581 7E02     		.2byte	0x27e
 773 0583 B8000000 		.4byte	0xb8
 774 0587 14       		.byte	0x14
ARM GAS  C:\Users\dmr85\AppData\Local\Temp\ccQyNAON.s 			page 17


 775 0588 0E       		.uleb128 0xe
 776 0589 CF080000 		.4byte	.LASF117
 777 058d 06       		.byte	0x6
 778 058e 7F02     		.2byte	0x27f
 779 0590 CA000000 		.4byte	0xca
 780 0594 18       		.byte	0x18
 781 0595 0E       		.uleb128 0xe
 782 0596 2B040000 		.4byte	.LASF118
 783 059a 06       		.byte	0x6
 784 059b 8502     		.2byte	0x285
 785 059d 21050000 		.4byte	0x521
 786 05a1 1C       		.byte	0x1c
 787 05a2 0E       		.uleb128 0xe
 788 05a3 CB070000 		.4byte	.LASF119
 789 05a7 06       		.byte	0x6
 790 05a8 8802     		.2byte	0x288
 791 05aa B8000000 		.4byte	0xb8
 792 05ae 20       		.byte	0x20
 793 05af 00       		.byte	0
 794 05b0 0C       		.uleb128 0xc
 795 05b1 6D040000 		.4byte	.LASF120
 796 05b5 06       		.byte	0x6
 797 05b6 8B02     		.2byte	0x28b
 798 05b8 2D050000 		.4byte	0x52d
 799 05bc 0C       		.uleb128 0xc
 800 05bd 64030000 		.4byte	.LASF121
 801 05c1 07       		.byte	0x7
 802 05c2 D901     		.2byte	0x1d9
 803 05c4 10050000 		.4byte	0x510
 804 05c8 0D       		.uleb128 0xd
 805 05c9 A6080000 		.4byte	.LASF123
 806 05cd 38       		.byte	0x38
 807 05ce 07       		.byte	0x7
 808 05cf 7502     		.2byte	0x275
 809 05d1 8C060000 		.4byte	0x68c
 810 05d5 0E       		.uleb128 0xe
 811 05d6 75080000 		.4byte	.LASF124
 812 05da 07       		.byte	0x7
 813 05db 7802     		.2byte	0x278
 814 05dd CA000000 		.4byte	0xca
 815 05e1 00       		.byte	0
 816 05e2 0E       		.uleb128 0xe
 817 05e3 61050000 		.4byte	.LASF125
 818 05e7 07       		.byte	0x7
 819 05e8 7902     		.2byte	0x279
 820 05ea CA000000 		.4byte	0xca
 821 05ee 04       		.byte	0x4
 822 05ef 0E       		.uleb128 0xe
 823 05f0 16010000 		.4byte	.LASF126
 824 05f4 07       		.byte	0x7
 825 05f5 7B02     		.2byte	0x27b
 826 05f7 07050000 		.4byte	0x507
 827 05fb 08       		.byte	0x8
 828 05fc 0E       		.uleb128 0xe
 829 05fd 75070000 		.4byte	.LASF127
 830 0601 07       		.byte	0x7
 831 0602 7C02     		.2byte	0x27c
ARM GAS  C:\Users\dmr85\AppData\Local\Temp\ccQyNAON.s 			page 18


 832 0604 B8000000 		.4byte	0xb8
 833 0608 0C       		.byte	0xc
 834 0609 0E       		.uleb128 0xe
 835 060a 92040000 		.4byte	.LASF128
 836 060e 07       		.byte	0x7
 837 060f 7D02     		.2byte	0x27d
 838 0611 CA000000 		.4byte	0xca
 839 0615 10       		.byte	0x10
 840 0616 0E       		.uleb128 0xe
 841 0617 51080000 		.4byte	.LASF129
 842 061b 07       		.byte	0x7
 843 061c 7E02     		.2byte	0x27e
 844 061e CA000000 		.4byte	0xca
 845 0622 14       		.byte	0x14
 846 0623 0E       		.uleb128 0xe
 847 0624 D3070000 		.4byte	.LASF112
 848 0628 07       		.byte	0x7
 849 0629 8002     		.2byte	0x280
 850 062b 07050000 		.4byte	0x507
 851 062f 18       		.byte	0x18
 852 0630 0E       		.uleb128 0xe
 853 0631 1E000000 		.4byte	.LASF113
 854 0635 07       		.byte	0x7
 855 0636 8102     		.2byte	0x281
 856 0638 B8000000 		.4byte	0xb8
 857 063c 1C       		.byte	0x1c
 858 063d 0E       		.uleb128 0xe
 859 063e CE020000 		.4byte	.LASF114
 860 0642 07       		.byte	0x7
 861 0643 8202     		.2byte	0x282
 862 0645 CA000000 		.4byte	0xca
 863 0649 20       		.byte	0x20
 864 064a 0E       		.uleb128 0xe
 865 064b 36010000 		.4byte	.LASF115
 866 064f 07       		.byte	0x7
 867 0650 8402     		.2byte	0x284
 868 0652 07050000 		.4byte	0x507
 869 0656 24       		.byte	0x24
 870 0657 0E       		.uleb128 0xe
 871 0658 EC020000 		.4byte	.LASF116
 872 065c 07       		.byte	0x7
 873 065d 8502     		.2byte	0x285
 874 065f B8000000 		.4byte	0xb8
 875 0663 28       		.byte	0x28
 876 0664 0E       		.uleb128 0xe
 877 0665 E0050000 		.4byte	.LASF130
 878 0669 07       		.byte	0x7
 879 066a 8602     		.2byte	0x286
 880 066c CA000000 		.4byte	0xca
 881 0670 2C       		.byte	0x2c
 882 0671 0E       		.uleb128 0xe
 883 0672 2B040000 		.4byte	.LASF118
 884 0676 07       		.byte	0x7
 885 0677 8B02     		.2byte	0x28b
 886 0679 BC050000 		.4byte	0x5bc
 887 067d 30       		.byte	0x30
 888 067e 0E       		.uleb128 0xe
ARM GAS  C:\Users\dmr85\AppData\Local\Temp\ccQyNAON.s 			page 19


 889 067f CB070000 		.4byte	.LASF119
 890 0683 07       		.byte	0x7
 891 0684 8E02     		.2byte	0x28e
 892 0686 B8000000 		.4byte	0xb8
 893 068a 34       		.byte	0x34
 894 068b 00       		.byte	0
 895 068c 0C       		.uleb128 0xc
 896 068d D9070000 		.4byte	.LASF131
 897 0691 07       		.byte	0x7
 898 0692 9102     		.2byte	0x291
 899 0694 C8050000 		.4byte	0x5c8
 900 0698 0F       		.uleb128 0xf
 901 0699 90050000 		.4byte	.LASF138
 902 069d 02       		.byte	0x2
 903 069e 81       		.byte	0x81
 904 069f 03       		.byte	0x3
 905 06a0 10       		.uleb128 0x10
 906 06a1 73020000 		.4byte	.LASF139
 907 06a5 01       		.byte	0x1
 908 06a6 03       		.byte	0x3
 909 06a7 89000000 		.4byte	0x89
 910 06ab 00000000 		.4byte	.LFB433
 911 06af 10000000 		.4byte	.LFE433-.LFB433
 912 06b3 01       		.uleb128 0x1
 913 06b4 9C       		.byte	0x9c
 914 06b5 E5060000 		.4byte	0x6e5
 915 06b9 11       		.uleb128 0x11
 916 06ba 6900     		.ascii	"i\000"
 917 06bc 01       		.byte	0x1
 918 06bd 09       		.byte	0x9
 919 06be 89000000 		.4byte	0x89
 920 06c2 12       		.uleb128 0x12
 921 06c3 98060000 		.4byte	0x698
 922 06c7 02000000 		.4byte	.LBB4
 923 06cb 02000000 		.4byte	.LBE4-.LBB4
 924 06cf 01       		.byte	0x1
 925 06d0 05       		.byte	0x5
 926 06d1 13       		.uleb128 0x13
 927 06d2 0A000000 		.4byte	.LVL0
 928 06d6 11070000 		.4byte	0x711
 929 06da 14       		.uleb128 0x14
 930 06db 01       		.uleb128 0x1
 931 06dc 50       		.byte	0x50
 932 06dd 05       		.uleb128 0x5
 933 06de 0C       		.byte	0xc
 934 06df 00000810 		.4byte	0x10080000
 935 06e3 00       		.byte	0
 936 06e4 00       		.byte	0
 937 06e5 15       		.uleb128 0x15
 938 06e6 B4050000 		.4byte	.LASF132
 939 06ea 05       		.byte	0x5
 940 06eb A7       		.byte	0xa7
 941 06ec F0060000 		.4byte	0x6f0
 942 06f0 09       		.uleb128 0x9
 943 06f1 04       		.byte	0x4
 944 06f2 F6060000 		.4byte	0x6f6
 945 06f6 16       		.uleb128 0x16
ARM GAS  C:\Users\dmr85\AppData\Local\Temp\ccQyNAON.s 			page 20


 946 06f7 E7040000 		.4byte	0x4e7
 947 06fb 15       		.uleb128 0x15
 948 06fc 12000000 		.4byte	.LASF133
 949 0700 08       		.byte	0x8
 950 0701 5E       		.byte	0x5e
 951 0702 B0050000 		.4byte	0x5b0
 952 0706 15       		.uleb128 0x15
 953 0707 83030000 		.4byte	.LASF134
 954 070b 09       		.byte	0x9
 955 070c 87       		.byte	0x87
 956 070d 8C060000 		.4byte	0x68c
 957 0711 17       		.uleb128 0x17
 958 0712 41040000 		.4byte	.LASF140
 959 0716 41040000 		.4byte	.LASF140
 960 071a 0A       		.byte	0xa
 961 071b 1802     		.2byte	0x218
 962 071d 00       		.byte	0
 963              		.section	.debug_abbrev,"",%progbits
 964              	.Ldebug_abbrev0:
 965 0000 01       		.uleb128 0x1
 966 0001 11       		.uleb128 0x11
 967 0002 01       		.byte	0x1
 968 0003 25       		.uleb128 0x25
 969 0004 0E       		.uleb128 0xe
 970 0005 13       		.uleb128 0x13
 971 0006 0B       		.uleb128 0xb
 972 0007 03       		.uleb128 0x3
 973 0008 0E       		.uleb128 0xe
 974 0009 1B       		.uleb128 0x1b
 975 000a 0E       		.uleb128 0xe
 976 000b 55       		.uleb128 0x55
 977 000c 17       		.uleb128 0x17
 978 000d 11       		.uleb128 0x11
 979 000e 01       		.uleb128 0x1
 980 000f 10       		.uleb128 0x10
 981 0010 17       		.uleb128 0x17
 982 0011 00       		.byte	0
 983 0012 00       		.byte	0
 984 0013 02       		.uleb128 0x2
 985 0014 24       		.uleb128 0x24
 986 0015 00       		.byte	0
 987 0016 0B       		.uleb128 0xb
 988 0017 0B       		.uleb128 0xb
 989 0018 3E       		.uleb128 0x3e
 990 0019 0B       		.uleb128 0xb
 991 001a 03       		.uleb128 0x3
 992 001b 0E       		.uleb128 0xe
 993 001c 00       		.byte	0
 994 001d 00       		.byte	0
 995 001e 03       		.uleb128 0x3
 996 001f 16       		.uleb128 0x16
 997 0020 00       		.byte	0
 998 0021 03       		.uleb128 0x3
 999 0022 0E       		.uleb128 0xe
 1000 0023 3A       		.uleb128 0x3a
 1001 0024 0B       		.uleb128 0xb
 1002 0025 3B       		.uleb128 0x3b
ARM GAS  C:\Users\dmr85\AppData\Local\Temp\ccQyNAON.s 			page 21


 1003 0026 0B       		.uleb128 0xb
 1004 0027 49       		.uleb128 0x49
 1005 0028 13       		.uleb128 0x13
 1006 0029 00       		.byte	0
 1007 002a 00       		.byte	0
 1008 002b 04       		.uleb128 0x4
 1009 002c 24       		.uleb128 0x24
 1010 002d 00       		.byte	0
 1011 002e 0B       		.uleb128 0xb
 1012 002f 0B       		.uleb128 0xb
 1013 0030 3E       		.uleb128 0x3e
 1014 0031 0B       		.uleb128 0xb
 1015 0032 03       		.uleb128 0x3
 1016 0033 08       		.uleb128 0x8
 1017 0034 00       		.byte	0
 1018 0035 00       		.byte	0
 1019 0036 05       		.uleb128 0x5
 1020 0037 35       		.uleb128 0x35
 1021 0038 00       		.byte	0
 1022 0039 49       		.uleb128 0x49
 1023 003a 13       		.uleb128 0x13
 1024 003b 00       		.byte	0
 1025 003c 00       		.byte	0
 1026 003d 06       		.uleb128 0x6
 1027 003e 13       		.uleb128 0x13
 1028 003f 01       		.byte	0x1
 1029 0040 0B       		.uleb128 0xb
 1030 0041 0B       		.uleb128 0xb
 1031 0042 3A       		.uleb128 0x3a
 1032 0043 0B       		.uleb128 0xb
 1033 0044 3B       		.uleb128 0x3b
 1034 0045 0B       		.uleb128 0xb
 1035 0046 01       		.uleb128 0x1
 1036 0047 13       		.uleb128 0x13
 1037 0048 00       		.byte	0
 1038 0049 00       		.byte	0
 1039 004a 07       		.uleb128 0x7
 1040 004b 0D       		.uleb128 0xd
 1041 004c 00       		.byte	0
 1042 004d 03       		.uleb128 0x3
 1043 004e 0E       		.uleb128 0xe
 1044 004f 3A       		.uleb128 0x3a
 1045 0050 0B       		.uleb128 0xb
 1046 0051 3B       		.uleb128 0x3b
 1047 0052 0B       		.uleb128 0xb
 1048 0053 49       		.uleb128 0x49
 1049 0054 13       		.uleb128 0x13
 1050 0055 38       		.uleb128 0x38
 1051 0056 0B       		.uleb128 0xb
 1052 0057 00       		.byte	0
 1053 0058 00       		.byte	0
 1054 0059 08       		.uleb128 0x8
 1055 005a 0F       		.uleb128 0xf
 1056 005b 00       		.byte	0
 1057 005c 0B       		.uleb128 0xb
 1058 005d 0B       		.uleb128 0xb
 1059 005e 00       		.byte	0
ARM GAS  C:\Users\dmr85\AppData\Local\Temp\ccQyNAON.s 			page 22


 1060 005f 00       		.byte	0
 1061 0060 09       		.uleb128 0x9
 1062 0061 0F       		.uleb128 0xf
 1063 0062 00       		.byte	0
 1064 0063 0B       		.uleb128 0xb
 1065 0064 0B       		.uleb128 0xb
 1066 0065 49       		.uleb128 0x49
 1067 0066 13       		.uleb128 0x13
 1068 0067 00       		.byte	0
 1069 0068 00       		.byte	0
 1070 0069 0A       		.uleb128 0xa
 1071 006a 15       		.uleb128 0x15
 1072 006b 01       		.byte	0x1
 1073 006c 27       		.uleb128 0x27
 1074 006d 19       		.uleb128 0x19
 1075 006e 01       		.uleb128 0x1
 1076 006f 13       		.uleb128 0x13
 1077 0070 00       		.byte	0
 1078 0071 00       		.byte	0
 1079 0072 0B       		.uleb128 0xb
 1080 0073 05       		.uleb128 0x5
 1081 0074 00       		.byte	0
 1082 0075 49       		.uleb128 0x49
 1083 0076 13       		.uleb128 0x13
 1084 0077 00       		.byte	0
 1085 0078 00       		.byte	0
 1086 0079 0C       		.uleb128 0xc
 1087 007a 16       		.uleb128 0x16
 1088 007b 00       		.byte	0
 1089 007c 03       		.uleb128 0x3
 1090 007d 0E       		.uleb128 0xe
 1091 007e 3A       		.uleb128 0x3a
 1092 007f 0B       		.uleb128 0xb
 1093 0080 3B       		.uleb128 0x3b
 1094 0081 05       		.uleb128 0x5
 1095 0082 49       		.uleb128 0x49
 1096 0083 13       		.uleb128 0x13
 1097 0084 00       		.byte	0
 1098 0085 00       		.byte	0
 1099 0086 0D       		.uleb128 0xd
 1100 0087 13       		.uleb128 0x13
 1101 0088 01       		.byte	0x1
 1102 0089 03       		.uleb128 0x3
 1103 008a 0E       		.uleb128 0xe
 1104 008b 0B       		.uleb128 0xb
 1105 008c 0B       		.uleb128 0xb
 1106 008d 3A       		.uleb128 0x3a
 1107 008e 0B       		.uleb128 0xb
 1108 008f 3B       		.uleb128 0x3b
 1109 0090 05       		.uleb128 0x5
 1110 0091 01       		.uleb128 0x1
 1111 0092 13       		.uleb128 0x13
 1112 0093 00       		.byte	0
 1113 0094 00       		.byte	0
 1114 0095 0E       		.uleb128 0xe
 1115 0096 0D       		.uleb128 0xd
 1116 0097 00       		.byte	0
ARM GAS  C:\Users\dmr85\AppData\Local\Temp\ccQyNAON.s 			page 23


 1117 0098 03       		.uleb128 0x3
 1118 0099 0E       		.uleb128 0xe
 1119 009a 3A       		.uleb128 0x3a
 1120 009b 0B       		.uleb128 0xb
 1121 009c 3B       		.uleb128 0x3b
 1122 009d 05       		.uleb128 0x5
 1123 009e 49       		.uleb128 0x49
 1124 009f 13       		.uleb128 0x13
 1125 00a0 38       		.uleb128 0x38
 1126 00a1 0B       		.uleb128 0xb
 1127 00a2 00       		.byte	0
 1128 00a3 00       		.byte	0
 1129 00a4 0F       		.uleb128 0xf
 1130 00a5 2E       		.uleb128 0x2e
 1131 00a6 00       		.byte	0
 1132 00a7 03       		.uleb128 0x3
 1133 00a8 0E       		.uleb128 0xe
 1134 00a9 3A       		.uleb128 0x3a
 1135 00aa 0B       		.uleb128 0xb
 1136 00ab 3B       		.uleb128 0x3b
 1137 00ac 0B       		.uleb128 0xb
 1138 00ad 27       		.uleb128 0x27
 1139 00ae 19       		.uleb128 0x19
 1140 00af 20       		.uleb128 0x20
 1141 00b0 0B       		.uleb128 0xb
 1142 00b1 00       		.byte	0
 1143 00b2 00       		.byte	0
 1144 00b3 10       		.uleb128 0x10
 1145 00b4 2E       		.uleb128 0x2e
 1146 00b5 01       		.byte	0x1
 1147 00b6 3F       		.uleb128 0x3f
 1148 00b7 19       		.uleb128 0x19
 1149 00b8 03       		.uleb128 0x3
 1150 00b9 0E       		.uleb128 0xe
 1151 00ba 3A       		.uleb128 0x3a
 1152 00bb 0B       		.uleb128 0xb
 1153 00bc 3B       		.uleb128 0x3b
 1154 00bd 0B       		.uleb128 0xb
 1155 00be 27       		.uleb128 0x27
 1156 00bf 19       		.uleb128 0x19
 1157 00c0 49       		.uleb128 0x49
 1158 00c1 13       		.uleb128 0x13
 1159 00c2 8701     		.uleb128 0x87
 1160 00c4 19       		.uleb128 0x19
 1161 00c5 11       		.uleb128 0x11
 1162 00c6 01       		.uleb128 0x1
 1163 00c7 12       		.uleb128 0x12
 1164 00c8 06       		.uleb128 0x6
 1165 00c9 40       		.uleb128 0x40
 1166 00ca 18       		.uleb128 0x18
 1167 00cb 9742     		.uleb128 0x2117
 1168 00cd 19       		.uleb128 0x19
 1169 00ce 01       		.uleb128 0x1
 1170 00cf 13       		.uleb128 0x13
 1171 00d0 00       		.byte	0
 1172 00d1 00       		.byte	0
 1173 00d2 11       		.uleb128 0x11
ARM GAS  C:\Users\dmr85\AppData\Local\Temp\ccQyNAON.s 			page 24


 1174 00d3 34       		.uleb128 0x34
 1175 00d4 00       		.byte	0
 1176 00d5 03       		.uleb128 0x3
 1177 00d6 08       		.uleb128 0x8
 1178 00d7 3A       		.uleb128 0x3a
 1179 00d8 0B       		.uleb128 0xb
 1180 00d9 3B       		.uleb128 0x3b
 1181 00da 0B       		.uleb128 0xb
 1182 00db 49       		.uleb128 0x49
 1183 00dc 13       		.uleb128 0x13
 1184 00dd 00       		.byte	0
 1185 00de 00       		.byte	0
 1186 00df 12       		.uleb128 0x12
 1187 00e0 1D       		.uleb128 0x1d
 1188 00e1 00       		.byte	0
 1189 00e2 31       		.uleb128 0x31
 1190 00e3 13       		.uleb128 0x13
 1191 00e4 11       		.uleb128 0x11
 1192 00e5 01       		.uleb128 0x1
 1193 00e6 12       		.uleb128 0x12
 1194 00e7 06       		.uleb128 0x6
 1195 00e8 58       		.uleb128 0x58
 1196 00e9 0B       		.uleb128 0xb
 1197 00ea 59       		.uleb128 0x59
 1198 00eb 0B       		.uleb128 0xb
 1199 00ec 00       		.byte	0
 1200 00ed 00       		.byte	0
 1201 00ee 13       		.uleb128 0x13
 1202 00ef 898201   		.uleb128 0x4109
 1203 00f2 01       		.byte	0x1
 1204 00f3 11       		.uleb128 0x11
 1205 00f4 01       		.uleb128 0x1
 1206 00f5 31       		.uleb128 0x31
 1207 00f6 13       		.uleb128 0x13
 1208 00f7 00       		.byte	0
 1209 00f8 00       		.byte	0
 1210 00f9 14       		.uleb128 0x14
 1211 00fa 8A8201   		.uleb128 0x410a
 1212 00fd 00       		.byte	0
 1213 00fe 02       		.uleb128 0x2
 1214 00ff 18       		.uleb128 0x18
 1215 0100 9142     		.uleb128 0x2111
 1216 0102 18       		.uleb128 0x18
 1217 0103 00       		.byte	0
 1218 0104 00       		.byte	0
 1219 0105 15       		.uleb128 0x15
 1220 0106 34       		.uleb128 0x34
 1221 0107 00       		.byte	0
 1222 0108 03       		.uleb128 0x3
 1223 0109 0E       		.uleb128 0xe
 1224 010a 3A       		.uleb128 0x3a
 1225 010b 0B       		.uleb128 0xb
 1226 010c 3B       		.uleb128 0x3b
 1227 010d 0B       		.uleb128 0xb
 1228 010e 49       		.uleb128 0x49
 1229 010f 13       		.uleb128 0x13
 1230 0110 3F       		.uleb128 0x3f
ARM GAS  C:\Users\dmr85\AppData\Local\Temp\ccQyNAON.s 			page 25


 1231 0111 19       		.uleb128 0x19
 1232 0112 3C       		.uleb128 0x3c
 1233 0113 19       		.uleb128 0x19
 1234 0114 00       		.byte	0
 1235 0115 00       		.byte	0
 1236 0116 16       		.uleb128 0x16
 1237 0117 26       		.uleb128 0x26
 1238 0118 00       		.byte	0
 1239 0119 49       		.uleb128 0x49
 1240 011a 13       		.uleb128 0x13
 1241 011b 00       		.byte	0
 1242 011c 00       		.byte	0
 1243 011d 17       		.uleb128 0x17
 1244 011e 2E       		.uleb128 0x2e
 1245 011f 00       		.byte	0
 1246 0120 3F       		.uleb128 0x3f
 1247 0121 19       		.uleb128 0x19
 1248 0122 3C       		.uleb128 0x3c
 1249 0123 19       		.uleb128 0x19
 1250 0124 6E       		.uleb128 0x6e
 1251 0125 0E       		.uleb128 0xe
 1252 0126 03       		.uleb128 0x3
 1253 0127 0E       		.uleb128 0xe
 1254 0128 3A       		.uleb128 0x3a
 1255 0129 0B       		.uleb128 0xb
 1256 012a 3B       		.uleb128 0x3b
 1257 012b 05       		.uleb128 0x5
 1258 012c 00       		.byte	0
 1259 012d 00       		.byte	0
 1260 012e 00       		.byte	0
 1261              		.section	.debug_aranges,"",%progbits
 1262 0000 1C000000 		.4byte	0x1c
 1263 0004 0200     		.2byte	0x2
 1264 0006 00000000 		.4byte	.Ldebug_info0
 1265 000a 04       		.byte	0x4
 1266 000b 00       		.byte	0
 1267 000c 0000     		.2byte	0
 1268 000e 0000     		.2byte	0
 1269 0010 00000000 		.4byte	.LFB433
 1270 0014 10000000 		.4byte	.LFE433-.LFB433
 1271 0018 00000000 		.4byte	0
 1272 001c 00000000 		.4byte	0
 1273              		.section	.debug_ranges,"",%progbits
 1274              	.Ldebug_ranges0:
 1275 0000 00000000 		.4byte	.LFB433
 1276 0004 10000000 		.4byte	.LFE433
 1277 0008 00000000 		.4byte	0
 1278 000c 00000000 		.4byte	0
 1279              		.section	.debug_line,"",%progbits
 1280              	.Ldebug_line0:
 1281 0000 4B020000 		.section	.debug_str,"MS",%progbits,1
 1281      02002C02 
 1281      00000201 
 1281      FB0E0D00 
 1281      01010101 
 1282              	.LASF54:
 1283 0000 70726F74 		.ascii	"protBusMasterMask\000"
ARM GAS  C:\Users\dmr85\AppData\Local\Temp\ccQyNAON.s 			page 26


 1283      4275734D 
 1283      61737465 
 1283      724D6173 
 1283      6B00
 1284              	.LASF133:
 1285 0012 5350495F 		.ascii	"SPI_context\000"
 1285      636F6E74 
 1285      65787400 
 1286              	.LASF113:
 1287 001e 72784275 		.ascii	"rxBufSize\000"
 1287      6653697A 
 1287      6500
 1288              	.LASF64:
 1289 0028 666C6173 		.ascii	"flashCtlMainWs3Freq\000"
 1289      6843746C 
 1289      4D61696E 
 1289      57733346 
 1289      72657100 
 1290              	.LASF86:
 1291 003c 6770696F 		.ascii	"gpioPrtCfgInOffset\000"
 1291      50727443 
 1291      6667496E 
 1291      4F666673 
 1291      657400
 1292              	.LASF104:
 1293 004f 6970634C 		.ascii	"ipcLockStatusOffset\000"
 1293      6F636B53 
 1293      74617475 
 1293      734F6666 
 1293      73657400 
 1294              	.LASF30:
 1295 0063 63727970 		.ascii	"cryptoVersion\000"
 1295      746F5665 
 1295      7273696F 
 1295      6E00
 1296              	.LASF48:
 1297 0071 70657269 		.ascii	"periClockNr\000"
 1297      436C6F63 
 1297      6B4E7200 
 1298              	.LASF26:
 1299 007d 70617373 		.ascii	"passBase\000"
 1299      42617365 
 1299      00
 1300              	.LASF136:
 1301 0086 6D61696E 		.ascii	"main_cm0p.c\000"
 1301      5F636D30 
 1301      702E6300 
 1302              	.LASF39:
 1303 0092 63707573 		.ascii	"cpussIpcIrqNr\000"
 1303      73497063 
 1303      4972714E 
 1303      7200
 1304              	.LASF3:
 1305 00a0 5F5F7569 		.ascii	"__uint8_t\000"
 1305      6E74385F 
 1305      7400
 1306              	.LASF83:
ARM GAS  C:\Users\dmr85\AppData\Local\Temp\ccQyNAON.s 			page 27


 1307 00aa 70657269 		.ascii	"periDiv24_5CtlOffset\000"
 1307      44697632 
 1307      345F3543 
 1307      746C4F66 
 1307      66736574 
 1308              	.LASF90:
 1309 00bf 63707573 		.ascii	"cpussCm4ClockCtlOffset\000"
 1309      73436D34 
 1309      436C6F63 
 1309      6B43746C 
 1309      4F666673 
 1310              	.LASF19:
 1311 00d6 63707573 		.ascii	"cpussBase\000"
 1311      73426173 
 1311      6500
 1312              	.LASF68:
 1313 00e0 64774368 		.ascii	"dwChCtlPrioPos\000"
 1313      43746C50 
 1313      72696F50 
 1313      6F7300
 1314              	.LASF11:
 1315 00ef 6C6F6E67 		.ascii	"long long unsigned int\000"
 1315      206C6F6E 
 1315      6720756E 
 1315      7369676E 
 1315      65642069 
 1316              	.LASF72:
 1317 0106 70657269 		.ascii	"periTrCmdOffset\000"
 1317      5472436D 
 1317      644F6666 
 1317      73657400 
 1318              	.LASF126:
 1319 0116 72785269 		.ascii	"rxRingBuf\000"
 1319      6E674275 
 1319      6600
 1320              	.LASF96:
 1321 0120 63707573 		.ascii	"cpussSysTickCtlOffset\000"
 1321      73537973 
 1321      5469636B 
 1321      43746C4F 
 1321      66667365 
 1322              	.LASF115:
 1323 0136 74784275 		.ascii	"txBuf\000"
 1323      6600
 1324              	.LASF57:
 1325 013c 666C6173 		.ascii	"flashPipeRequired\000"
 1325      68506970 
 1325      65526571 
 1325      75697265 
 1325      6400
 1326              	.LASF61:
 1327 014e 666C6173 		.ascii	"flashCtlMainWs0Freq\000"
 1327      6843746C 
 1327      4D61696E 
 1327      57733046 
 1327      72657100 
 1328              	.LASF14:
ARM GAS  C:\Users\dmr85\AppData\Local\Temp\ccQyNAON.s 			page 28


 1329 0162 696E7431 		.ascii	"int16_t\000"
 1329      365F7400 
 1330              	.LASF10:
 1331 016a 6C6F6E67 		.ascii	"long long int\000"
 1331      206C6F6E 
 1331      6720696E 
 1331      7400
 1332              	.LASF2:
 1333 0178 7369676E 		.ascii	"signed char\000"
 1333      65642063 
 1333      68617200 
 1334              	.LASF122:
 1335 0184 63795F73 		.ascii	"cy_stc_scb_spi_context\000"
 1335      74635F73 
 1335      63625F73 
 1335      70695F63 
 1335      6F6E7465 
 1336              	.LASF77:
 1337 019b 70657269 		.ascii	"periDivCmdTypeSelPos\000"
 1337      44697643 
 1337      6D645479 
 1337      70655365 
 1337      6C506F73 
 1338              	.LASF23:
 1339 01b0 70726F74 		.ascii	"protBase\000"
 1339      42617365 
 1339      00
 1340              	.LASF35:
 1341 01b9 69706356 		.ascii	"ipcVersion\000"
 1341      65727369 
 1341      6F6E00
 1342              	.LASF97:
 1343 01c4 63707573 		.ascii	"cpussCm0NmiCtlOffset\000"
 1343      73436D30 
 1343      4E6D6943 
 1343      746C4F66 
 1343      66736574 
 1344              	.LASF110:
 1345 01d9 63795F63 		.ascii	"cy_cb_scb_spi_handle_events_t\000"
 1345      625F7363 
 1345      625F7370 
 1345      695F6861 
 1345      6E646C65 
 1346              	.LASF45:
 1347 01f7 73727373 		.ascii	"srssNumClkpath\000"
 1347      4E756D43 
 1347      6C6B7061 
 1347      746800
 1348              	.LASF24:
 1349 0206 6873696F 		.ascii	"hsiomBase\000"
 1349      6D426173 
 1349      6500
 1350              	.LASF7:
 1351 0210 6C6F6E67 		.ascii	"long int\000"
 1351      20696E74 
 1351      00
 1352              	.LASF55:
ARM GAS  C:\Users\dmr85\AppData\Local\Temp\ccQyNAON.s 			page 29


 1353 0219 63727970 		.ascii	"cryptoMemSize\000"
 1353      746F4D65 
 1353      6D53697A 
 1353      6500
 1354              	.LASF21:
 1355 0227 70657269 		.ascii	"periBase\000"
 1355      42617365 
 1355      00
 1356              	.LASF53:
 1357 0230 73797350 		.ascii	"sysPmSimoPresent\000"
 1357      6D53696D 
 1357      6F507265 
 1357      73656E74 
 1357      00
 1358              	.LASF43:
 1359 0241 63707573 		.ascii	"cpussFmIrq\000"
 1359      73466D49 
 1359      727100
 1360              	.LASF108:
 1361 024c 646F7562 		.ascii	"double\000"
 1361      6C6500
 1362              	.LASF82:
 1363 0253 70657269 		.ascii	"periDiv16_5CtlOffset\000"
 1363      44697631 
 1363      365F3543 
 1363      746C4F66 
 1363      66736574 
 1364              	.LASF46:
 1365 0268 73727373 		.ascii	"srssNumPll\000"
 1365      4E756D50 
 1365      6C6C00
 1366              	.LASF139:
 1367 0273 6D61696E 		.ascii	"main\000"
 1367      00
 1368              	.LASF80:
 1369 0278 70657269 		.ascii	"periDiv8CtlOffset\000"
 1369      44697638 
 1369      43746C4F 
 1369      66667365 
 1369      7400
 1370              	.LASF87:
 1371 028a 6770696F 		.ascii	"gpioPrtCfgOutOffset\000"
 1371      50727443 
 1371      66674F75 
 1371      744F6666 
 1371      73657400 
 1372              	.LASF20:
 1373 029e 666C6173 		.ascii	"flashcBase\000"
 1373      68634261 
 1373      736500
 1374              	.LASF8:
 1375 02a9 5F5F7569 		.ascii	"__uint32_t\000"
 1375      6E743332 
 1375      5F7400
 1376              	.LASF50:
 1377 02b4 70617373 		.ascii	"passSarChannels\000"
 1377      53617243 
ARM GAS  C:\Users\dmr85\AppData\Local\Temp\ccQyNAON.s 			page 30


 1377      68616E6E 
 1377      656C7300 
 1378              	.LASF4:
 1379 02c4 5F5F696E 		.ascii	"__int16_t\000"
 1379      7431365F 
 1379      7400
 1380              	.LASF114:
 1381 02ce 72784275 		.ascii	"rxBufIdx\000"
 1381      66496478 
 1381      00
 1382              	.LASF93:
 1383 02d7 63707573 		.ascii	"cpussCm4PwrCtlOffset\000"
 1383      73436D34 
 1383      50777243 
 1383      746C4F66 
 1383      66736574 
 1384              	.LASF116:
 1385 02ec 74784275 		.ascii	"txBufSize\000"
 1385      6653697A 
 1385      6500
 1386              	.LASF88:
 1387 02f6 6770696F 		.ascii	"gpioPrtCfgSioOffset\000"
 1387      50727443 
 1387      66675369 
 1387      6F4F6666 
 1387      73657400 
 1388              	.LASF40:
 1389 030a 63707573 		.ascii	"cpussDwChNr\000"
 1389      73447743 
 1389      684E7200 
 1390              	.LASF12:
 1391 0316 756E7369 		.ascii	"unsigned int\000"
 1391      676E6564 
 1391      20696E74 
 1391      00
 1392              	.LASF15:
 1393 0323 75696E74 		.ascii	"uint16_t\000"
 1393      31365F74 
 1393      00
 1394              	.LASF73:
 1395 032c 70657269 		.ascii	"periTrCmdGrSelMsk\000"
 1395      5472436D 
 1395      64477253 
 1395      656C4D73 
 1395      6B00
 1396              	.LASF62:
 1397 033e 666C6173 		.ascii	"flashCtlMainWs1Freq\000"
 1397      6843746C 
 1397      4D61696E 
 1397      57733146 
 1397      72657100 
 1398              	.LASF9:
 1399 0352 6C6F6E67 		.ascii	"long unsigned int\000"
 1399      20756E73 
 1399      69676E65 
 1399      6420696E 
 1399      7400
ARM GAS  C:\Users\dmr85\AppData\Local\Temp\ccQyNAON.s 			page 31


 1400              	.LASF121:
 1401 0364 63795F63 		.ascii	"cy_cb_scb_uart_handle_events_t\000"
 1401      625F7363 
 1401      625F7561 
 1401      72745F68 
 1401      616E646C 
 1402              	.LASF134:
 1403 0383 55415254 		.ascii	"UART_context\000"
 1403      5F636F6E 
 1403      74657874 
 1403      00
 1404              	.LASF38:
 1405 0390 63707573 		.ascii	"cpussIpcNr\000"
 1405      73497063 
 1405      4E7200
 1406              	.LASF137:
 1407 039b 433A5C55 		.ascii	"C:\\Users\\dmr85\\Documents\\PSoC Creator\\EEG\\EEG"
 1407      73657273 
 1407      5C646D72 
 1407      38355C44 
 1407      6F63756D 
 1408 03c8 6669726D 		.ascii	"firmware\\src\\Sleep Quality Monitor.cydsn\000"
 1408      77617265 
 1408      5C737263 
 1408      5C536C65 
 1408      65702051 
 1409              	.LASF25:
 1410 03f1 6770696F 		.ascii	"gpioBase\000"
 1410      42617365 
 1410      00
 1411              	.LASF63:
 1412 03fa 666C6173 		.ascii	"flashCtlMainWs2Freq\000"
 1412      6843746C 
 1412      4D61696E 
 1412      57733246 
 1412      72657100 
 1413              	.LASF74:
 1414 040e 70657269 		.ascii	"periTrGrOffset\000"
 1414      54724772 
 1414      4F666673 
 1414      657400
 1415              	.LASF101:
 1416 041d 63707573 		.ascii	"cpussRam1Ctl0\000"
 1416      7352616D 
 1416      3143746C 
 1416      3000
 1417              	.LASF118:
 1418 042b 63624576 		.ascii	"cbEvents\000"
 1418      656E7473 
 1418      00
 1419              	.LASF75:
 1420 0434 70657269 		.ascii	"periTrGrSize\000"
 1420      54724772 
 1420      53697A65 
 1420      00
 1421              	.LASF140:
 1422 0441 43795F53 		.ascii	"Cy_SysEnableCM4\000"
ARM GAS  C:\Users\dmr85\AppData\Local\Temp\ccQyNAON.s 			page 32


 1422      7973456E 
 1422      61626C65 
 1422      434D3400 
 1423              	.LASF33:
 1424 0451 6770696F 		.ascii	"gpioVersion\000"
 1424      56657273 
 1424      696F6E00 
 1425              	.LASF105:
 1426 045d 63795F73 		.ascii	"cy_stc_device_t\000"
 1426      74635F64 
 1426      65766963 
 1426      655F7400 
 1427              	.LASF120:
 1428 046d 63795F73 		.ascii	"cy_stc_scb_spi_context_t\000"
 1428      74635F73 
 1428      63625F73 
 1428      70695F63 
 1428      6F6E7465 
 1429              	.LASF51:
 1430 0486 65704D6F 		.ascii	"epMonitorNr\000"
 1430      6E69746F 
 1430      724E7200 
 1431              	.LASF128:
 1432 0492 72785269 		.ascii	"rxRingBufHead\000"
 1432      6E674275 
 1432      66486561 
 1432      6400
 1433              	.LASF94:
 1434 04a0 63707573 		.ascii	"cpussTrimRamCtlOffset\000"
 1434      73547269 
 1434      6D52616D 
 1434      43746C4F 
 1434      66667365 
 1435              	.LASF89:
 1436 04b6 63707573 		.ascii	"cpussCm0ClockCtlOffset\000"
 1436      73436D30 
 1436      436C6F63 
 1436      6B43746C 
 1436      4F666673 
 1437              	.LASF29:
 1438 04cd 63707573 		.ascii	"cpussVersion\000"
 1438      73566572 
 1438      73696F6E 
 1438      00
 1439              	.LASF36:
 1440 04da 70657269 		.ascii	"periVersion\000"
 1440      56657273 
 1440      696F6E00 
 1441              	.LASF92:
 1442 04e6 63707573 		.ascii	"cpussCm0StatusOffset\000"
 1442      73436D30 
 1442      53746174 
 1442      75734F66 
 1442      66736574 
 1443              	.LASF17:
 1444 04fb 73697A65 		.ascii	"sizetype\000"
 1444      74797065 
ARM GAS  C:\Users\dmr85\AppData\Local\Temp\ccQyNAON.s 			page 33


 1444      00
 1445              	.LASF66:
 1446 0504 64774368 		.ascii	"dwChOffset\000"
 1446      4F666673 
 1446      657400
 1447              	.LASF41:
 1448 050f 63707573 		.ascii	"cpussFlashPaSize\000"
 1448      73466C61 
 1448      73685061 
 1448      53697A65 
 1448      00
 1449              	.LASF79:
 1450 0520 70657269 		.ascii	"periDivCmdPaTypeSelPos\000"
 1450      44697643 
 1450      6D645061 
 1450      54797065 
 1450      53656C50 
 1451              	.LASF102:
 1452 0537 63707573 		.ascii	"cpussRam2Ctl0\000"
 1452      7352616D 
 1452      3243746C 
 1452      3000
 1453              	.LASF70:
 1454 0545 64775374 		.ascii	"dwStatusChIdxPos\000"
 1454      61747573 
 1454      43684964 
 1454      78506F73 
 1454      00
 1455              	.LASF52:
 1456 0556 75646250 		.ascii	"udbPresent\000"
 1456      72657365 
 1456      6E7400
 1457              	.LASF125:
 1458 0561 72785374 		.ascii	"rxStatus\000"
 1458      61747573 
 1458      00
 1459              	.LASF32:
 1460 056a 666C6173 		.ascii	"flashcVersion\000"
 1460      68635665 
 1460      7273696F 
 1460      6E00
 1461              	.LASF28:
 1462 0578 63727970 		.ascii	"cryptoBase\000"
 1462      746F4261 
 1462      736500
 1463              	.LASF49:
 1464 0583 736D6966 		.ascii	"smifDeviceNr\000"
 1464      44657669 
 1464      63654E72 
 1464      00
 1465              	.LASF138:
 1466 0590 5F5F656E 		.ascii	"__enable_irq\000"
 1466      61626C65 
 1466      5F697271 
 1466      00
 1467              	.LASF107:
 1468 059d 666C6F61 		.ascii	"float\000"
ARM GAS  C:\Users\dmr85\AppData\Local\Temp\ccQyNAON.s 			page 34


 1468      7400
 1469              	.LASF71:
 1470 05a3 64775374 		.ascii	"dwStatusChIdxMsk\000"
 1470      61747573 
 1470      43684964 
 1470      784D736B 
 1470      00
 1471              	.LASF132:
 1472 05b4 63795F64 		.ascii	"cy_device\000"
 1472      65766963 
 1472      6500
 1473              	.LASF99:
 1474 05be 63707573 		.ascii	"cpussRomCtl\000"
 1474      73526F6D 
 1474      43746C00 
 1475              	.LASF69:
 1476 05ca 64774368 		.ascii	"dwChCtlPreemptablePos\000"
 1476      43746C50 
 1476      7265656D 
 1476      70746162 
 1476      6C65506F 
 1477              	.LASF130:
 1478 05e0 74784C65 		.ascii	"txLeftToTransmit\000"
 1478      6674546F 
 1478      5472616E 
 1478      736D6974 
 1478      00
 1479              	.LASF22:
 1480 05f1 75646242 		.ascii	"udbBase\000"
 1480      61736500 
 1481              	.LASF109:
 1482 05f9 5F426F6F 		.ascii	"_Bool\000"
 1482      6C00
 1483              	.LASF1:
 1484 05ff 756E7369 		.ascii	"unsigned char\000"
 1484      676E6564 
 1484      20636861 
 1484      7200
 1485              	.LASF65:
 1486 060d 666C6173 		.ascii	"flashCtlMainWs4Freq\000"
 1486      6843746C 
 1486      4D61696E 
 1486      57733446 
 1486      72657100 
 1487              	.LASF0:
 1488 0621 73686F72 		.ascii	"short int\000"
 1488      7420696E 
 1488      7400
 1489              	.LASF76:
 1490 062b 70657269 		.ascii	"periDivCmdDivSelMsk\000"
 1490      44697643 
 1490      6D644469 
 1490      7653656C 
 1490      4D736B00 
 1491              	.LASF47:
 1492 063f 73727373 		.ascii	"srssNumHfroot\000"
 1492      4E756D48 
ARM GAS  C:\Users\dmr85\AppData\Local\Temp\ccQyNAON.s 			page 35


 1492      66726F6F 
 1492      7400
 1493              	.LASF60:
 1494 064d 666C6173 		.ascii	"flashEraseDelay\000"
 1494      68457261 
 1494      73654465 
 1494      6C617900 
 1495              	.LASF16:
 1496 065d 75696E74 		.ascii	"uint32_t\000"
 1496      33325F74 
 1496      00
 1497              	.LASF98:
 1498 0666 63707573 		.ascii	"cpussCm4NmiCtlOffset\000"
 1498      73436D34 
 1498      4E6D6943 
 1498      746C4F66 
 1498      66736574 
 1499              	.LASF135:
 1500 067b 474E5520 		.ascii	"GNU C11 5.4.1 20160609 (release) [ARM/embedded-5-br"
 1500      43313120 
 1500      352E342E 
 1500      31203230 
 1500      31363036 
 1501 06ae 616E6368 		.ascii	"anch revision 237715] -mcpu=cortex-m0plus -mthumb -"
 1501      20726576 
 1501      6973696F 
 1501      6E203233 
 1501      37373135 
 1502 06e1 67202D4F 		.ascii	"g -Og -ffunction-sections -ffat-lto-objects\000"
 1502      67202D66 
 1502      66756E63 
 1502      74696F6E 
 1502      2D736563 
 1503              	.LASF18:
 1504 070d 6C6F6E67 		.ascii	"long double\000"
 1504      20646F75 
 1504      626C6500 
 1505              	.LASF106:
 1506 0719 63686172 		.ascii	"char\000"
 1506      00
 1507              	.LASF37:
 1508 071e 70726F74 		.ascii	"protVersion\000"
 1508      56657273 
 1508      696F6E00 
 1509              	.LASF100:
 1510 072a 63707573 		.ascii	"cpussRam0Ctl0\000"
 1510      7352616D 
 1510      3043746C 
 1510      3000
 1511              	.LASF5:
 1512 0738 5F5F7569 		.ascii	"__uint16_t\000"
 1512      6E743136 
 1512      5F7400
 1513              	.LASF81:
 1514 0743 70657269 		.ascii	"periDiv16CtlOffset\000"
 1514      44697631 
 1514      3643746C 
ARM GAS  C:\Users\dmr85\AppData\Local\Temp\ccQyNAON.s 			page 36


 1514      4F666673 
 1514      657400
 1515              	.LASF34:
 1516 0756 6873696F 		.ascii	"hsiomVersion\000"
 1516      6D566572 
 1516      73696F6E 
 1516      00
 1517              	.LASF59:
 1518 0763 666C6173 		.ascii	"flashProgramDelay\000"
 1518      6850726F 
 1518      6772616D 
 1518      44656C61 
 1518      7900
 1519              	.LASF127:
 1520 0775 72785269 		.ascii	"rxRingBufSize\000"
 1520      6E674275 
 1520      6653697A 
 1520      6500
 1521              	.LASF6:
 1522 0783 73686F72 		.ascii	"short unsigned int\000"
 1522      7420756E 
 1522      7369676E 
 1522      65642069 
 1522      6E7400
 1523              	.LASF67:
 1524 0796 64774368 		.ascii	"dwChSize\000"
 1524      53697A65 
 1524      00
 1525              	.LASF103:
 1526 079f 69706353 		.ascii	"ipcStructSize\000"
 1526      74727563 
 1526      7453697A 
 1526      6500
 1527              	.LASF42:
 1528 07ad 63707573 		.ascii	"cpussIpc0Irq\000"
 1528      73497063 
 1528      30497271 
 1528      00
 1529              	.LASF85:
 1530 07ba 6770696F 		.ascii	"gpioPrtCfgOffset\000"
 1530      50727443 
 1530      66674F66 
 1530      66736574 
 1530      00
 1531              	.LASF119:
 1532 07cb 696E6974 		.ascii	"initKey\000"
 1532      4B657900 
 1533              	.LASF112:
 1534 07d3 72784275 		.ascii	"rxBuf\000"
 1534      6600
 1535              	.LASF131:
 1536 07d9 63795F73 		.ascii	"cy_stc_scb_uart_context_t\000"
 1536      74635F73 
 1536      63625F75 
 1536      6172745F 
 1536      636F6E74 
 1537              	.LASF111:
ARM GAS  C:\Users\dmr85\AppData\Local\Temp\ccQyNAON.s 			page 37


 1538 07f3 73746174 		.ascii	"status\000"
 1538      757300
 1539              	.LASF44:
 1540 07fa 63707573 		.ascii	"cpussNotConnectedIrq\000"
 1540      734E6F74 
 1540      436F6E6E 
 1540      65637465 
 1540      64497271 
 1541              	.LASF58:
 1542 080f 666C6173 		.ascii	"flashWriteDelay\000"
 1542      68577269 
 1542      74654465 
 1542      6C617900 
 1543              	.LASF13:
 1544 081f 75696E74 		.ascii	"uint8_t\000"
 1544      385F7400 
 1545              	.LASF91:
 1546 0827 63707573 		.ascii	"cpussCm4StatusOffset\000"
 1546      73436D34 
 1546      53746174 
 1546      75734F66 
 1546      66736574 
 1547              	.LASF84:
 1548 083c 6770696F 		.ascii	"gpioPrtIntrCfgOffset\000"
 1548      50727449 
 1548      6E747243 
 1548      66674F66 
 1548      66736574 
 1549              	.LASF129:
 1550 0851 72785269 		.ascii	"rxRingBufTail\000"
 1550      6E674275 
 1550      66546169 
 1550      6C00
 1551              	.LASF95:
 1552 085f 63707573 		.ascii	"cpussTrimRomCtlOffset\000"
 1552      73547269 
 1552      6D526F6D 
 1552      43746C4F 
 1552      66667365 
 1553              	.LASF124:
 1554 0875 74785374 		.ascii	"txStatus\000"
 1554      61747573 
 1554      00
 1555              	.LASF31:
 1556 087e 64775665 		.ascii	"dwVersion\000"
 1556      7273696F 
 1556      6E00
 1557              	.LASF27:
 1558 0888 69706342 		.ascii	"ipcBase\000"
 1558      61736500 
 1559              	.LASF78:
 1560 0890 70657269 		.ascii	"periDivCmdPaDivSelPos\000"
 1560      44697643 
 1560      6D645061 
 1560      44697653 
 1560      656C506F 
 1561              	.LASF123:
ARM GAS  C:\Users\dmr85\AppData\Local\Temp\ccQyNAON.s 			page 38


 1562 08a6 63795F73 		.ascii	"cy_stc_scb_uart_context\000"
 1562      74635F73 
 1562      63625F75 
 1562      6172745F 
 1562      636F6E74 
 1563              	.LASF56:
 1564 08be 666C6173 		.ascii	"flashRwwRequired\000"
 1564      68527777 
 1564      52657175 
 1564      69726564 
 1564      00
 1565              	.LASF117:
 1566 08cf 74784275 		.ascii	"txBufIdx\000"
 1566      66496478 
 1566      00
 1567              		.ident	"GCC: (GNU Tools for ARM Embedded Processors) 5.4.1 20160609 (release) [ARM/embedded-5-bran
